=~=~=~=~=~=~=~=~=~=~=~= PuTTY log 2025.11.24 12:06:54 =~=~=~=~=~=~=~=~=~=~=~=
6, 0.000005, 10, 150
5001098, 236
5003319, 236
5005539, 234
5007758, 234
5009978, 234
5012197, 234
5014417, 234
5016641, 234
5018863, 234
5021084, 234
5023306, 236
5025527, 236
5027749, 238
5029969, 239
5032188, 241
5034407, 243
5036627, 244
5038844, 248
5041065, 251
5043283, 300
5045502, 300
5047721, 301
5049943, 303
5052167, 304
5054387, 307
5056606, 356
5058826, 357
5061046, 358
5063267, 360
5065488, 362
5067707, 411
5069926, 411
5072146, 413
5074367, 415
5076588, 461
5078808, 462
5081027, 463
5083247, 466
5085466, 511
5087685, 512
5089902, 513
5092123, 515
5094343, 562
5096561, 563
5098781, 564
5100999, 600
5103217, 601
5105437, 602
5107657, 638
5109877, 640
5112097, 641
5114315, 676
5116535, 677
5118754, 678
5120973, 712
5123193, 713
5125411, 714
5127631, 743
5129851, 744
5132071, 745
5134294, 778
5136518, 779
5138738, 780
5140957, 814
5143175, 814
5145394, 815
5147618, 847
5149841, 848
5152060, 849
5154279, 879
5156499, 880
5158719, 881
5160941, 910
5163159, 911
5165378, 912
5167598, 940
5169818, 941
5172037, 943
5174257, 971
5176476, 972
5178700, 973
5180923, 1000
5183147, 1001
5185371, 1003
5187592, 1029
5189812, 1030
5192033, 1031
5194252, 1057
5196471, 1058
5198692, 1058
5200911, 1087
5203131, 1087
5205349, 1089
5207568, 1115
5209788, 1115
5212010, 1116
5214235, 1141
5216454, 1141
5218677, 1143
5220897, 1167
5223117, 1168
5225340, 1169
5227564, 1195
5229783, 1195
5232002, 1197
5234220, 1220
5236441, 1221
5238665, 1221
5240885, 1245
5243103, 1246
5245326, 1247
5247549, 1269
5249767, 1270
5251986, 1271
5254206, 1292
5256425, 1292
5258645, 1293
5260864, 1314
5263084, 1315
5265304, 1316
5267522, 1337
5269741, 1337
5271961, 1338
5274181, 1360
5276401, 1361
5278621, 1362
5280843, 1382
5283061, 1382
5285281, 1383
5287501, 1404
5289721, 1404
5291941, 1405
5294160, 1425
5296380, 1425
5298600, 1426
5300823, 1445
5303043, 1446
5305263, 1446
5307482, 1465
5309701, 1465
5311921, 1466
5314144, 1483
5316365, 1484
5318589, 1485
5320810, 1501
5323030, 1502
5325250, 1503
5327473, 1520
5329693, 1520
5331912, 1521
5334130, 1522
5336349, 1542
5338569, 1542
5340792, 1543
5343012, 1544
5345231, 1564
5347451, 1564
5349671, 1565
5351891, 1566
5354114, 1587
5356338, 1587
5358557, 1588
5360776, 1604
5362996, 1604
5365221, 1605
5367446, 1621
5369665, 1622
5371885, 1622
5374105, 1639
5376325, 1639
5378548, 1640
5380773, 1656
5382992, 1657
5385212, 1657
5387431, 1673
5389650, 1674
5391870, 1674
5394089, 1691
5396312, 1692
5398533, 1693
5400754, 1693
5402976, 1713
5405196, 1714
5407414, 1714
5409633, 1730
5411855, 1731
5414079, 1731
5416299, 1747
5418519, 1748
5420738, 1748
5422963, 1765
5425183, 1765
5427404, 1766
5429624, 1781
5431847, 1782
5434069, 1782
5436293, 1798
5438518, 1799
5440740, 1800
5442959, 1817
5445178, 1818
5447397, 1819
5449617, 1835
5451837, 1835
5454057, 1836
5456276, 1852
5458495, 1853
5460716, 1853
5462935, 1854
5465155, 1872
5467372, 1872
5469591, 1872
5471810, 1889
5474030, 1889
5476252, 1890
5478476, 1906
5480696, 1907
5482914, 1907
5485133, 1922
5487353, 1922
5489572, 1923
5491792, 1939
5494012, 1939
5496231, 1940
5498450, 1954
5500670, 1954
5502890, 1955
5505109, 1969
5507328, 1969
5509547, 1970
5511767, 1984
5513990, 1984
5516215, 1985
5518435, 1999
5520654, 1999
5522877, 2000
5525101, 2015
5527322, 2015
5529543, 2016
5531762, 2030
5533980, 2030
5536200, 2031
5538420, 2046
5540639, 2046
5542859, 2047
5545078, 2061
5547297, 2062
5549517, 2062
5551736, 2077
5553956, 2078
5556177, 2078
5558399, 2079
5560619, 2096
5562838, 2097
5565058, 2097
5567278, 2098
5569499, 2112
5571722, 2113
5573947, 2113
5576167, 2114
5578387, 2129
5580607, 2130
5582827, 2130
5585046, 2131
5587266, 2147
5589484, 2147
5591704, 2148
5593924, 2149
5596143, 2164
5598363, 2164
5600582, 2165
5602801, 2165
5605021, 2179
5607241, 2179
5609460, 2180
5611681, 2181
5613900, 2195
5616120, 2195
5618344, 2196
5620566, 2197
5622791, 2210
5625013, 2211
5627234, 2211
5629459, 2212
5631679, 2227
5633902, 2228
5636126, 2228
5638346, 2229
5640565, 2245
5642784, 2245
5645010, 2246
5647233, 2246
5649453, 2261
5651672, 2261
5653893, 2262
5656113, 2262
5658332, 2275
5660551, 2275
5662773, 2276
5664997, 2276
5667216, 2288
5669436, 2288
5671658, 2289
5673881, 2290
5676101, 2302
5678321, 2302
5680541, 2303
5682761, 2304
5684980, 2317
5687199, 2317
5689423, 2317
5691640, 2318
5693860, 2330
5696080, 2331
5698299, 2331
5700519, 2332
5702738, 2343
5704962, 2344
5707181, 2344
5709401, 2345
5711626, 2357
5713848, 2358
5716068, 2358
5718289, 2359
5720508, 2372
5722726, 2372
5724945, 2373
5727164, 2374
5729383, 2387
5731603, 2388
5733823, 2388
5736044, 2389
5738263, 2402
5740483, 2402
5742705, 2402
5744925, 2403
5747144, 2417
5749366, 2418
5751592, 2418
5753810, 2430
5756034, 2430
5758258, 2431
5760478, 2431
5762697, 2446
5764917, 2446
5767138, 2447
5769358, 2447
5771578, 2461
5773799, 2461
5776019, 2462
5778239, 2462
5780465, 2475
5782686, 2475
5784907, 2476
5787126, 2488
5789344, 2488
5791565, 2488
5793784, 2489
5796003, 2503
5798227, 2503
5800449, 2503
5802669, 2515
5804889, 2516
5807109, 2516
5809329, 2517
5811552, 2530
5813775, 2531
5816000, 2531
5818219, 2532
5820439, 2545
5822658, 2545
5824879, 2546
5827099, 2546
5829319, 2560
5831539, 2560
5833758, 2560
5835978, 2561
5838197, 2573
5840413, 2573
5842633, 2573
5844857, 2574
5847078, 2586
5849297, 2586
5851516, 2587
5853736, 2588
5855956, 2601
5858176, 2601
5860397, 2602
5862621, 2602
5864842, 2615
5867062, 2616
5869282, 2616
5871502, 2617
5873721, 2629
5875944, 2629
5878165, 2630
5880384, 2641
5882604, 2641
5884823, 2642
5887042, 2642
5889262, 2655
5891482, 2655
5893702, 2655
5895926, 2656
5898145, 2668
5900365, 2668
5902584, 2669
5904804, 2670
5907024, 2683
5909243, 2683
5911462, 2683
5913681, 2684
5915904, 2695
5918124, 2695
5920349, 2696
5922569, 2696
5924789, 2708
5927010, 2708
5929234, 2709
5931458, 2709
5933679, 2722
5935899, 2722
5938121, 2723
5940341, 2723
5942558, 2736
5944779, 2736
5947001, 2737
5949220, 2737
5951440, 2749
5953660, 2749
5955880, 2750
5958099, 2750
5960319, 2763
5962537, 2763
5964756, 2763
5966976, 2764
5969195, 2777
5971415, 2777
5973635, 2777
5975853, 2778
5978072, 2790
5980295, 2791
5982520, 2791
5984743, 2792
5986965, 2803
5989187, 2803
5991412, 2804
5993637, 2804
5995858, 2817
5998080, 2817
6000304, 2818
6002525, 2818
6004744, 2830
6006964, 2830
6009184, 2830
6011404, 2831
6013628, 2841
6015850, 2841
6018070, 2841
6020290, 2842
6022511, 2853
6024731, 2853
6026956, 2853
6029180, 2854
6031403, 2864
6033624, 2864
6035844, 2864
6038062, 2865
6040283, 2878
6042502, 2878
6044723, 2878
6046943, 2878
6049165, 2889
6051384, 2890
6053604, 2890
6055824, 2891
6058043, 2902
6060263, 2902
6062482, 2903
6064701, 2903
6066926, 2914
6069148, 2914
6071366, 2915
6073586, 2915
6075807, 2926
6078028, 2926
6080248, 2927
6082467, 2927
6084688, 2939
6086912, 2939
6089131, 2939
6091351, 2940
6093571, 2950
6095791, 2950
6098011, 2951
6100230, 2951
6102450, 2962
6104670, 2962
6106889, 2962
6109109, 2963
6111330, 2974
6113553, 2974
6115773, 2975
6117996, 2975
6120216, 2987
6122436, 2987
6124657, 2987
6126879, 2988
6129101, 2999
6131321, 2999
6133543, 2999
6135766, 3000
6137987, 3011
6140206, 3011
6142425, 3011
6144646, 3012
6146864, 3023
6149085, 3023
6151302, 3023
6153521, 3024
6155741, 3024
6157961, 3036
6160181, 3036
6162401, 3037
6164620, 3037
6166840, 3038
6169061, 3049
6171284, 3049
6173504, 3050
6175722, 3050
6177941, 3050
6180161, 3051
6182381, 3062
6184601, 3063
6186821, 3063
6189040, 3063
6191259, 3063
6193483, 3064
6195703, 3074
6197923, 3074
6200142, 3074
6202361, 3075
6204586, 3075
6206811, 3075
6209031, 3076
6211251, 3076
6213470, 3077
6215688, 3077
6217908, 3078
6220128, 3079
6222348, 3079
6224568, 3080
6226786, 3090
6229011, 3090
6231233, 3090
6233453, 3090
6235676, 3090
6237896, 3090
6240115, 3090
6242338, 3090
6244560, 3090
6246779, 3090
6248999, 3090
6251219, 3090
6253439, 3090
6255659, 3091
6257885, 3091
6260109, 3091
6262331, 3091
6264549, 3091
6266769, 3091
6268991, 3091
6271211, 3091
6273433, 3091
6275653, 3091
6277875, 3091
6280096, 3092
6282316, 3092
6284536, 3092
6286757, 3092
6288981, 3092
6291204, 3092
6293424, 3092
6295644, 3092
6297863, 3092
6300083, 3092
6302305, 3093
6304524, 3093
6306745, 3093
6308965, 3093
6311186, 3093
6313404, 3092
6315628, 3092
6317851, 3092
6320074, 3092
6322300, 3092
6324523, 3092
6326743, 3092
6328962, 3092
6331182, 3092
6333402, 3092
6335622, 3093
6337842, 3093
6340065, 3093
6342286, 3094
6344506, 3094
6346725, 3095
6348945, 3095
6351165, 3106
6353384, 3106
6355604, 3106
6357823, 3106
6360043, 3107
6362263, 3107
6364483, 3117
6366701, 3117
6368921, 3117
6371141, 3118
6373365, 3118
6375585, 3130
6377804, 3130
6380025, 3130
6382246, 3131
6384466, 3141
6386686, 3141
6388912, 3142
6391135, 3142
6393357, 3153
6395577, 3153
6397800, 3153
6400020, 3154
6402238, 3164
6404456, 3164
6406677, 3164
6408902, 3165
6411127, 3176
6413347, 3176
6415566, 3176
6417785, 3177
6420005, 3188
6422224, 3188
6424445, 3188
6426665, 3189
6428884, 3200
6431108, 3201
6433332, 3201
6435555, 3201
6437774, 3212
6439994, 3213
6442214, 3213
6444433, 3214
6446656, 3225
6448876, 3225
6451096, 3226
6453318, 3235
6455536, 3235
6457757, 3236
6459976, 3236
6462197, 3248
6464416, 3248
6466635, 3249
6468855, 3259
6471075, 3259
6473293, 3260
6475513, 3270
6477733, 3270
6479951, 3270
6482171, 3280
6484391, 3280
6486617, 3280
6488841, 3290
6491060, 3290
6493279, 3291
6495499, 3291
6497719, 3302
6499939, 3302
6502159, 3303
6504378, 3312
6506603, 3312
6508824, 3312
6511047, 3313
6513265, 3324
6515484, 3324
6517703, 3325
6519923, 3334
6522144, 3334
6524364, 3335
6526590, 3335
6528809, 3347
6531028, 3347
6533248, 3348
6535468, 3357
6537688, 3357
6539907, 3358
6542130, 3358
6544352, 3370
6546572, 3370
6548792, 3371
6551014, 3371
6553237, 3383
6555461, 3383
6557681, 3384
6559905, 3384
6562129, 3395
6564349, 3395
6566569, 3395
6568788, 3396
6571008, 3407
6573227, 3407
6575449, 3407
6577675, 3408
6579898, 3420
6582117, 3420
6584337, 3420
6586557, 3430
6588779, 3430
6591001, 3430
6593222, 3440
6595441, 3440
6597659, 3441
6599880, 3441
6602099, 3450
6604320, 3450
6606541, 3451
6608766, 3451
6610989, 3462
6613213, 3462
6615432, 3463
6617656, 3463
6619879, 3473
6622100, 3474
6624320, 3474
6626540, 3474
6628759, 3484
6630979, 3484
6633199, 3484
6635423, 3493
6637643, 3493
6639863, 3493
6642083, 3494
6644302, 3504
6646522, 3504
6648742, 3505
6650968, 3505
6653192, 3514
6655411, 3514
6657629, 3515
6659850, 3515
6662070, 3525
6664290, 3525
6666510, 3525
6668729, 3526
6670949, 3536
6673174, 3536
6675394, 3536
6677613, 3537
6679835, 3548
6682060, 3548
6684285, 3548
6686509, 3548
6688734, 3557
6690951, 3558
6693170, 3558
6695393, 3558
6697613, 3559
6699832, 3570
6702051, 3570
6704271, 3570
6706496, 3571
6708717, 3580
6710936, 3580
6713159, 3580
6715379, 3581
6717600, 3590
6719818, 3590
6722038, 3590
6724258, 3591
6726478, 3601
6728698, 3601
6730915, 3601
6733134, 3602
6735354, 3611
6737573, 3612
6739794, 3612
6742014, 3612
6744233, 3621
6746453, 3621
6748670, 3621
6750894, 3622
6753118, 3630
6755342, 3630
6757562, 3631
6759785, 3631
6762009, 3640
6764230, 3640
6766449, 3640
6768672, 3641
6770897, 3641
6773118, 3651
6775338, 3651
6777558, 3652
6779778, 3652
6782001, 3652
6784222, 3661
6786442, 3661
6788662, 3661
6790881, 3662
6793101, 3662
6795320, 3671
6797539, 3672
6799759, 3672
6801979, 3672
6804200, 3672
6806417, 3681
6808640, 3681
6810859, 3681
6813084, 3682
6815308, 3682
6817528, 3682
6819747, 3683
6821966, 3683
6824186, 3684
6826406, 3693
6828632, 3693
6830856, 3693
6833079, 3693
6835299, 3693
6837524, 3694
6839748, 3694
6841968, 3694
6844187, 3695
6846406, 3695
6848628, 3696
6850847, 3696
6853067, 3696
6855287, 3697
6857505, 3697
6859725, 3698
6861945, 3699
6864169, 3708
6866390, 3708
6868616, 3708
6870836, 3708
6873059, 3708
6875279, 3709
6877499, 3709
6879719, 3710
6881937, 3710
6884160, 3719
6886382, 3719
6888602, 3720
6890822, 3720
6893042, 3720
6895261, 3721
6897486, 3729
6899708, 3729
6901929, 3730
6904149, 3730
6906369, 3730
6908590, 3731
6910810, 3740
6913034, 3741
6915257, 3741
6917475, 3741
6919693, 3751
6921918, 3751
6924140, 3751
6926360, 3751
6928578, 3752
6930798, 3761
6933017, 3761
6935236, 3762
6937457, 3762
6939680, 3762
6941901, 3772
6944122, 3773
6946344, 3773
6948569, 3773
6950793, 3783
6953014, 3783
6955234, 3783
6957450, 3783
6959670, 3792
6961891, 3792
6964110, 3793
6966330, 3793
6968550, 3802
6970767, 3802
6972988, 3802
6975207, 3803
6977426, 3803
6979647, 3813
6981873, 3813
6984094, 3814
6986315, 3814
6988535, 3824
6990757, 3824
6992977, 3824
6995198, 3825
6997415, 3834
6999636, 3834
7001858, 3834
7004083, 3834
7006301, 3844
7008521, 3844
7010744, 3844
7012964, 3844
7015188, 3854
7017407, 3854
7019625, 3854
7021844, 3855
7024064, 3863
7026289, 3863
7028514, 3863
7030738, 3864
7032958, 3873
7035177, 3873
7037398, 3874
7039617, 3874
7041837, 3883
7044057, 3883
7046276, 3883
7048495, 3883
7050714, 3892
7052934, 3892
7055154, 3892
7057374, 3892
7059593, 3900
7061816, 3900
7064036, 3901
7066260, 3901
7068482, 3902
7070702, 3911
7072921, 3911
7075141, 3911
7077360, 3911
7079580, 3912
7081800, 3921
7084019, 3921
7086235, 3921
7088455, 3922
7090675, 3922
7092895, 3931
7095115, 3932
7097334, 3932
7099554, 3932
7101777, 3933
7104000, 3942
7106225, 3942
7108444, 3942
7110664, 3943
7112887, 3951
7115112, 3951
7117333, 3951
7119553, 3951
7121772, 3952
7123991, 3961
7126211, 3961
7128431, 3961
7130652, 3961
7132872, 3962
7135094, 3970
7137313, 3970
7139537, 3970
7141759, 3971
7143978, 3971
7146198, 3980
7148417, 3980
7150637, 3980
7152857, 3981
7155077, 3990
7157300, 3990
7159521, 3990
7161740, 3991
7163961, 3991
7166179, 3999
7168399, 4000
7170619, 4000
7172838, 4000
7175057, 4001
7177278, 4010
7179495, 4010
7181715, 4010
7183935, 4010
7186154, 4011
7188375, 4020
7190593, 4020
7192813, 4020
7195033, 4021
7197251, 4021
7199474, 4030
7201698, 4030
7203918, 4030
7206138, 4030
7208354, 4031
7210578, 4040
7212801, 4040
7215021, 4040
7217241, 4041
7219462, 4041
7221680, 4050
7223899, 4051
7226119, 4051
7228343, 4051
7230564, 4052
7232790, 4061
7235013, 4061
7237236, 4061
7239455, 4061
7241676, 4062
7243896, 4070
7246116, 4070
7248336, 4070
7250555, 4070
7252776, 4071
7254996, 4079
7257217, 4079
7259436, 4079
7261658, 4080
7263884, 4080
7266108, 4089
7268328, 4089
7270549, 4089
7272767, 4089
7274986, 4090
7277206, 4098
7279427, 4098
7281647, 4098
7283867, 4098
7286087, 4099
7288307, 4107
7290527, 4107
7292748, 4108
7294968, 4108
7297188, 4108
7299407, 4117
7301627, 4117
7303848, 4117
7306068, 4117
7308288, 4118
7310507, 4118
7312727, 4127
7314949, 4127
7317168, 4127
7319389, 4128
7321608, 4128
7323826, 4136
7326045, 4136
7328265, 4136
7330485, 4137
7332705, 4137
7334925, 4138
7337144, 4146
7339364, 4146
7341588, 4147
7343813, 4147
7346033, 4147
7348252, 4148
7350471, 4157
7352692, 4157
7354917, 4157
7357135, 4157
7359357, 4157
7361580, 4158
7363797, 4158
7366018, 4167
7368238, 4167
7370458, 4167
7372681, 4168
7374904, 4168
7377124, 4168
7379345, 4177
7381567, 4177
7383788, 4177
7386008, 4177
7388227, 4178
7390447, 4178
7392667, 4187
7394887, 4187
7397108, 4187
7399327, 4187
7401546, 4188
7403766, 4188
7405986, 4189
7408207, 4197
7410426, 4197
7412650, 4198
7414875, 4198
7417099, 4198
7419323, 4199
7421543, 4199
7423763, 4208
7425983, 4208
7428203, 4208
7430423, 4208
7432643, 4208
7434862, 4209
7437083, 4209
7439303, 4210
7441524, 4210
7443744, 4218
7445965, 4218
7448184, 4219
7450403, 4219
7452624, 4219
7454844, 4220
7457064, 4228
7459282, 4228
7461504, 4228
7463723, 4228
7465943, 4228
7468164, 4228
7470388, 4229
7472610, 4229
7474829, 4229
7477048, 4230
7479268, 4230
7481488, 4231
7483710, 4231
7485928, 4232
7488147, 4232
7490367, 4240
7492587, 4240
7494808, 4240
7497028, 4240
7499252, 4240
7501473, 4241
7503693, 4241
7505913, 4241
7508133, 4241
7510353, 4242
7512571, 4242
7514791, 4242
7517011, 4242
7519231, 4242
7521456, 4243
7523676, 4243
7525897, 4243
7528115, 4243
7530336, 4243
7532555, 4243
7534775, 4243
7536995, 4243
7539213, 4243
7541432, 4242
7543652, 4242
7545872, 4242
