=~=~=~=~=~=~=~=~=~=~=~= PuTTY log 2025.11.24 12:23:48 =~=~=~=~=~=~=~=~=~=~=~=
6, 0.000005, 1, 150
5001683, 234
5003906, 234
5006126, 234
5008346, 234
5010566, 234
5012784, 234
5015003, 234
5017223, 234
5019442, 234
5021662, 234
5023881, 236
5026099, 236
5028320, 236
5030543, 238
5032764, 239
5034984, 241
5037202, 243
5039424, 244
5041643, 248
5043863, 251
5046081, 303
5048301, 303
5050520, 304
5052739, 306
5054959, 309
5057179, 310
5059397, 357
5061616, 359
5063834, 360
5066058, 362
5068281, 363
5070501, 408
5072720, 410
5074939, 411
5077161, 412
5079381, 415
5081603, 461
5083822, 462
5086042, 463
5088261, 465
5090480, 506
5092703, 507
5094927, 508
5097150, 511
5099368, 555
5101586, 556
5103807, 557
5106030, 560
5108250, 602
5110470, 603
5112687, 604
5114905, 606
5117130, 646
5119350, 647
5121570, 648
5123794, 680
5126017, 680
5128237, 681
5130456, 683
5132676, 721
5134896, 722
5137115, 723
5139334, 754
5141553, 755
5143772, 755
5145992, 757
5148212, 793
5150431, 794
5152650, 795
5154871, 824
5157092, 825
5159311, 825
5161536, 853
5163758, 854
5165978, 855
5168198, 857
5170422, 891
5172642, 892
5174861, 893
5177081, 918
5179306, 919
5181530, 919
5183753, 945
5185978, 946
5188200, 947
5190420, 973
5192639, 973
5194864, 974
5197088, 998
5199309, 998
5201528, 1000
5203747, 1024
5205966, 1024
5208186, 1026
5210406, 1049
5212625, 1050
5214846, 1050
5217065, 1076
5219289, 1076
5221514, 1077
5223731, 1100
5225949, 1101
5228170, 1101
5230389, 1124
5232608, 1125
5234828, 1125
5237048, 1127
5239266, 1153
5241484, 1154
5243703, 1155
5245924, 1176
5248144, 1177
5250364, 1178
5252582, 1179
5254805, 1205
5257025, 1205
5259245, 1206
5261464, 1208
5263683, 1232
5265903, 1232
5268122, 1233
5270341, 1253
5272561, 1253
5274781, 1254
5277004, 1274
5279223, 1274
5281442, 1275
5283662, 1295
5285882, 1295
5288101, 1296
5290321, 1316
5292540, 1316
5294759, 1317
5296979, 1336
5299198, 1336
5301418, 1337
5303638, 1356
5305856, 1356
5308076, 1357
5310296, 1357
5312520, 1376
5314744, 1377
5316963, 1378
5319182, 1401
5321405, 1401
5323625, 1402
5325845, 1403
5328065, 1425
5330286, 1425
5332505, 1425
5334726, 1427
5336946, 1427
5339164, 1450
5341384, 1450
5343603, 1451
5345822, 1472
5348042, 1473
5350263, 1473
5352480, 1475
5354701, 1495
5356925, 1495
5359150, 1496
5361374, 1496
5363591, 1514
5365811, 1514
5368030, 1515
5370250, 1516
5372470, 1517
5374690, 1536
5376909, 1536
5379129, 1537
5381348, 1537
5383567, 1554
5385787, 1555
5388008, 1555
5390229, 1556
5392452, 1557
5394676, 1558
5396898, 1578
5399120, 1578
5401343, 1578
5403569, 1579
5405792, 1580
5408016, 1598
5410237, 1599
5412457, 1599
5414680, 1600
5416902, 1600
5419121, 1601
5421344, 1618
5423563, 1618
5425783, 1618
5428003, 1619
5430222, 1619
5432442, 1620
5434662, 1621
5436879, 1637
5439099, 1637
5441323, 1638
5443546, 1638
5445768, 1638
5447992, 1639
5450212, 1640
5452434, 1640
5454655, 1641
5456874, 1642
5459095, 1642
5461314, 1643
5463534, 1644
5465756, 1645
5467978, 1646
5470196, 1647
5472416, 1648
5474636, 1649
5476855, 1649
5479080, 1665
5481299, 1665
5483518, 1666
5485738, 1666
5487957, 1666
5490178, 1667
5492397, 1668
5494620, 1668
5496842, 1669
5499063, 1670
5501283, 1671
5503504, 1672
5505723, 1672
5507942, 1673
5510162, 1674
5512382, 1690
5514601, 1690
5516821, 1691
5519040, 1691
5521260, 1691
5523480, 1692
5525699, 1692
5527918, 1692
5530138, 1693
5532357, 1694
5534577, 1694
5536797, 1695
5539017, 1696
5541237, 1697
5543456, 1698
5545675, 1698
5547895, 1699
5550116, 1700
5552336, 1701
5554555, 1701
5556775, 1702
5558994, 1702
5561215, 1703
5563435, 1704
5565654, 1704
5567874, 1705
5570093, 1706
5572314, 1707
5574534, 1708
5576753, 1709
5578973, 1709
5581192, 1725
5583412, 1725
5585632, 1725
5587852, 1726
5590069, 1726
5592288, 1727
5594506, 1727
5596726, 1728
5598946, 1728
5601166, 1729
5603387, 1730
5605609, 1731
5607832, 1732
5610053, 1732
5612273, 1733
5614491, 1734
5616712, 1735
5618930, 1736
5621149, 1737
5623372, 1738
5625595, 1739
5627814, 1740
5630035, 1740
5632254, 1756
5634472, 1756
5636691, 1756
5638912, 1756
5641132, 1757
5643351, 1757
5645573, 1758
5647793, 1759
5650013, 1760
5652236, 1760
5654456, 1761
5656679, 1776
5658901, 1776
5661121, 1776
5663343, 1777
5665561, 1777
5667781, 1778
5670003, 1778
5672222, 1779
5674442, 1780
5676661, 1781
5678882, 1781
5681105, 1782
5683326, 1782
5685545, 1783
5687765, 1784
5689985, 1785
5692205, 1785
5694424, 1786
5696644, 1787
5698864, 1787
5701084, 1788
5703303, 1789
5705523, 1790
5707742, 1791
5709961, 1791
5712181, 1792
5714401, 1793
5716620, 1793
5718839, 1808
5721059, 1809
5723280, 1809
5725500, 1809
5727718, 1810
5729939, 1810
5732158, 1811
5734377, 1811
5736597, 1812
5738817, 1812
5741042, 1813
5743268, 1814
5745487, 1815
5747707, 1830
5749927, 1830
5752147, 1830
5754367, 1830
5756585, 1830
5758804, 1830
5761025, 1831
5763244, 1831
5765469, 1832
5767694, 1832
5769915, 1832
5772135, 1832
5774355, 1833
5776571, 1833
5778792, 1834
5781015, 1834
5783237, 1834
5785456, 1835
5787681, 1835
5789903, 1835
5792123, 1835
5794340, 1835
5796559, 1835
5798779, 1835
5800999, 1835
5803219, 1835
5805439, 1834
5807658, 1834
5809878, 1833
5812095, 1833
5814318, 1832
5816537, 1832
5818757, 1831
5820976, 1815
5823195, 1815
5825415, 1815
5827634, 1814
5829854, 1813
5832073, 1812
5834292, 1797
5836511, 1797
5838733, 1797
5840956, 1796
5843182, 1796
5845404, 1780
5847627, 1780
5849848, 1779
5852068, 1779
5854287, 1778
5856508, 1762
5858727, 1762
5860946, 1762
5863165, 1761
5865385, 1760
5867607, 1744
5869828, 1743
5872053, 1743
5874275, 1742
5876496, 1726
5878715, 1726
5880934, 1726
5883152, 1708
5885368, 1708
5887588, 1708
5889807, 1707
5892027, 1707
5894247, 1706
5896467, 1688
5898686, 1688
5900906, 1688
5903126, 1687
5905348, 1686
5907568, 1669
5909787, 1669
5912007, 1668
5914227, 1667
5916446, 1666
5918666, 1648
5920885, 1648
5923105, 1647
5925324, 1647
5927544, 1646
5929764, 1629
5931983, 1628
5934202, 1628
5936425, 1627
5938649, 1626
5940869, 1608
5943094, 1608
5945314, 1607
5947534, 1607
5949754, 1606
5951973, 1589
5954194, 1589
5956415, 1588
5958634, 1588
5960854, 1587
5963074, 1569
5965294, 1569
5967513, 1569
5969734, 1568
5971952, 1567
5974172, 1567
5976392, 1549
5978612, 1549
5980830, 1549
5983051, 1547
5985269, 1547
5987487, 1546
5989707, 1545
5991926, 1527
5994151, 1527
5996375, 1527
5998595, 1526
6000815, 1525
6003036, 1524
6005255, 1506
6007475, 1506
6009694, 1506
6011913, 1505
6014137, 1505
6016356, 1504
6018581, 1503
6020801, 1502
6023027, 1483
6025247, 1483
6027472, 1483
6029697, 1483
6031918, 1482
6034138, 1481
6036357, 1480
6038578, 1480
6040796, 1479
6043021, 1478
6045244, 1460
6047467, 1460
6049688, 1460
6051912, 1460
6054135, 1459
6056356, 1459
6058576, 1457
6060795, 1457
6063017, 1456
6065238, 1455
6067457, 1454
6069678, 1453
6071897, 1452
6074116, 1452
6076335, 1451
6078555, 1450
6080781, 1450
6083003, 1447
6085225, 1446
6087450, 1446
6089670, 1444
6091890, 1443
6094110, 1442
6096333, 1441
6098553, 1440
6100776, 1440
6102996, 1440
6105218, 1438
6107436, 1437
6109657, 1436
6111875, 1435
6114095, 1435
6116315, 1434
6118535, 1433
6120755, 1433
6122976, 1432
6125201, 1432
6127422, 1431
6129644, 1431
6131869, 1431
6134093, 1431
6136316, 1431
6138540, 1430
6140761, 1430
6142983, 1430
6145203, 1430
6147423, 1430
6149646, 1431
6151870, 1431
6154095, 1431
6156314, 1431
6158537, 1431
6160760, 1431
6162982, 1432
6165205, 1432
6167425, 1432
6169645, 1433
6171864, 1433
6174085, 1434
6176305, 1435
6178525, 1435
6180745, 1436
6182965, 1436
6185187, 1437
6187409, 1438
6189629, 1439
6191849, 1440
6194069, 1441
6196289, 1459
6198507, 1459
6200726, 1460
6202946, 1460
6205167, 1461
6207387, 1462
6209607, 1479
6211830, 1479
6214056, 1480
6216275, 1481
6218494, 1481
6220713, 1501
6222932, 1502
6225150, 1502
6227370, 1503
6229590, 1504
6231813, 1524
6234033, 1525
6236254, 1525
6238473, 1526
6240694, 1543
6242913, 1543
6245133, 1544
6247351, 1545
6249570, 1563
6251790, 1563
6254009, 1563
6256229, 1564
6258451, 1582
6260671, 1582
6262891, 1583
6265111, 1584
6267331, 1600
6269551, 1601
6271771, 1601
6273990, 1602
6276209, 1619
6278430, 1619
6280649, 1619
6282870, 1620
6285090, 1637
6287312, 1637
6289531, 1637
6291751, 1638
6293971, 1655
6296191, 1655
6298412, 1656
6300630, 1656
6302851, 1657
6305072, 1674
6307288, 1674
6309504, 1675
6311723, 1675
6313944, 1676
6316163, 1677
6318383, 1694
6320604, 1694
6322823, 1694
6325043, 1695
6327263, 1696
6329488, 1696
6331712, 1697
6333936, 1697
6336155, 1713
6338374, 1713
6340596, 1714
6342817, 1714
6345036, 1715
6347256, 1715
6349475, 1716
6351694, 1717
6353914, 1734
6356133, 1734
6358353, 1734
6360573, 1734
6362793, 1735
6365019, 1736
6367235, 1736
6369454, 1737
6371675, 1753
6373894, 1754
6376118, 1754
6378339, 1754
6380560, 1755
6382780, 1755
6384999, 1755
6387219, 1756
6389439, 1756
6391660, 1757
6393880, 1758
6396100, 1759
6398318, 1773
6400537, 1774
6402757, 1774
6404981, 1774
6407204, 1774
6409425, 1775
6411643, 1775
6413864, 1776
6416085, 1776
6418309, 1777
6420528, 1778
6422748, 1778
6424967, 1779
6427187, 1795
6429410, 1795
6431630, 1795
6433850, 1796
6436070, 1796
6438289, 1796
6440510, 1797
6442730, 1797
6444949, 1798
6447169, 1798
6449389, 1799
6451608, 1800
6453828, 1801
6456049, 1801
6458267, 1802
6460487, 1803
6462706, 1804
6464926, 1804
6467146, 1805
6469366, 1806
6471590, 1806
6473814, 1807
6476034, 1808
6478255, 1824
6480476, 1824
6482695, 1825
6484915, 1825
6487134, 1825
6489354, 1826
6491574, 1827
6493794, 1827
6496015, 1828
6498234, 1829
6500453, 1843
6502672, 1844
6504892, 1844
6507112, 1844
6509332, 1845
6511554, 1845
6513775, 1846
6515995, 1847
6518216, 1848
6520435, 1862
6522655, 1862
6524875, 1863
6527093, 1863
6529311, 1863
6531531, 1864
6533755, 1865
6535972, 1879
6538194, 1880
6540413, 1880
6542634, 1880
6544856, 1881
6547075, 1882
6549295, 1883
6551514, 1884
6553734, 1899
6555955, 1899
6558174, 1899
6560394, 1899
6562609, 1899
6564827, 1900
6567047, 1901
6569267, 1902
6571487, 1917
6573711, 1917
6575930, 1917
6578151, 1917
6580372, 1918
6582591, 1918
6584811, 1918
6587031, 1919
6589251, 1920
6591473, 1920
6593693, 1921
6595912, 1921
6598132, 1922
6600352, 1923
6602571, 1936
6604792, 1936
6607014, 1937
6609234, 1937
6611453, 1937
6613670, 1937
6615891, 1938
6618111, 1938
6620330, 1939
6622552, 1939
6624772, 1939
6626991, 1940
6629212, 1941
6631433, 1941
6633653, 1942
6635875, 1942
6638094, 1943
6640313, 1943
6642533, 1944
6644753, 1944
6646974, 1945
6649193, 1945
6651413, 1946
6653633, 1946
6655853, 1947
6658072, 1947
6660293, 1948
6662512, 1948
6664731, 1949
6666951, 1949
6669172, 1950
6671392, 1950
6673612, 1950
6675831, 1950
6678050, 1951
6680270, 1951
6682496, 1952
6684720, 1952
6686939, 1952
6689159, 1953
6691381, 1953
6693601, 1953
6695821, 1954
6698041, 1954
6700260, 1954
6702480, 1955
6704700, 1955
6706923, 1955
6709149, 1955
6711371, 1955
6713590, 1955
6715810, 1955
6718030, 1955
6720249, 1955
6722470, 1955
6724692, 1955
6726914, 1955
6729136, 1954
6731356, 1954
6733576, 1953
6735801, 1953
6738021, 1952
6740240, 1952
6742461, 1951
6744681, 1950
6746900, 1935
6749123, 1935
6751342, 1935
6753563, 1934
6755782, 1934
6758003, 1933
6760224, 1932
6762446, 1918
6764667, 1918
6766887, 1918
6769107, 1917
6771326, 1916
6773546, 1900
6775761, 1900
6777976, 1899
6780193, 1899
6782412, 1898
6784635, 1884
6786856, 1884
6789075, 1883
6791295, 1882
6793515, 1882
6795735, 1866
6797955, 1866
6800174, 1865
6802394, 1865
6804614, 1864
6806834, 1848
6809053, 1848
6811274, 1848
6813493, 1847
6815712, 1832
6817932, 1832
6820152, 1832
6822372, 1832
6824592, 1831
6826814, 1815
6829034, 1815
6831254, 1814
6833474, 1814
6835694, 1813
6837913, 1797
6840133, 1797
6842350, 1797
6844571, 1796
6846790, 1796
6849010, 1795
6851229, 1779
6853449, 1778
6855669, 1778
6857892, 1777
6860111, 1777
6862333, 1762
6864551, 1762
6866771, 1762
6868995, 1761
6871215, 1760
6873438, 1760
6875657, 1744
6877876, 1744
6880097, 1743
6882317, 1743
6884536, 1742
6886757, 1741
6888976, 1740
6891195, 1740
6893418, 1721
6895638, 1721
6897856, 1720
6900076, 1719
6902296, 1719
6904515, 1718
6906736, 1717
6908956, 1700
6911179, 1700
6913398, 1699
6915617, 1699
6917838, 1698
6920057, 1697
6922277, 1681
6924496, 1681
6926719, 1681
6928943, 1680
6931167, 1680
6933388, 1679
6935607, 1679
6937827, 1678
6940046, 1661
6942266, 1661
6944486, 1660
6946705, 1660
6948925, 1659
6951145, 1658
6953366, 1658
6955588, 1657
6957807, 1641
6960026, 1641
6962247, 1641
6964466, 1640
6966685, 1640
6968906, 1639
6971126, 1639
6973345, 1638
6975565, 1637
6977784, 1620
6980005, 1620
6982225, 1619
6984444, 1619
6986666, 1619
6988884, 1618
6991103, 1617
6993323, 1616
6995545, 1616
6997763, 1599
6999984, 1598
7002202, 1598
7004418, 1598
7006636, 1597
7008853, 1597
7011072, 1596
7013291, 1596
7015510, 1595
7017730, 1594
7019951, 1593
7022170, 1592
7024394, 1591
7026614, 1574
7028833, 1574
7031053, 1574
7033274, 1574
7035497, 1573
7037722, 1572
7039943, 1572
7042163, 1571
7044383, 1571
7046602, 1569
7048822, 1568
7051041, 1567
7053265, 1550
7055491, 1550
7057712, 1550
7059931, 1550
7062151, 1549
7064370, 1549
7066594, 1547
7068816, 1547
7071041, 1546
7073262, 1545
7075482, 1544
7077701, 1544
7079921, 1526
7082141, 1526
7084361, 1526
7086581, 1525
7088800, 1525
7091022, 1525
7093242, 1523
7095463, 1523
7097681, 1522
7099902, 1522
7102120, 1521
7104339, 1520
7106560, 1519
7108783, 1519
7111005, 1518
7113230, 1517
7115452, 1500
7117675, 1499
7119900, 1499
7122120, 1498
7124339, 1498
7126558, 1498
7128778, 1497
7130997, 1496
7133217, 1496
7135435, 1495
7137660, 1495
7139882, 1494
7142101, 1493
7144321, 1492
7146542, 1491
7148762, 1490
7150979, 1489
7153201, 1489
7155425, 1488
7157649, 1487
7159869, 1486
7162089, 1485
7164307, 1468
7166526, 1468
7168746, 1468
7170967, 1468
7173186, 1468
7175406, 1467
7177625, 1467
7179844, 1466
7182065, 1465
7184285, 1465
7186504, 1464
7188725, 1463
7190944, 1463
7193164, 1462
7195386, 1461
7197611, 1460
7199830, 1460
7202050, 1459
7204269, 1457
7206489, 1457
7208710, 1456
7210929, 1455
7213150, 1454
7215369, 1435
7217588, 1435
7219808, 1435
7222028, 1435
7224247, 1435
7226467, 1434
7228686, 1434
7230907, 1433
7233128, 1433
7235348, 1432
7237568, 1432
7239787, 1431
7242007, 1430
7244229, 1429
7246452, 1429
7248672, 1428
7250892, 1427
7253109, 1427
7255330, 1425
7257550, 1425
7259768, 1424
7261988, 1423
7264209, 1422
7266427, 1421
7268647, 1420
7270867, 1419
7273087, 1419
7275308, 1417
7277527, 1416
7279750, 1415
7281972, 1414
7284192, 1413
7286411, 1412
7288635, 1411
7290856, 1392
7293075, 1392
7295293, 1392
7297514, 1392
7299733, 1392
7301959, 1392
7304183, 1391
7306407, 1391
7308628, 1391
7310848, 1390
7313072, 1389
7315291, 1389
7317510, 1388
7319730, 1388
7321949, 1387
7324172, 1387
7326394, 1386
7328613, 1385
7330834, 1385
7333053, 1384
7335273, 1383
7337494, 1382
7339719, 1381
7341941, 1380
7344159, 1380
7346383, 1379
7348603, 1378
7350823, 1377
7353042, 1376
7355259, 1375
7357478, 1374
7359699, 1373
7361918, 1373
7364138, 1372
7366363, 1370
7368584, 1369
7370805, 1369
7373030, 1368
7375249, 1366
7377468, 1366
7379687, 1365
7381910, 1364
7384129, 1362
7386350, 1361
7388570, 1361
7390788, 1360
7393009, 1358
7395229, 1358
7397452, 1357
7399675, 1356
7401900, 1356
7404120, 1354
7406340, 1354
7408559, 1353
7410782, 1352
7413009, 1351
7415230, 1350
7417449, 1349
7419672, 1348
7421892, 1347
7424111, 1346
7426331, 1345
7428552, 1344
7430771, 1343
7432994, 1342
7435214, 1341
7437433, 1340
7439652, 1339
7441871, 1338
7444091, 1337
7446310, 1337
7448531, 1336
7450750, 1335
7452973, 1334
7455193, 1333
7457413, 1333
7459634, 1332
7461853, 1331
7464073, 1330
7466292, 1330
7468511, 1329
7470732, 1329
7472956, 1328
7475181, 1328
7477402, 1327
7479622, 1326
7481847, 1326
7484067, 1326
7486286, 1325
7488507, 1324
7490726, 1324
7492944, 1324
7495164, 1323
7497384, 1323
7499604, 1323
7501824, 1323
7504043, 1322
7506262, 1322
7508482, 1322
7510702, 1322
7512922, 1322
7515142, 1322
7517362, 1322
7519581, 1322
7521801, 1322
7524024, 1322
7526246, 1322
7528466, 1322
7530686, 1322
7532906, 1322
7535125, 1322
7537344, 1322
7539565, 1323
7541785, 1323
7544002, 1323
7546222, 1324
7548444, 1324
7550663, 1324
7552882, 1324
7555102, 1325
7557321, 1325
7559541, 1325
7561761, 1326
7563985, 1326
7566208, 1327
7568427, 1328
7570646, 1328
7572866, 1329
7575085, 1330
7577304, 1330
7579528, 1331
7581751, 1332
7583972, 1333
7586191, 1352
7588411, 1352
7590630, 1352
7592851, 1353
7595073, 1353
7597293, 1354
7599513, 1356
7601732, 1376
7603953, 1376
7606174, 1376
7608394, 1377
7610614, 1378
7612833, 1396
7615053, 1396
7617272, 1397
7619491, 1398
7621711, 1417
7623929, 1417
7626149, 1418
7628370, 1419
7630593, 1437
7632818, 1438
7635038, 1439
7637257, 1439
7639478, 1458
7641699, 1459
7643916, 1459
7646133, 1460
7648353, 1479
7650572, 1479
7652792, 1479
7655012, 1480
7657230, 1500
7659449, 1501
7661670, 1501
7663889, 1503
7666109, 1522
7668330, 1523
7670550, 1523
7672772, 1524
7674991, 1543
7677210, 1543
7679430, 1544
7681648, 1545
7683869, 1562
7686089, 1562
7688308, 1562
7690532, 1564
7692752, 1583
7694976, 1583
7697198, 1584
7699418, 1585
7701637, 1603
7703857, 1603
7706081, 1604
7708303, 1605
7710526, 1623
7712744, 1623
7714965, 1624
7717189, 1625
7719406, 1641
7721622, 1641
7723842, 1642
7726061, 1642
7728282, 1659
7730502, 1660
7732721, 1660
7734946, 1661
7737166, 1678
7739392, 1678
7741612, 1678
7743831, 1679
7746051, 1697
7748271, 1697
7750491, 1698
7752712, 1698
7754931, 1698
7757154, 1715
7759375, 1716
7761595, 1716
7763818, 1717
7766042, 1718
7768264, 1734
7770488, 1735
7772707, 1735
7774927, 1736
7777147, 1737
7779367, 1752
7781585, 1752
7783806, 1753
7786026, 1753
7788251, 1754
7790471, 1755
7792690, 1771
7794910, 1771
7797130, 1771
7799351, 1772
7801569, 1773
7803794, 1773
7806017, 1790
7808236, 1790
7810456, 1791
7812675, 1791
7814898, 1792
7817117, 1807
7819338, 1807
7821557, 1808
7823777, 1808
7825998, 1809
7828218, 1810
7830437, 1811
7832656, 1826
7834877, 1826
7837097, 1827
7839318, 1827
7841538, 1827
7843757, 1828
7845977, 1829
7848200, 1846
7850418, 1846
7852637, 1847
7854857, 1847
7857076, 1848
7859297, 1848
7861520, 1849
7863745, 1865
7865964, 1866
7868182, 1866
7870403, 1867
7872622, 1867
7874842, 1868
7877062, 1869
7879281, 1885
7881506, 1885
7883726, 1886
7885946, 1886
7888166, 1887
7890390, 1887
7892614, 1888
7894835, 1889
7897058, 1904
7899282, 1904
7901506, 1905
7903727, 1905
7905945, 1906
7908165, 1907
7910386, 1921
7912606, 1921
7914826, 1921
7917046, 1922
7919264, 1922
7921484, 1923
7923708, 1923
7925927, 1937
7928148, 1937
7930368, 1937
7932587, 1938
7934810, 1938
7937031, 1939
7939250, 1940
7941471, 1953
7943690, 1953
7945909, 1953
7948130, 1954
7950354, 1954
7952575, 1955
7954799, 1955
7957018, 1955
7959237, 1956
7961456, 1957
7963674, 1957
7965894, 1958
7968113, 1959
7970334, 1959
7972553, 1960
7974773, 1961
7976993, 1962
7979213, 1962
7981431, 1963
7983650, 1977
7985870, 1977
7988095, 1977
7990318, 1977
7992537, 1978
7994756, 1978
7996976, 1979
7999199, 1979
8001421, 1979
8003640, 1980
8005860, 1981
8008078, 1982
8010300, 1982
8012520, 1983
8014743, 1997
8016963, 1997
8019182, 1997
8021401, 1998
8023621, 1998
8025843, 1998
8028067, 1998
8030287, 1999
8032507, 1999
8034726, 2000
8036946, 2000
8039165, 2001
8041385, 2002
8043605, 2002
8045824, 2003
8048042, 2004
8050260, 2004
8052481, 2005
8054701, 2006
8056919, 2006
8059139, 2007
8061358, 2007
8063580, 2008
8065800, 2009
8068019, 2009
8070244, 2010
8072463, 2011
8074684, 2011
8076904, 2012
8079124, 2027
8081344, 2027
8083563, 2027
8085783, 2027
8088002, 2027
8090222, 2028
8092442, 2028
8094661, 2029
8096881, 2030
8099101, 2030
8101321, 2031
8103541, 2031
8105762, 2032
8107981, 2033
8110204, 2033
8112424, 2034
8114644, 2035
8116863, 2035
8119083, 2036
8121302, 2037
8123523, 2038
8125747, 2038
8127970, 2039
8130194, 2053
8132416, 2053
8134635, 2053
8136855, 2053
8139078, 2054
8141303, 2054
8143527, 2055
8145747, 2056
8147967, 2056
8150189, 2057
8152408, 2071
8154631, 2072
8156855, 2072
8159078, 2072
8161298, 2072
8163519, 2073
8165737, 2073
8167957, 2074
8170177, 2074
8172396, 2075
8174616, 2076
8176836, 2076
8179056, 2077
8181276, 2091
8183496, 2091
8185715, 2092
8187935, 2092
8190155, 2092
8192377, 2092
8194597, 2093
8196817, 2093
8199037, 2094
8201257, 2094
8203475, 2094
8205695, 2095
8207914, 2096
8210135, 2097
8212361, 2097
8214581, 2098
8216801, 2098
8219022, 2099
8221243, 2100
8223462, 2100
8225686, 2101
8227910, 2101
8230134, 2102
8232353, 2103
8234577, 2103
8236802, 2104
8239026, 2105
8241249, 2105
8243468, 2106
8245694, 2107
8247911, 2107
8250133, 2120
8252352, 2120
8254572, 2120
8256792, 2120
8259012, 2121
8261231, 2121
8263451, 2121
8265675, 2122
8267894, 2123
8270113, 2123
8272332, 2124
8274553, 2124
8276773, 2125
8278992, 2126
8281212, 2126
8283434, 2127
8285654, 2128
8287874, 2128
8290097, 2129
8292317, 2130
8294537, 2130
8296761, 2131
8298983, 2132
8301203, 2133
8303424, 2146
8305643, 2146
8307862, 2146
8310081, 2147
8312301, 2147
8314525, 2147
8316749, 2148
8318974, 2148
8321191, 2149
8323414, 2149
8325636, 2150
8327856, 2151
8330075, 2151
8332295, 2165
8334517, 2165
8336739, 2165
8338958, 2165
8341178, 2165
8343398, 2166
8345616, 2166
8347835, 2167
8350055, 2167
8352275, 2168
8354495, 2169
8356713, 2169
8358930, 2170
8361149, 2171
8363369, 2171
8365589, 2172
8367812, 2172
8370032, 2173
8372256, 2173
8374480, 2174
8376703, 2174
8378923, 2175
8381142, 2176
8383360, 2176
8385579, 2177
8387799, 2178
8390023, 2178
8392242, 2179
8394466, 2180
8396689, 2180
8398908, 2181
8401128, 2182
8403348, 2183
8405567, 2183
8407787, 2196
8410006, 2196
8412223, 2196
8414443, 2196
8416665, 2197
8418887, 2197
8421106, 2198
8423325, 2198
8425546, 2199
8427766, 2200
8429987, 2201
8432211, 2213
8434431, 2213
8436651, 2213
8438872, 2213
8441092, 2213
8443315, 2214
8445536, 2214
8447754, 2215
8449975, 2215
8452195, 2216
8454418, 2217
8456637, 2217
8458857, 2217
8461079, 2218
8463300, 2219
8465520, 2219
8467744, 2220
8469968, 2221
8472188, 2221
8474408, 2222
8476628, 2222
8478847, 2223
8481067, 2224
8483287, 2224
8485506, 2225
8487725, 2226
8489945, 2226
8492167, 2227
8494387, 2227
8496605, 2240
8498822, 2240
8501041, 2240
8503261, 2240
8505480, 2240
8507702, 2241
8509924, 2241
8512143, 2242
8514363, 2242
8516583, 2243
8518803, 2243
8521023, 2244
8523242, 2244
8525461, 2245
8527681, 2245
8529901, 2246
8532117, 2246
8534336, 2247
8536555, 2247
8538775, 2248
8540995, 2249
8543213, 2249
8545435, 2250
8547653, 2250
8549873, 2251
8552094, 2251
8554316, 2251
8556535, 2252
8558758, 2253
8560979, 2253
8563199, 2253
8565424, 2254
8567643, 2254
8569863, 2255
8572081, 2255
8574300, 2256
8576521, 2256
8578740, 2257
8580960, 2257
8583176, 2258
8585393, 2258
8587611, 2259
8589831, 2259
8592051, 2260
8594270, 2260
8596491, 2261
8598709, 2261
8600928, 2261
8603148, 2262
8605367, 2262
8607587, 2263
8609810, 2263
8612030, 2263
8614250, 2264
8616471, 2264
8618690, 2265
8620912, 2265
8623131, 2265
8625350, 2266
8627570, 2266
8629790, 2267
8632010, 2267
8634230, 2267
8636449, 2268
8638668, 2268
8640888, 2268
8643107, 2269
8645328, 2269
8647547, 2269
8649766, 2269
8651986, 2269
8654206, 2269
8656425, 2269
8658645, 2269
8660865, 2269
8663083, 2269
8665304, 2269
8667524, 2268
8669743, 2268
8671963, 2268
8674182, 2267
8676402, 2267
8678623, 2267
8680842, 2266
8683063, 2265
8685282, 2252
8687501, 2252
8689722, 2252
8691941, 2251
8694164, 2251
8696385, 2250
8698607, 2236
8700826, 2236
8703047, 2236
8705267, 2235
8707485, 2235
8709706, 2221
8711924, 2221
8714144, 2221
8716364, 2220
8718587, 2219
8720812, 2205
8723033, 2205
8725252, 2205
8727472, 2204
8729692, 2203
8731911, 2189
8734131, 2188
8736349, 2188
8738572, 2188
8740796, 2187
8743016, 2172
8745233, 2171
8747453, 2171
8749673, 2171
8751893, 2170
8754113, 2155
8756333, 2155
8758552, 2155
8760771, 2154
8762987, 2140
8765211, 2140
8767431, 2140
8769651, 2139
8771871, 2125
8774094, 2125
8776311, 2125
8778528, 2124
8780751, 2112
8782970, 2112
8785190, 2111
8787410, 2110
8789630, 2110
8791850, 2097
8794070, 2096
8796290, 2096
8798510, 2095
8800728, 2095
8802954, 2080
8805175, 2080
8807394, 2080
8809614, 2079
8811832, 2078
8814053, 2078
8816271, 2062
8818495, 2061
8820717, 2061
8822938, 2060
8825157, 2059
8827377, 2059
8829597, 2044
8831814, 2044
8834034, 2043
8836254, 2043
8838472, 2042
8840691, 2041
8842912, 2025
8845135, 2025
8847358, 2025
8849576, 2025
8851795, 2024
8854016, 2023
8856236, 2008
8858455, 2008
8860676, 2008
8862895, 2007
8865117, 2006
8867337, 2006
8869556, 1992
8871777, 1992
8873996, 1991
8876221, 1991
8878441, 1990
8880662, 1989
8882880, 1976
8885100, 1976
8887319, 1975
8889538, 1975
8891760, 1974
8893980, 1974
8896200, 1960
8898424, 1959
8900643, 1959
8902863, 1958
8905083, 1958
8907303, 1958
8909524, 1957
8911743, 1942
8913962, 1942
8916183, 1942
8918403, 1941
8920621, 1941
8922845, 1940
8925068, 1940
8927288, 1939
8929507, 1925
8931727, 1925
8933947, 1924
8936166, 1924
8938386, 1923
8940604, 1923
8942822, 1922
8945048, 1922
8947268, 1908
8949492, 1908
8951716, 1908
8953937, 1907
8956158, 1907
8958373, 1906
8960592, 1905
8962813, 1904
8965030, 1889
8967249, 1889
8969474, 1889
8971693, 1889
8973913, 1888
8976133, 1887
8978353, 1887
8980571, 1886
8982791, 1885
8985013, 1884
8987229, 1868
8989450, 1868
8991671, 1868
8993893, 1868
8996113, 1867
8998332, 1867
9000549, 1866
9002769, 1865
9004987, 1865
9007203, 1864
9009423, 1849
9011646, 1849
9013865, 1848
9016085, 1848
9018309, 1848
9020525, 1848
9022750, 1847
9024969, 1846
9027189, 1846
9029408, 1845
9031628, 1844
9033847, 1843
9036068, 1829
9038292, 1829
9040511, 1828
9042732, 1828
9044952, 1828
9047172, 1827
9049391, 1827
9051611, 1826
9053830, 1825
9056049, 1825
9058269, 1824
9060489, 1823
9062709, 1822
9064929, 1807
9067149, 1807
9069368, 1807
9071587, 1807
9073806, 1806
9076024, 1806
9078243, 1806
9080464, 1805
9082683, 1804
9084903, 1804
9087122, 1803
9089342, 1802
9091561, 1801
9093781, 1787
9096004, 1786
9098229, 1786
9100454, 1786
9102674, 1786
9104895, 1785
9107113, 1785
9109332, 1784
9111552, 1783
9113771, 1782
9115990, 1781
9118213, 1767
9120435, 1766
9122659, 1766
9124878, 1766
9127098, 1766
9129319, 1765
9131540, 1765
9133759, 1765
9135979, 1764
9138199, 1764
9140417, 1763
9142637, 1762
9144856, 1762
9147079, 1761
9149299, 1760
9151518, 1760
9153737, 1759
9155957, 1758
9158176, 1757
9160397, 1743
9162621, 1743
9164841, 1743
9167062, 1742
9169281, 1742
9171500, 1742
9173720, 1741
9175939, 1741
9178162, 1740
9180386, 1740
9182611, 1740
9184834, 1739
9187056, 1738
9189276, 1737
9191499, 1736
9193723, 1735
9195943, 1734
9198164, 1734
9200382, 1733
9202601, 1732
9204821, 1731
9207041, 1730
9209259, 1714
9211477, 1713
9213697, 1713
9215917, 1713
9218137, 1713
9220357, 1712
9222577, 1712
9224797, 1712
9227015, 1711
9229234, 1710
9231455, 1710
9233675, 1709
9235895, 1709
9238114, 1708
9240334, 1707
9242553, 1707
9244773, 1706
9246992, 1705
9249211, 1704
9251432, 1704
9253651, 1703
9255871, 1702
9258092, 1701
9260312, 1700
9262532, 1699
9264752, 1698
9266972, 1697
9269192, 1696
9271413, 1695
9273633, 1695
9275853, 1679
9278072, 1679
9280293, 1679
9282513, 1679
9284732, 1679
9286953, 1678
9289172, 1678
9291391, 1677
9293611, 1677
9295831, 1676
9298051, 1676
9300270, 1675
9302493, 1675
9304718, 1674
9306939, 1673
9309159, 1672
9311379, 1672
9313599, 1671
9315818, 1670
9318039, 1669
9320257, 1668
9322476, 1667
9324697, 1667
9326915, 1666
9329136, 1665
9331354, 1664
9333571, 1663
9335790, 1662
9338011, 1661
9340230, 1660
9342449, 1659
9344669, 1658
9346888, 1657
9349109, 1656
9351328, 1655
9353547, 1640
9355767, 1640
9357988, 1640
9360207, 1639
9362428, 1639
9364647, 1639
9366874, 1639
9369094, 1638
9371314, 1638
9373533, 1637
9375755, 1637
9377975, 1636
9380194, 1636
9382419, 1635
9384643, 1635
9386867, 1634
9389086, 1633
9391306, 1633
9393526, 1632
9395746, 1631
9397965, 1631
9400185, 1630
9402404, 1629
9404624, 1629
9406844, 1628
9409064, 1627
9411285, 1626
9413506, 1626
9415725, 1625
9417944, 1624
9420164, 1623
9422383, 1623
9424605, 1622
9426829, 1621
9429049, 1620
9431269, 1619
9433490, 1618
9435709, 1617
9437931, 1617
9440149, 1601
9442368, 1600
9444588, 1600
9446808, 1600
9449025, 1600
9451245, 1600
9453468, 1599
9455689, 1599
9457913, 1599
9460133, 1598
9462353, 1598
9464572, 1598
9466791, 1597
9469011, 1597
9471232, 1596
9473450, 1596
9475671, 1595
9477890, 1595
9480108, 1594
9482328, 1594
9484549, 1593
9486768, 1592
9488992, 1592
9491215, 1591
9493439, 1590
9495663, 1590
9497888, 1590
9500111, 1588
9502332, 1588
9504552, 1587
9506772, 1586
9508993, 1586
9511212, 1585
9513433, 1584
9515652, 1584
9517871, 1583
9520092, 1582
9522316, 1581
9524540, 1580
9526761, 1579
9528980, 1578
9531200, 1577
9533424, 1576
9535645, 1576
9537866, 1575
9540085, 1574
9542305, 1573
9544525, 1572
9546745, 1571
9548966, 1570
9551185, 1569
9553404, 1568
9555623, 1568
9557844, 1567
9560064, 1566
9562283, 1565
9564504, 1564
9566723, 1563
9568945, 1562
9571167, 1562
9573391, 1561
9575611, 1560
9577830, 1559
9580052, 1558
9582276, 1558
9584498, 1556
9586717, 1555
9588935, 1555
9591156, 1554
9593375, 1553
9595595, 1552
9597816, 1552
9600036, 1551
9602256, 1550
9604475, 1550
9606696, 1549
9608916, 1548
9611135, 1547
9613356, 1546
9615574, 1545
9617794, 1545
9620014, 1544
9622234, 1543
9624453, 1542
9626673, 1541
9628897, 1541
9631118, 1539
9633339, 1539
9635557, 1538
9637778, 1537
9639999, 1537
9642218, 1536
9644438, 1535
9646659, 1535
9648879, 1534
9651099, 1533
9653324, 1533
9655547, 1531
9657767, 1531
9659987, 1530
9662210, 1529
9664433, 1528
9666653, 1528
9668872, 1527
9671091, 1526
9673311, 1525
9675530, 1525
9677751, 1523
9679970, 1523
9682188, 1522
9684408, 1521
9686627, 1520
9688847, 1520
9691066, 1519
9693285, 1518
9695506, 1517
9697726, 1516
9699946, 1516
9702166, 1514
9704386, 1514
9706610, 1513
9708830, 1512
9711051, 1512
9713271, 1511
9715491, 1510
9717709, 1510
9719929, 1509
9722153, 1508
9724372, 1508
9726592, 1507
9728812, 1506
9731032, 1505
9733255, 1505
9735475, 1504
9737694, 1503
9739913, 1503
9742133, 1502
9744352, 1501
9746576, 1501
9748797, 1500
9751016, 1499
9753238, 1498
9755458, 1497
9757682, 1497
9759902, 1496
9762126, 1496
9764346, 1495
9766566, 1494
9768785, 1493
9771010, 1493
9773227, 1492
9775444, 1491
9777663, 1490
9779882, 1490
9782101, 1489
9784321, 1488
9786542, 1488
9788759, 1487
9790980, 1486
9793198, 1486
9795420, 1485
9797640, 1485
9799859, 1484
9802077, 1483
9804296, 1483
9806515, 1482
9808735, 1481
9810955, 1481
9813175, 1480
9815394, 1480
9817613, 1479
9819832, 1478
9822052, 1478
9824277, 1477
9826498, 1477
9828718, 1476
9830937, 1475
9833157, 1475
9835377, 1474
9837596, 1473
9839817, 1472
9842036, 1472
9844256, 1471
9846475, 1470
9848695, 1470
9850914, 1469
9853134, 1469
9855353, 1468
9857572, 1468
9859792, 1467
9862011, 1466
9864232, 1465
9866448, 1465
9868670, 1464
9870892, 1463
9873112, 1463
9875332, 1462
9877552, 1462
9879771, 1461
9881995, 1460
9884216, 1460
9886440, 1459
9888665, 1458
9890888, 1457
9893107, 1457
9895327, 1456
9897547, 1455
9899767, 1455
9901986, 1454
9904205, 1454
9906424, 1453
9908644, 1452
9910864, 1452
9913083, 1451
9915303, 1451
9917522, 1450
9919741, 1450
9921961, 1450
9924182, 1448
9926401, 1447
9928625, 1447
9930846, 1446
9933069, 1445
9935294, 1445
9937517, 1444
9939738, 1444
9941957, 1443
9944177, 1443
9946397, 1442
9948619, 1441
9950837, 1440
9953059, 1440
9955282, 1439
9957503, 1439
9959725, 1438
9961946, 1437
9964167, 1436
9966387, 1436
9968611, 1435
9970830, 1434
9973050, 1433
9975270, 1433
9977490, 1432
9979710, 1432
9981929, 1431
9984149, 1431
9986369, 1430
9988589, 1429
9990811, 1429
9993030, 1428
9995249, 1428
9997469, 1427
9999689, 1427
10001904, 1426
10004121, 1426
10006342, 1425
10008561, 1425
10010778, 1424
10012998, 1424
10015217, 1423
10017437, 1423
10019657, 1422
10021875, 1421
10024094, 1421
10026312, 1420
10028531, 1420
10030752, 1419
10032971, 1419
10035192, 1418
10037412, 1417
10039631, 1417
10041850, 1416
10044070, 1416
10046289, 1415
10048507, 1415
10050726, 1414
10052946, 1413
10055166, 1413
10057385, 1412
10059604, 1411
10061822, 1411
10064041, 1410
10066261, 1410
10068480, 1409
10070699, 1408
10072918, 1408
10075136, 1407
10077355, 1407
10079575, 1406
10081795, 1405
10084014, 1405
10086237, 1404
10088462, 1404
10090685, 1403
10092906, 1403
10095125, 1402
10097347, 1401
10099566, 1401
10101785, 1400
10104004, 1400
10106227, 1399
10108446, 1399
10110664, 1398
10112882, 1397
10115101, 1397
10117320, 1396
10119540, 1396
10121760, 1396
10123981, 1395
10126200, 1395
10128419, 1395
10130641, 1394
10132862, 1393
10135080, 1393
10137298, 1392
10139517, 1392
10141737, 1392
10143957, 1391
10146176, 1391
10148394, 1390
10150613, 1389
10152832, 1389
10155050, 1388
10157271, 1388
10159490, 1387
10161708, 1387
10163927, 1386
10166147, 1385
10168367, 1385
10170588, 1384
10172810, 1383
10175030, 1382
10177249, 1382
10179468, 1381
10181694, 1381
10183915, 1380
10186133, 1380
10188351, 1378
10190574, 1378
10192797, 1378
10195019, 1377
10197236, 1377
10199454, 1376
10201673, 1376
10203893, 1375
10206114, 1374
10208332, 1374
10210556, 1373
10212778, 1373
10214997, 1373
10217216, 1372
10219436, 1372
10221655, 1371
10223872, 1370
10226090, 1370
10228314, 1369
10230534, 1369
10232755, 1369
10234974, 1368
10237190, 1368
10239409, 1368
10241628, 1367
10243853, 1367
10246073, 1366
10248291, 1366
10250509, 1366
10252729, 1365
10254948, 1365
10257168, 1365
10259387, 1364
10261604, 1364
10263822, 1364
10266042, 1363
10268261, 1362
10270481, 1362
10272699, 1362
10274917, 1361
10277137, 1361
10279355, 1360
10281579, 1360
10283798, 1359
10286016, 1358
10288235, 1357
10290453, 1357
10292672, 1356
10294891, 1356
10297110, 1355
10299328, 1354
10301548, 1354
10303767, 1353
10305986, 1353
10308206, 1352
10310427, 1352
10312645, 1352
10314864, 1351
10317083, 1350
10319303, 1350
10321522, 1349
10323740, 1349
10325958, 1349
10328176, 1348
10330394, 1348
10332615, 1348
10334834, 1347
10337058, 1346
10339279, 1346
10341497, 1346
10343718, 1345
10345937, 1345
10348155, 1345
10350373, 1344
10352592, 1344
10354817, 1344
10357038, 1343
10359260, 1342
10361478, 1342
10363697, 1342
10365916, 1341
10368135, 1341
10370355, 1340
10372574, 1340
10374795, 1339
10377018, 1338
10379237, 1338
10381459, 1338
10383681, 1337
10385899, 1337
10388117, 1336
10390339, 1336
10392563, 1335
10394783, 1334
10397002, 1334
10399221, 1334
10401444, 1333
10403662, 1333
10405882, 1333
10408103, 1332
10410322, 1332
10412541, 1332
10414758, 1331
10416976, 1331
10419195, 1330
10421414, 1330
10423632, 1330
10425851, 1329
10428074, 1329
10430296, 1329
10432516, 1328
10434735, 1328
10436955, 1328
10439175, 1327
10441393, 1326
10443612, 1326
10445830, 1325
10448049, 1325
10450267, 1325
10452486, 1324
10454706, 1324
10456929, 1323
10459152, 1322
10461371, 1322
10463590, 1321
10465806, 1321
10468027, 1321
10470247, 1320
10472465, 1320
10474684, 1319
10476902, 1318
10479124, 1318
10481346, 1318
10483572, 1317
10485795, 1316
10488019, 1316
10490238, 1315
10492456, 1315
10494676, 1314
10496894, 1313
10499113, 1313
10501331, 1312
10503550, 1311
10505767, 1311
10507986, 1311
10510205, 1310
10512423, 1310
10514642, 1310
10516861, 1309
10519084, 1308
10521307, 1308
10523526, 1308
10525744, 1307
10527964, 1307
10530187, 1306
10532407, 1306
10534625, 1305
10536843, 1305
10539061, 1305
10541279, 1304
10543498, 1303
10545717, 1303
10547936, 1303
10550159, 1302
10552377, 1302
10554596, 1302
10556815, 1301
10559033, 1301
10561253, 1300
10563471, 1300
10565689, 1300
10567906, 1300
10570125, 1299
10572344, 1298
10574566, 1298
10576790, 1298
10579013, 1297
10581237, 1297
10583462, 1296
10585681, 1295
10587900, 1295
10590119, 1295
10592337, 1294
10594556, 1294
10596775, 1293
10598995, 1293
10601217, 1292
10603435, 1292
10605655, 1292
10607875, 1291
10610094, 1290
10612313, 1290
10614531, 1290
10616753, 1289
10618972, 1289
10621192, 1289
10623411, 1288
10625629, 1287
10627852, 1287
10630070, 1287
10632288, 1286
10634510, 1285
10636729, 1285
10638947, 1285
10641164, 1284
10643385, 1284
10645604, 1284
10647822, 1284
10650046, 1283
10652265, 1282
10654484, 1282
10656702, 1282
10658921, 1282
10661140, 1281
10663358, 1281
10665577, 1281
10667801, 1280
10670020, 1279
10672244, 1279
10674469, 1279
10676690, 1278
10678912, 1277
10681132, 1277
10683351, 1277
10685570, 1276
10687785, 1276
10690003, 1275
10692221, 1275
10694440, 1274
10696661, 1274
10698882, 1273
10701101, 1273
10703318, 1272
10705537, 1272
10707756, 1272
10709976, 1271
10712196, 1271
10714414, 1271
10716633, 1270
10718851, 1270
10721073, 1269
10723298, 1269
10725517, 1269
10727737, 1269
10729955, 1268
10732174, 1268
10734395, 1268
10736614, 1267
10738834, 1266
10741051, 1266
10743270, 1266
10745489, 1266
10747708, 1265
10749928, 1264
10752146, 1264
10754363, 1264
10756583, 1264
10758803, 1263
10761024, 1263
10763243, 1263
10765461, 1263
10767681, 1262
10769900, 1261
10772120, 1261
10774339, 1261
10776557, 1261
10778779, 1260
10780999, 1260
10783218, 1260
10785441, 1259
10787660, 1258
10789879, 1258
10792098, 1258
10794317, 1257
10796541, 1257
10798765, 1256
10800986, 1256
10803207, 1256
10805428, 1255
10807652, 1255
10809875, 1255
10812096, 1254
10814314, 1253
10816533, 1253
10818752, 1253
10820972, 1252
10823192, 1252
10825411, 1251
10827631, 1251
10829850, 1251
10832073, 1250
10834293, 1250
10836516, 1250
10838736, 1250
10840954, 1249
10843172, 1249
10845391, 1249
10847611, 1248
10849829, 1248
10852048, 1248
10854268, 1248
10856491, 1248
10858711, 1248
10860931, 1247
10863154, 1247
10865372, 1247
10867592, 1246
10869810, 1246
10872029, 1245
10874248, 1245
10876466, 1244
10878685, 1244
10880905, 1243
10883123, 1243
10885343, 1243
10887561, 1242
10889782, 1242
10892000, 1242
10894219, 1242
10896437, 1241
10898659, 1240
10900882, 1240
10903101, 1240
10905324, 1239
10907545, 1238
10909765, 1238
10911985, 1238
10914204, 1238
10916422, 1237
10918644, 1237
10920868, 1237
10923089, 1237
10925307, 1236
10927527, 1236
10929745, 1235
10931963, 1235
10934183, 1235
10936403, 1235
10938622, 1234
10940841, 1234
10943060, 1234
10945280, 1233
10947500, 1233
10949719, 1232
10951937, 1232
10954155, 1232
10956375, 1232
10958594, 1232
10960814, 1231
10963033, 1230
10965250, 1230
10967468, 1230
10969687, 1230
10971907, 1229
10974130, 1229
10976351, 1229
10978573, 1229
10980794, 1228
10983012, 1227
10985232, 1227
10987452, 1227
10989671, 1227
10991889, 1227
10994108, 1226
10996327, 1225
10998547, 1225
11000766, 1225
11002985, 1225
11005203, 1224
11007422, 1224
11009643, 1224
11011867, 1223
11014089, 1223
11016312, 1222
11018535, 1222
11020755, 1221
11022975, 1221
11025194, 1221
11027412, 1220
11029630, 1219
11031849, 1219
11034069, 1219
11036288, 1218
11038507, 1217
11040724, 1217
11042940, 1217
11045160, 1216
11047379, 1216
11049599, 1216
11051817, 1216
11054035, 1215
11056254, 1214
11058473, 1214
11060697, 1214
11062922, 1214
11065142, 1213
11067364, 1213
11069586, 1212
11071805, 1212
11074025, 1212
11076244, 1212
11078463, 1211
11080680, 1211
11082900, 1211
11085119, 1210
11087339, 1210
11089557, 1210
11091774, 1209
11093993, 1209
11096212, 1209
11098432, 1209
11100651, 1208
11102869, 1208
11105089, 1208
11107310, 1208
11109529, 1207
11111749, 1206
11113968, 1206
11116186, 1206
11118404, 1206
11120624, 1205
11122842, 1205
11125065, 1204
11127286, 1204
11129504, 1204
11131723, 1204
11133942, 1204
11136161, 1203
11138380, 1203
11140598, 1203
11142816, 1203
11145035, 1203
11147254, 1203
11149475, 1202
11151694, 1202
11153912, 1201
11156130, 1201
11158349, 1201
11160568, 1201
11162788, 1200
11165005, 1200
11167224, 1200
11169442, 1200
11171662, 1199
11173883, 1198
11176101, 1198
11178319, 1197
11180539, 1197
11182757, 1197
11184977, 1196
11187195, 1195
11189420, 1195
11191638, 1195
11193852, 1194
11196070, 1194
11198289, 1193
11200509, 1193
11202727, 1193
11204945, 1193
11207164, 1193
11209383, 1193
11211605, 1193
11213829, 1192
11216048, 1192
11218266, 1191
11220485, 1191
11222705, 1191
11224924, 1191
11227143, 1191
11229361, 1190
11231580, 1190
11233799, 1190
11236018, 1190
11238237, 1189
11240454, 1189
11242672, 1189
11244891, 1189
11247110, 1188
11249330, 1188
11251548, 1187
11253766, 1187
11255983, 1187
11258202, 1187
11260423, 1186
11262643, 1186
11264862, 1185
11267080, 1185
11269298, 1185
11271517, 1185
11273736, 1184
11275955, 1184
11278173, 1184
11280391, 1183
11282610, 1183
11284829, 1183
11287049, 1182
11289274, 1182
11291492, 1181
11293713, 1181
11295933, 1181
11298152, 1181
11300372, 1181
11302591, 1180
11304809, 1180
11307027, 1179
11309247, 1179
11311466, 1179
11313684, 1179
11315906, 1179
11318124, 1178
11320343, 1178
11322562, 1177
11324782, 1177
11327001, 1177
11329220, 1177
11331438, 1177
11333657, 1177
11335876, 1176
11338096, 1176
11340315, 1175
11342534, 1175
11344752, 1175
11346971, 1175
11349190, 1175
11351409, 1174
11353624, 1174
11355845, 1173
11358065, 1173
11360284, 1173
11362504, 1172
11364723, 1171
11366940, 1171
11369157, 1171
11371376, 1170
11373595, 1169
11375816, 1169
11378034, 1168
11380252, 1168
11382470, 1167
11384690, 1167
11386907, 1167
11389126, 1166
11391343, 1165
11393561, 1165
11395781, 1165
11398000, 1164
11400220, 1164
11402439, 1163
11404657, 1163
11406876, 1163
11409095, 1162
11411314, 1162
11413533, 1161
11415752, 1161
11417970, 1161
11420188, 1161
11422408, 1161
11424627, 1161
11426846, 1160
11429064, 1160
11431282, 1160
11433502, 1159
11435721, 1159
11437941, 1159
11440160, 1159
11442378, 1159
11444596, 1159
11446816, 1159
11449034, 1158
11451253, 1158
11453471, 1158
11455689, 1157
11457908, 1157
11460127, 1157
11462347, 1157
11464566, 1157
11466785, 1156
11469002, 1156
11471225, 1155
11473450, 1155
11475670, 1155
11477890, 1155
11480109, 1154
11482327, 1154
11484545, 1153
11486768, 1153
11488988, 1153
11491207, 1153
11493429, 1153
11495647, 1152
11497867, 1152
11500092, 1151
11502312, 1151
11504531, 1151
11506749, 1151
11508968, 1151
11511186, 1151
11513405, 1150
11515623, 1150
11517842, 1150
11520060, 1149
11522277, 1149
11524498, 1149
11526718, 1149
11528941, 1149
11531159, 1148
11533378, 1147
11535597, 1147
11537818, 1147
11540036, 1147
11542253, 1147
11544475, 1146
11546692, 1145
11548912, 1145
11551132, 1145
11553351, 1144
11555570, 1144
11557788, 1143
11560007, 1143
11562230, 1143
11564454, 1142
11566673, 1142
11568890, 1142
11571109, 1141
11573327, 1141
11575546, 1141
11577765, 1141
11579986, 1141
11582206, 1141
11584424, 1141
11586643, 1141
11588863, 1140
11591083, 1140
11593302, 1140
11595525, 1139
11597742, 1139
11599963, 1139
11602186, 1139
11604406, 1139
11606624, 1138
11608841, 1138
11611060, 1138
11613280, 1137
11615501, 1137
11617724, 1137
11619946, 1137
11622166, 1137
11624385, 1137
11626605, 1137
11628824, 1137
11631043, 1136
11633261, 1136
11635481, 1135
11637702, 1135
11639925, 1135
11642149, 1134
11644372, 1134
11646597, 1133
11648820, 1133
11651041, 1133
11653260, 1132
11655479, 1131
11657698, 1131
11659917, 1131
11662135, 1130
11664354, 1130
11666573, 1129
11668791, 1129
11671009, 1129
11673228, 1129
11675452, 1128
11677672, 1128
11679890, 1128
11682108, 1127
11684328, 1127
11686547, 1127
11688766, 1127
11690986, 1127
11693204, 1127
11695425, 1127
11697643, 1126
11699863, 1126
11702083, 1125
11704300, 1125
11706519, 1125
11708737, 1125
11710957, 1125
11713176, 1125
11715396, 1124
11717615, 1124
11719834, 1124
11722053, 1124
11724271, 1123
11726490, 1123
11728709, 1123
11730928, 1123
11733149, 1123
11735372, 1122
11737589, 1122
11739812, 1121
11742033, 1121
11744254, 1121
11746474, 1121
11748699, 1120
11750914, 1120
11753130, 1120
11755352, 1119
11757570, 1119
11759789, 1119
11762008, 1119
11764228, 1119
11766447, 1119
11768666, 1119
11770883, 1118
11773103, 1118
11775322, 1117
11777542, 1117
11779765, 1117
11781986, 1117
11784205, 1117
11786423, 1116
11788642, 1116
11790862, 1115
11793078, 1115
11795298, 1115
11797516, 1115
11799736, 1115
11801955, 1114
11804174, 1114
11806394, 1113
11808611, 1113
11810830, 1113
11813048, 1113
11815267, 1113
11817490, 1112
11819705, 1112
11821923, 1112
11824142, 1111
11826361, 1111
11828581, 1111
11830799, 1111
11833017, 1110
11835237, 1110
11837456, 1109
11839676, 1109
11841894, 1109
11844113, 1109
11846331, 1109
11848550, 1108
11850772, 1108
11852997, 1108
11855217, 1107
11857435, 1107
11859653, 1107
11861867, 1107
11864090, 1107
11866314, 1107
11868532, 1107
11870755, 1106
11872977, 1106
11875201, 1105
11877421, 1105
11879640, 1105
11881858, 1105
11884076, 1105
11886299, 1105
11888518, 1104
11890738, 1104
11892957, 1104
11895181, 1103
11897403, 1103
11899624, 1103
11901844, 1103
11904060, 1103
11906278, 1102
11908497, 1102
11910715, 1102
11912935, 1101
11915155, 1101
11917374, 1101
11919592, 1101
11921810, 1101
11924029, 1101
11926250, 1101
11928466, 1101
11930686, 1101
11932905, 1101
11935122, 1101
11937341, 1101
11939561, 1100
11941780, 1100
11943998, 1100
11946216, 1100
11948435, 1100
11950654, 1100
11952874, 1100
11955093, 1100
11957311, 1100
11959530, 1100
11961749, 1100
11963970, 1100
11966191, 1101
11968414, 1101
11970636, 1101
11972855, 1101
11975074, 1101
11977293, 1101
11979510, 1102
11981726, 1102
11983944, 1103
11986163, 1103
11988383, 1103
11990603, 1104
11992822, 1105
11995041, 1105
11997260, 1106
11999481, 1107
12001700, 1107
12003920, 1108
12006139, 1109
12008357, 1110
12010575, 1111
12012799, 1112
12015023, 1135
12017244, 1135
12019462, 1135
12021684, 1136
12023908, 1137
12026131, 1138
12028356, 1139
12030575, 1163
12032793, 1163
12035013, 1164
12037231, 1165
12039450, 1166
12041675, 1189
12043894, 1190
12046112, 1191
12048329, 1192
12050550, 1214
12052768, 1214
12054989, 1215
12057208, 1216
12059426, 1240
12061644, 1240
12063864, 1242
12066083, 1243
12068303, 1268
12070521, 1268
12072740, 1269
12074959, 1290
12077177, 1290
12079399, 1291
12081618, 1312
12083836, 1313
12086053, 1313
12088272, 1315
12090493, 1337
12092713, 1338
12094931, 1338
12097150, 1358
12099368, 1358
12101588, 1359
12103807, 1377
12106027, 1378
12108245, 1378
12110464, 1397
12112682, 1397
12114903, 1398
12117121, 1399
12119341, 1420
12121559, 1420
12123778, 1421
12125996, 1422
12128215, 1443
12130434, 1443
12132652, 1444
12134876, 1444
12137094, 1464
12139314, 1465
12141535, 1465
12143754, 1467
12145972, 1485
12148195, 1486
12150418, 1486
12152639, 1487
12154859, 1505
12157079, 1506
12159294, 1506
12161514, 1507
12163732, 1525
12165954, 1526
12168172, 1526
12170392, 1527
12172610, 1544
12174829, 1545
12177049, 1545
12179269, 1546
12181487, 1566
12183704, 1566
12185924, 1567
12188143, 1568
12190362, 1587
12192581, 1587
12194800, 1587
12197020, 1588
12199238, 1590
12201457, 1608
12203677, 1608
12205897, 1609
12208119, 1610
12210340, 1626
12212565, 1627
12214787, 1627
12217007, 1628
12219224, 1629
12221442, 1648
12223660, 1649
12225880, 1649
12228100, 1649
12230320, 1666
12232539, 1666
12234757, 1667
12236975, 1668
12239195, 1684
12241414, 1684
12243632, 1684
12245854, 1685
12248073, 1686
12250292, 1704
12252511, 1704
12254733, 1705
12256952, 1705
12259170, 1705
12261387, 1706
12263607, 1724
12265827, 1724
12268048, 1724
12270267, 1725
12272485, 1726
12274703, 1727
12276922, 1744
12279142, 1744
12281361, 1744
12283580, 1745
12285801, 1745
12288025, 1746
12290244, 1747
12292468, 1762
12294688, 1763
12296906, 1763
12299125, 1763
12301344, 1764
12303567, 1765
12305788, 1765
12308007, 1766
12310224, 1783
12312442, 1783
12314661, 1783
12316881, 1783
12319102, 1784
12321325, 1785
12323547, 1786
12325771, 1800
12327989, 1800
12330209, 1800
12332425, 1801
12334640, 1801
12336858, 1802
12339078, 1802
12341296, 1803
12343517, 1804
12345736, 1819
12347954, 1819
12350176, 1819
12352396, 1819
12354616, 1820
12356835, 1821
12359053, 1821
12361271, 1822
12363490, 1822
12365710, 1823
12367930, 1838
12370149, 1838
12372368, 1838
12374590, 1838
12376814, 1839
12379035, 1839
12381255, 1840
12383474, 1840
12385692, 1841
12387911, 1841
12390130, 1842
12392350, 1843
12394569, 1843
12396787, 1844
12399006, 1845
12401224, 1845
12403443, 1846
12405664, 1847
12407883, 1848
12410101, 1849
12412322, 1850
12414546, 1865
12416769, 1865
12418994, 1865
12421213, 1865
12423434, 1866
12425657, 1866
12427876, 1867
12430100, 1868
12432321, 1868
12434541, 1884
12436759, 1884
12438978, 1884
12441197, 1884
12443417, 1885
12445637, 1885
12447855, 1886
12450073, 1887
12452292, 1888
12454512, 1888
12456732, 1903
12458951, 1903
12461169, 1903
12463390, 1904
12465613, 1904
12467837, 1904
12470059, 1905
12472277, 1905
12474495, 1906
12476712, 1907
12478931, 1907
12481151, 1908
12483370, 1910
12485593, 1910
12487812, 1910
12490028, 1911
12492246, 1912
12494470, 1912
12496692, 1927
12498910, 1927
12501129, 1927
12503348, 1927
12505567, 1927
12507788, 1928
12510006, 1928
12512229, 1928
12514449, 1928
12516667, 1929
12518887, 1929
12521108, 1930
12523326, 1930
12525549, 1930
12527768, 1931
12529991, 1931
12532211, 1931
12534430, 1932
12536649, 1932
12538867, 1932
12541087, 1933
12543307, 1933
12545526, 1933
12547744, 1934
12549963, 1934
12552182, 1934
12554403, 1934
12556624, 1934
12558843, 1934
12561061, 1934
12563283, 1934
12565506, 1934
12567728, 1934
12569946, 1934
12572162, 1934
12574380, 1933
12576600, 1933
12578819, 1933
12581039, 1932
12583258, 1931
12585476, 1931
12587695, 1930
12589914, 1929
12592133, 1915
12594358, 1915
12596582, 1915
12598800, 1915
12601018, 1914
12603237, 1914
12605457, 1913
12607677, 1912
12609896, 1897
12612117, 1897
12614336, 1897
12616556, 1896
12618775, 1895
12620994, 1894
12623213, 1878
12625431, 1878
12627655, 1878
12629875, 1877
12632095, 1877
12634314, 1862
12636533, 1862
12638751, 1861
12640972, 1861
12643195, 1860
12645414, 1859
12647632, 1843
12649850, 1843
12652069, 1843
12654288, 1843
12656509, 1842
12658728, 1842
12660946, 1841
12663167, 1824
12665386, 1824
12667605, 1824
12669825, 1823
12672045, 1823
12674264, 1822
12676481, 1821
12678701, 1806
12680920, 1806
12683140, 1805
12685359, 1805
12687576, 1804
12689797, 1789
12692015, 1789
12694235, 1789
12696454, 1788
12698672, 1787
12700890, 1786
12703116, 1770
12705336, 1770
12707556, 1770
12709775, 1770
12711993, 1769
12714212, 1769
12716431, 1768
12718650, 1753
12720870, 1753
12723088, 1753
12725306, 1752
12727525, 1752
12729744, 1751
12731964, 1750
12734183, 1735
12736402, 1735
12738620, 1735
12740839, 1734
12743059, 1733
12745279, 1733
12747498, 1732
12749716, 1715
12751932, 1714
12754153, 1714
12756372, 1714
12758592, 1714
12760807, 1713
12763027, 1712
12765251, 1712
12767474, 1711
12769694, 1710
12771916, 1709
12774138, 1693
12776356, 1693
12778575, 1692
12780794, 1692
12783015, 1692
12785234, 1691
12787452, 1690
12789671, 1690
12791888, 1689
12794108, 1688
12796328, 1672
12798546, 1672
12800766, 1671
12802985, 1671
12805208, 1670
12807432, 1670
12809652, 1669
12811872, 1668
12814090, 1667
12816309, 1666
12818532, 1665
12820753, 1649
12822971, 1649
12825189, 1649
12827409, 1649
12829633, 1648
12831857, 1648
12834075, 1647
12836293, 1646
12838511, 1645
12840730, 1645
12842951, 1644
12845170, 1643
12847389, 1626
12849612, 1626
12851832, 1626
12854051, 1626
12856270, 1625
12858490, 1625
12860710, 1624
12862929, 1624
12865148, 1623
12867367, 1622
12869586, 1622
12871807, 1621
12874026, 1620
12876244, 1619
12878464, 1619
12880683, 1618
12882903, 1617
12885122, 1616
12887341, 1600
12889560, 1600
12891779, 1600
12893995, 1600
12896215, 1599
12898434, 1599
12900657, 1598
12902880, 1598
12905100, 1597
12907323, 1596
12909543, 1595
12911761, 1595
12913980, 1594
12916198, 1593
12918419, 1592
12920639, 1576
12922858, 1575
12925077, 1575
12927299, 1575
12929518, 1575
12931738, 1575
12933955, 1574
12936177, 1574
12938398, 1572
12940616, 1572
12942833, 1571
12945053, 1571
12947272, 1570
12949489, 1569
12951708, 1568
12953928, 1568
12956147, 1567
12958366, 1566
12960586, 1565
12962805, 1564
12965023, 1563
12967242, 1562
12969460, 1561
12971680, 1560
12973898, 1559
12976117, 1558
12978339, 1557
12980563, 1556
12982786, 1555
12985005, 1538
12987224, 1538
12989442, 1538
12991662, 1537
12993881, 1537
12996101, 1537
12998319, 1536
13000538, 1536
13002756, 1536
13004974, 1535
13007194, 1534
13009414, 1534
13011634, 1533
13013853, 1532
13016071, 1531
13018289, 1530
13020508, 1530
13022728, 1529
13024946, 1528
13027164, 1527
13029384, 1526
13031602, 1526
13033821, 1525
13036039, 1523
13038257, 1523
13040477, 1522
13042696, 1521
13044915, 1520
13047135, 1519
13049355, 1518
13051577, 1517
13053800, 1516
13056023, 1516
13058247, 1514
13060465, 1513
13062684, 1512
13064902, 1511
13067125, 1510
13069347, 1510
13071567, 1509
13073786, 1508
13076005, 1506
13078223, 1505
13080442, 1505
13082661, 1504
13084882, 1503
13087100, 1502
13089319, 1501
13091536, 1500
13093756, 1499
13095976, 1498
13098195, 1497
13100414, 1496
13102633, 1495
13104853, 1494
13107072, 1493
13109297, 1492
13111520, 1491
13113739, 1490
13115958, 1489
13118177, 1488
13120394, 1487
13122614, 1486
13124833, 1485
13127051, 1484
13129270, 1483
13131489, 1482
13133710, 1481
13135929, 1480
13138148, 1479
13140367, 1478
13142586, 1477
13144805, 1476
13147025, 1475
13149245, 1474
13151463, 1473
13153681, 1472
13155900, 1471
13158119, 1470
13160339, 1470
13162557, 1469
13164775, 1468
13166998, 1467
13169222, 1467
13171443, 1465
13173662, 1465
13175881, 1464
13178099, 1463
13180319, 1462
13182537, 1461
13184757, 1461
13186977, 1460
13189195, 1459
13191416, 1459
13193638, 1457
13195858, 1456
13198082, 1456
13200307, 1455
13202530, 1454
13204754, 1453
13206968, 1453
13209187, 1452
13211406, 1451
13213625, 1450
13215848, 1450
13218064, 1450
13220282, 1448
13222503, 1447
13224722, 1447
13226941, 1445
13229160, 1445
13231379, 1444
13233600, 1443
13235820, 1443
13238038, 1442
13240256, 1441
13242480, 1440
13244698, 1440
13246917, 1439
13249135, 1438
13251354, 1437
13253569, 1436
13255788, 1436
13258008, 1435
13260227, 1434
13262445, 1433
13264663, 1432
13266879, 1431
13269099, 1431
13271320, 1429
13273540, 1429
13275760, 1428
13277979, 1427
13280198, 1426
13282417, 1425
13284636, 1424
13286855, 1424
13289074, 1423
13291292, 1422
13293511, 1421
13295731, 1420
13297950, 1419
13300170, 1419
13302391, 1418
13304610, 1417
13306828, 1416
13309053, 1415
13311277, 1415
13313495, 1414
13315714, 1413
13317932, 1412
13320152, 1411
13322372, 1411
13324592, 1410
13326810, 1409
13329028, 1408
13331248, 1408
13333468, 1407
13335691, 1407
13337912, 1406
13340130, 1405
13342348, 1405
13344567, 1404
13346787, 1404
13349007, 1403
13351230, 1403
13353448, 1403
13355665, 1402
13357889, 1401
13360111, 1401
13362331, 1400
13364549, 1400
13366766, 1399
13368986, 1399
13371205, 1398
13373426, 1397
13375645, 1396
13377863, 1396
13380082, 1395
13382301, 1395
13384521, 1395
13386741, 1393
13388960, 1392
13391180, 1391
13393399, 1391
13395621, 1389
13397841, 1389
13400061, 1388
13402279, 1387
13404497, 1387
13406717, 1386
13408936, 1385
13411156, 1385
13413375, 1384
13415597, 1383
13417816, 1382
13420035, 1382
13422254, 1381
13424474, 1380
13426693, 1380
13428912, 1379
13431130, 1378
13433350, 1378
13435570, 1377
13437789, 1376
13440007, 1376
13442227, 1375
13444446, 1374
13446665, 1374
13448889, 1373
13451110, 1372
13453329, 1372
13455550, 1371
13457769, 1370
13459989, 1369
13462209, 1369
13464428, 1368
13466646, 1368
13468866, 1367
13471085, 1366
13473303, 1366
13475522, 1365
13477744, 1365
13479967, 1364
13482187, 1364
13484409, 1363
13486634, 1362
13488855, 1362
13491074, 1362
13493291, 1361
13495511, 1361
13497730, 1360
13499951, 1360
13502169, 1360
13504388, 1359
13506608, 1358
13508827, 1358
13511047, 1357
13513266, 1357
13515484, 1356
13517703, 1356
13519922, 1356
13522142, 1355
13524361, 1354
13526581, 1354
13528796, 1353
13531014, 1353
13533233, 1352
13535455, 1352
13537681, 1351
13539902, 1351
13542120, 1350
13544340, 1350
13546559, 1349
13548779, 1349
13550999, 1348
13553217, 1348
13555435, 1347
13557655, 1346
13559874, 1346
13562094, 1345
13564319, 1345
13566537, 1344
13568755, 1343
13570972, 1343
13573192, 1342
13575413, 1342
13577631, 1341
13579849, 1341
13582068, 1340
13584293, 1340
13586513, 1339
13588733, 1338
13590952, 1338
13593171, 1337
13595390, 1337
13597609, 1337
13599829, 1336
13602050, 1336
13604270, 1335
13606488, 1334
13608711, 1334
13610932, 1333
13613156, 1333
13615378, 1332
13617599, 1332
13619818, 1331
13622038, 1330
13624258, 1330
13626480, 1329
13628700, 1329
13630919, 1329
13633138, 1328
13635357, 1328
13637577, 1327
13639795, 1327
13642014, 1326
13644232, 1326
13646452, 1325
13648671, 1325
13650892, 1325
13653111, 1324
13655329, 1324
13657548, 1323
13659767, 1322
13661988, 1322
13664207, 1321
13666425, 1321
13668643, 1320
13670863, 1320
13673086, 1319
13675312, 1318
13677532, 1318
13679750, 1318
13681971, 1317
13684195, 1316
13686419, 1316
13688643, 1316
13690862, 1315
13693083, 1315
13695304, 1314
13697524, 1313
13699745, 1313
13701964, 1313
13704181, 1312
13706399, 1311
13708618, 1311
13710842, 1310
13713062, 1310
13715281, 1310
13717499, 1309
13719718, 1309
13721937, 1308
13724156, 1308
13726380, 1307
13728601, 1307
13730824, 1306
13733043, 1306
13735263, 1305
13737483, 1305
13739707, 1304
13741929, 1303
13744147, 1303
13746366, 1303
13748588, 1302
13750806, 1302
13753025, 1302
13755243, 1301
13757463, 1301
13759681, 1300
13761903, 1300
13764127, 1300
13766345, 1299
13768564, 1298
13770783, 1298
13773003, 1298
13775222, 1297
13777442, 1297
13779666, 1297
13781888, 1296
13784107, 1296
13786327, 1295
13788547, 1295
13790770, 1295
13792988, 1294
13795206, 1294
13797425, 1293
13799644, 1293
13801864, 1292
13804082, 1292
13806300, 1292
13808520, 1291
13810739, 1290
13812959, 1290
13815183, 1289
13817401, 1289
13819620, 1289
13821839, 1288
13824058, 1287
13826281, 1287
13828501, 1287
13830719, 1286
13832937, 1285
13835157, 1285
13837376, 1284
13839596, 1284
13841814, 1283
13844033, 1282
13846252, 1282
13848471, 1281
13850691, 1281
13852910, 1280
13855129, 1280
13857348, 1279
13859568, 1279
13861787, 1279
13864009, 1278
13866227, 1278
13868445, 1277
13870664, 1277
13872883, 1277
13875103, 1276
13877322, 1276
13879540, 1276
13881759, 1276
13883978, 1276
13886198, 1275
13888418, 1274
13890643, 1274
13892863, 1274
13895081, 1274
13897304, 1273
13899524, 1272
13901744, 1272
13903962, 1272
13906180, 1271
13908399, 1271
13910618, 1271
13912836, 1270
13915060, 1270
13917283, 1269
13919502, 1269
13921725, 1269
13923946, 1269
13926166, 1268
13928385, 1268
13930605, 1268
13932827, 1268
13935052, 1268
13937271, 1268
13939491, 1267
13941710, 1267
13943928, 1266
13946146, 1266
13948367, 1266
13950592, 1266
13952813, 1265
13955035, 1264
13957256, 1264
13959475, 1264
13961695, 1263
13963914, 1263
13966133, 1263
13968352, 1262
13970571, 1261
13972790, 1260
13975009, 1260
13977229, 1260
13979449, 1259
13981667, 1259
13983886, 1258
13986102, 1257
13988322, 1256
13990542, 1256
13992759, 1256
13994978, 1255
13997197, 1255
13999420, 1254
14001640, 1253
14003865, 1253
14006085, 1253
14008304, 1252
14010523, 1251
14012743, 1251
14014963, 1251
14017182, 1250
14019401, 1250
14021619, 1250
14023838, 1250
14026058, 1249
14028277, 1249
14030496, 1248
14032714, 1248
14034937, 1248
14037157, 1247
14039377, 1247
14041597, 1247
14043815, 1246
14046037, 1245
14048256, 1245
14050476, 1245
14052698, 1244
14054922, 1244
14057145, 1243
14059364, 1243
14061584, 1242
14063804, 1242
14066024, 1242
14068241, 1241
14070459, 1241
14072679, 1240
14074898, 1240
14077118, 1240
14079337, 1240
14081556, 1239
14083774, 1239
14085995, 1238
14088216, 1238
14090435, 1238
14092656, 1238
14094874, 1237
14097092, 1237
14099312, 1237
14101532, 1236
14103752, 1236
14105970, 1235
14108194, 1235
14110417, 1235
14112638, 1235
14114858, 1234
14117082, 1234
14119306, 1234
14121527, 1234
14123746, 1233
14125962, 1233
14128177, 1232
14130394, 1232
14132612, 1232
14134831, 1231
14137050, 1231
14139270, 1230
14141486, 1230
14143706, 1230
14145927, 1229
14148146, 1229
14150365, 1229
14152582, 1228
14154801, 1228
14157019, 1227
14159235, 1227
14161452, 1227
14163675, 1227
14165895, 1227
14168111, 1226
14170330, 1226
14172549, 1225
14174769, 1225
14176989, 1225
14179207, 1224
14181426, 1224
14183644, 1224
14185868, 1223
14188086, 1223
14190305, 1222
14192525, 1222
14194743, 1222
14196962, 1222
14199185, 1221
14201404, 1221
14203624, 1221
14205844, 1221
14208062, 1221
14210281, 1221
14212500, 1220
14214720, 1220
14216939, 1220
14219157, 1220
14221376, 1220
14223596, 1219
14225815, 1219
14228035, 1219
14230254, 1219
14232473, 1219
14234690, 1218
14236912, 1218
14239131, 1217
14241352, 1217
14243576, 1217
14245794, 1216
14248013, 1216
14250232, 1216
14252452, 1215
14254671, 1214
14256889, 1214
14259108, 1214
14261327, 1213
14263546, 1213
14265767, 1212
14267989, 1212
14270211, 1212
14272429, 1211
14274648, 1211
14276869, 1211
14279088, 1210
14281308, 1210
14283527, 1209
14285746, 1209
14287967, 1209
14290186, 1208
14292411, 1208
14294631, 1208
14296849, 1207
14299068, 1207
14301288, 1206
14303508, 1206
14305727, 1206
14307945, 1205
14310163, 1205
14312382, 1204
14314602, 1204
14316819, 1204
14319038, 1204
14321256, 1203
14323475, 1203
14325695, 1203
14327915, 1203
14330135, 1203
14332354, 1202
14334572, 1202
14336791, 1201
14339010, 1201
14341235, 1201
14343454, 1200
14345673, 1200
14347891, 1200
14350115, 1200
14352335, 1199
14354554, 1198
14356773, 1198
14358991, 1197
14361210, 1197
14363429, 1197
14365648, 1196
14367868, 1196
14370089, 1195
14372307, 1195
14374526, 1195
14376745, 1195
14378965, 1194
14381185, 1194
14383402, 1193
14385621, 1193
14387840, 1193
14390059, 1193
14392279, 1193
14394498, 1193
14396721, 1193
14398941, 1192
14401160, 1192
14403384, 1192
14405603, 1192
14407821, 1192
14410038, 1191
14412257, 1191
14414478, 1191
14416699, 1191
14418918, 1191
14421136, 1191
14423355, 1190
14425574, 1190
14427794, 1190
14430013, 1189
14432232, 1189
14434450, 1189
14436670, 1189
14438889, 1189
14441110, 1189
14443329, 1188
14445547, 1188
14447764, 1188
14449983, 1188
14452206, 1187
14454425, 1187
14456645, 1187
14458863, 1187
14461082, 1187
14463302, 1187
14465522, 1187
14467742, 1187
14469960, 1187
14472180, 1187
14474399, 1186
14476619, 1186
14478839, 1186
14481058, 1187
14483278, 1187
14485496, 1187
14487716, 1187
14489935, 1187
14492157, 1187
14494376, 1187
14496594, 1188
14498814, 1188
14501033, 1189
14503252, 1189
14505473, 1189
14507693, 1190
14509910, 1190
14512131, 1191
14514348, 1191
14516569, 1192
14518787, 1193
14521005, 1193
14523223, 1194
14525447, 1195
14527670, 1196
14529891, 1197
14532110, 1198
14534329, 1199
14536543, 1200
14538765, 1221
14540986, 1222
14543206, 1222
14545426, 1222
14547646, 1224
14549865, 1225
14552083, 1247
14554307, 1247
14556527, 1248
14558746, 1249
14560965, 1250
14563187, 1274
14565406, 1274
14567626, 1276
14569846, 1276
14572067, 1298
14574286, 1298
14576505, 1299
14578722, 1300
14580944, 1322
14583163, 1322
14585382, 1324
14587599, 1324
14589819, 1345
14592038, 1346
14594258, 1346
14596477, 1348
14598696, 1369
14600915, 1369
14603136, 1370
14605355, 1370
14607576, 1391
14609796, 1391
14612015, 1392
14614233, 1393
14616452, 1413
14618672, 1413
14620891, 1414
14623110, 1415
14625329, 1435
14627552, 1435
14629774, 1436
14631993, 1436
14634212, 1455
14636430, 1456
14638650, 1456
14640868, 1457
14643085, 1475
14645304, 1475
14647523, 1476
14649742, 1477
14651961, 1494
14654180, 1494
14656401, 1495
14658620, 1495
14660838, 1513
14663059, 1513
14665278, 1514
14667499, 1515
14669718, 1532
14671940, 1532
14674159, 1533
14676377, 1534
14678596, 1552
14680815, 1552
14683033, 1552
14685254, 1553
14687475, 1555
14689694, 1575
14691916, 1575
14694140, 1575
14696361, 1576
14698585, 1593
14700805, 1593
14703026, 1594
14705247, 1594
14707466, 1595
14709685, 1614
14711905, 1614
14714126, 1614
14716346, 1615
14718570, 1616
14720793, 1617
14723012, 1634
14725235, 1635
14727458, 1635
14729679, 1636
14731898, 1636
14734115, 1652
14736334, 1652
14738552, 1653
14740771, 1653
14742991, 1654
14745210, 1671
14747429, 1671
14749651, 1671
14751874, 1672
14754094, 1673
14756312, 1673
14758531, 1690
14760749, 1690
14762966, 1690
14765186, 1691
14767405, 1692
14769627, 1693
14771845, 1709
14774066, 1709
14776287, 1709
14778506, 1709
14780725, 1710
14782944, 1711
14785163, 1712
14787382, 1713
14789601, 1730
14791821, 1730
14794040, 1730
14796260, 1731
14798478, 1731
14800697, 1732
14802917, 1748
14805136, 1748
14807356, 1749
14809576, 1749
14811794, 1750
14814013, 1750
14816232, 1751
14818453, 1752
14820672, 1768
14822890, 1768
14825109, 1769
14827327, 1769
14829547, 1770
14831770, 1770
14833991, 1771
14836210, 1772
14838428, 1788
14840648, 1788
14842867, 1789
14845089, 1789
14847308, 1790
14849531, 1791
14851751, 1791
14853972, 1806
14856191, 1806
14858411, 1806
14860630, 1807
14862850, 1808
14865069, 1809
14867287, 1809
14869510, 1825
14871730, 1825
14873948, 1826
14876167, 1826
14878386, 1827
14880607, 1827
14882826, 1828
14885044, 1844
14887266, 1844
14889485, 1844
14891705, 1845
14893926, 1845
14896144, 1846
14898363, 1847
14900581, 1847
14902800, 1848
14905022, 1863
14907247, 1863
14909470, 1863
14911690, 1863
14913909, 1864
14916131, 1865
14918351, 1865
14920572, 1866
14922790, 1867
14925009, 1868
14927228, 1883
14929444, 1883
14931663, 1883
14933882, 1883
14936101, 1884
14938320, 1884
14940540, 1884
14942758, 1885
14944977, 1886
14947197, 1887
14949415, 1902
14951633, 1902
14953853, 1902
14956072, 1903
14958295, 1903
14960520, 1903
14962739, 1904
14964958, 1904
14967177, 1905
14969397, 1906
14971616, 1907
14973835, 1907
14976053, 1908
14978271, 1909
14980490, 1923
14982714, 1923
14984934, 1924
14987154, 1924
14989372, 1924
14991591, 1924
14993811, 1925
14996032, 1926
14998249, 1926
15000469, 1927
15002687, 1927
15004911, 1941
15007130, 1941
15009352, 1941
15011570, 1942
15013789, 1942
15016008, 1943
15018227, 1943
15020447, 1944
15022666, 1944
15024885, 1945
15027108, 1946
15029327, 1946
15031551, 1947
15033766, 1948
15035980, 1949
15038199, 1950
15040418, 1963
15042638, 1963
15044857, 1963
15047077, 1963
15049293, 1964
15051512, 1964
15053734, 1965
15055951, 1966
15058168, 1966
15060388, 1967
15062607, 1968
15064825, 1982
15067045, 1982
15069265, 1982
15071485, 1983
15073703, 1983
15075922, 1984
15078148, 1984
15080371, 1984
15082596, 1985
15084816, 1986
15087035, 1987
15089252, 2002
15091471, 2002
15093692, 2002
15095911, 2002
15098130, 2003
15100347, 2003
15102564, 2003
15104783, 2004
15107003, 2005
15109222, 2006
15111440, 2006
15113663, 2007
15115883, 2008
15118103, 2022
15120322, 2022
15122542, 2022
15124759, 2022
15126977, 2022
15129198, 2023
15131417, 2023
15133638, 2024
15135857, 2025
15138076, 2025
15140295, 2026
15142514, 2027
15144738, 2027
15146959, 2028
15149178, 2029
15151396, 2030
15153615, 2044
15155834, 2044
15158055, 2044
15160272, 2044
15162492, 2044
15164713, 2045
15166932, 2045
15169155, 2045
15171375, 2046
15173595, 2046
15175813, 2047
15178032, 2048
15180251, 2049
15182471, 2049
15184691, 2050
15186909, 2051
15189130, 2051
15191353, 2052
15193576, 2065
15195798, 2065
15198018, 2066
15200236, 2066
15202455, 2066
15204675, 2066
15206894, 2067
15209114, 2067
15211333, 2067
15213551, 2068
15215769, 2069
15217989, 2070
15220213, 2070
15222434, 2071
15224652, 2072
15226875, 2073
15229093, 2073
15231313, 2074
15233533, 2075
15235753, 2089
15237970, 2089
15240188, 2089
15242408, 2089
15244628, 2091
15246846, 2091
15249067, 2092
15251286, 2092
15253505, 2093
15255729, 2094
15257952, 2094
15260175, 2095
15262389, 2108
15264606, 2108
15266825, 2108
15269044, 2108
15271264, 2108
15273483, 2109
15275703, 2110
15277921, 2110
15280141, 2110
15282360, 2111
15284579, 2112
15286799, 2112
15289016, 2113
15291236, 2114
15293456, 2115
15295676, 2127
15297896, 2127
15300117, 2127
15302336, 2127
15304556, 2128
15306776, 2128
15308996, 2128
15311216, 2128
15313434, 2129
15315653, 2130
15317872, 2130
15320091, 2130
15322316, 2131
15324533, 2132
15326747, 2132
15328966, 2133
15331187, 2133
15333407, 2134
15335626, 2135
15337844, 2135
15340062, 2136
15342286, 2137
15344509, 2137
15346735, 2138
15348958, 2138
15351179, 2139
15353402, 2140
15355621, 2140
15357837, 2141
15360058, 2142
15362280, 2142
15364498, 2155
15366718, 2155
15368937, 2155
15371156, 2155
15373376, 2156
15375593, 2156
15377814, 2156
15380036, 2157
15382259, 2157
15384482, 2158
15386700, 2158
15388920, 2159
15391138, 2160
15393358, 2172
15395576, 2172
15397797, 2173
15400016, 2173
15402234, 2173
15404455, 2173
15406674, 2174
15408895, 2174
15411114, 2174
15413336, 2175
15415558, 2175
15417777, 2176
15419996, 2176
15422216, 2177
15424436, 2177
15426654, 2178
15428873, 2178
15431092, 2179
15433311, 2179
15435531, 2180
15437751, 2180
15439969, 2181
15442188, 2181
15444407, 2182
15446627, 2182
15448846, 2183
15451065, 2183
15453289, 2184
15455511, 2184
15457731, 2185
15459951, 2185
15462170, 2186
15464389, 2186
15466607, 2187
15468827, 2187
15471043, 2188
15473263, 2188
15475481, 2188
15477699, 2189
15479916, 2190
15482137, 2190
15484361, 2191
15486580, 2192
15488798, 2192
15491015, 2193
15493234, 2193
15495453, 2194
15497674, 2194
15499893, 2195
15502110, 2196
15504332, 2196
15506557, 2197
15508779, 2198
15510999, 2210
15513217, 2210
15515435, 2211
15517654, 2211
15519874, 2211
15522094, 2212
15524317, 2212
15526539, 2212
15528761, 2213
15530980, 2213
15533200, 2214
15535420, 2215
15537640, 2215
15539858, 2216
15542076, 2230
15544296, 2230
15546515, 2230
15548739, 2231
15550959, 2231
15553178, 2231
15555396, 2232
15557616, 2232
15559836, 2233
15562056, 2233
15564275, 2234
15566494, 2235
15568717, 2236
15570941, 2236
15573166, 2237
15575390, 2238
15577609, 2238
15579833, 2251
15582058, 2251
15584281, 2251
15586506, 2251
15588725, 2252
15590943, 2252
15593162, 2252
15595381, 2253
15597601, 2253
15599821, 2254
15602044, 2254
15604262, 2255
15606485, 2256
15608708, 2256
15610928, 2257
15613146, 2258
15615363, 2258
15617583, 2259
15619802, 2260
15622020, 2261
15624238, 2261
15626458, 2262
15628676, 2263
15630894, 2263
15633115, 2264
15635335, 2265
15637554, 2277
15639770, 2277
15641992, 2277
15644211, 2278
15646429, 2278
15648646, 2279
15650862, 2279
15653080, 2280
15655300, 2292
15657520, 2293
15659739, 2293
15661959, 2293
15664183, 2293
15666401, 2294
15668621, 2295
15670840, 2295
15673060, 2308
15675279, 2308
15677498, 2309
15679716, 2309
15681935, 2309
15684155, 2310
15686375, 2310
15688595, 2311
15690813, 2311
15693032, 2312
15695251, 2324
15697470, 2324
15699691, 2324
15701909, 2324
15704131, 2324
15706355, 2324
15708574, 2324
15710796, 2325
15713014, 2325
15715232, 2325
15717452, 2326
15719671, 2326
15721891, 2326
15724111, 2327
15726330, 2327
15728549, 2327
15730768, 2327
15732987, 2328
15735206, 2328
15737426, 2328
15739645, 2328
15741862, 2328
15744082, 2328
15746301, 2328
15748521, 2328
15750739, 2328
15752959, 2328
15755175, 2327
15757394, 2327
15759614, 2326
15761834, 2326
15764054, 2325
15766271, 2324
15768491, 2313
15770710, 2313
15772929, 2312
15775153, 2312
15777376, 2312
15779595, 2311
15781814, 2298
15784033, 2298
15786252, 2298
15788471, 2297
15790695, 2297
15792917, 2284
15795136, 2284
15797356, 2283
15799576, 2283
15801795, 2282
15804013, 2269
15806231, 2269
15808450, 2269
15810669, 2268
15812889, 2267
15815107, 2253
15817325, 2253
15819544, 2253
15821766, 2252
15823990, 2239
15826209, 2239
15828427, 2238
15830647, 2238
15832865, 2224
15835085, 2224
15837304, 2224
15839523, 2223
15841743, 2222
15843961, 2208
15846179, 2208
15848400, 2207
15850620, 2206
15852843, 2206
15855065, 2191
15857284, 2190
15859504, 2190
15861727, 2190
15863941, 2189
15866159, 2176
15868378, 2176
15870597, 2175
15872821, 2174
15875045, 2174
15877269, 2160
15879486, 2160
15881705, 2159
15883925, 2159
15886145, 2158
15888364, 2157
15890583, 2144
15892806, 2144
15895030, 2143
15897250, 2142
15899469, 2130
15901689, 2129
15903907, 2129
15906126, 2128
15908346, 2128
15910565, 2127
15912786, 2112
15915005, 2112
15917223, 2112
15919441, 2111
15921661, 2111
15923881, 2110
15926100, 2097
15928318, 2097
15930537, 2097
15932756, 2096
15934976, 2096
15937196, 2082
15939415, 2082
15941633, 2081
15943851, 2081
15946071, 2080
15948286, 2079
15950503, 2064
15952722, 2064
15954941, 2063
15957161, 2063
15959383, 2062
15961603, 2062
15963823, 2047
15966041, 2047
15968259, 2047
15970478, 2046
15972697, 2046
15974921, 2045
15977145, 2044
15979363, 2043
15981581, 2029
15983801, 2029
15986019, 2028
15988244, 2028
15990468, 2027
15992690, 2027
15994913, 2026
15997133, 2025
15999353, 2010
16001572, 2010
16003790, 2010
16006009, 2010
16008228, 2009
16010447, 2009
16012671, 2008
16014889, 2007
16017107, 1994
16019327, 1993
16021544, 1993
16023764, 1993
16025985, 1992
16028204, 1992
16030425, 1991
16032644, 1991
16034863, 1990
16037084, 1975
16039303, 1975
16041526, 1975
16043747, 1974
16045966, 1974
16048186, 1973
16050405, 1973
16052624, 1972
16054842, 1971
16057061, 1970
16059280, 1955
16061500, 1955
16063720, 1955
16065945, 1955
16068166, 1954
16070386, 1953
16072604, 1953
16074821, 1952
16077044, 1951
16079263, 1938
16081481, 1938
16083700, 1938
16085920, 1937
16088140, 1937
16090360, 1936
16092578, 1936
16094796, 1936
16097016, 1935
16099235, 1935
16101453, 1934
16103672, 1933
16105891, 1933
16108109, 1919
16110329, 1919
16112549, 1919
16114768, 1918
16116987, 1918
16119205, 1918
16121425, 1917
16123644, 1916
16125865, 1915
16128087, 1915
16130306, 1914
16132527, 1900
16134747, 1900
16136966, 1899
16139186, 1899
16141406, 1899
16143624, 1899
16145842, 1898
16148062, 1897
16150286, 1897
16152511, 1896
16154729, 1895
16156948, 1894
16159167, 1879
16161388, 1879
16163608, 1879
16165827, 1879
16168045, 1879
16170264, 1878
16172483, 1878
16174702, 1877
16176923, 1877
16179142, 1876
16181361, 1875
16183580, 1875
16185799, 1874
16188019, 1873
16190239, 1873
16192457, 1872
16194673, 1871
16196892, 1870
16199112, 1855
16201332, 1855
16203551, 1855
16205770, 1855
16207988, 1854
16210210, 1854
16212433, 1853
16214659, 1853
16216877, 1852
16219096, 1851
16221314, 1850
16223533, 1850
16225754, 1835
16227973, 1835
16230193, 1835
16232411, 1835
16234631, 1834
16236850, 1834
16239069, 1834
16241289, 1833
16243510, 1833
16245728, 1832
16247947, 1832
16250167, 1831
16252387, 1831
16254606, 1830
16256825, 1829
16259045, 1828
16261265, 1828
16263484, 1827
16265704, 1826
16267922, 1826
16270140, 1825
16272359, 1824
16274579, 1823
16276799, 1822
16279018, 1821
16281237, 1821
16283455, 1820
16285675, 1819
16287894, 1804
16290114, 1804
16292334, 1804
16294554, 1804
16296774, 1803
16298997, 1803
16301217, 1802
16303436, 1802
16305654, 1801
16307877, 1801
16310098, 1801
16312317, 1800
16314536, 1799
16316757, 1798
16318975, 1798
16321193, 1797
16323412, 1796
16325632, 1796
16327852, 1795
16330071, 1794
16332290, 1793
16334509, 1792
16336728, 1777
16338948, 1777
16341167, 1777
16343391, 1777
16345610, 1776
16347829, 1776
16350047, 1776
16352267, 1776
16354487, 1775
16356703, 1774
16358924, 1774
16361145, 1773
16363365, 1773
16365586, 1772
16367809, 1772
16370028, 1771
16372247, 1770
16374466, 1770
16376685, 1769
16378910, 1769
16381130, 1768
16383350, 1767
16385569, 1766
16387787, 1765
16390006, 1765
16392226, 1764
16394445, 1763
16396663, 1762
16398883, 1748
16401103, 1748
16403323, 1748
16405542, 1747
16407761, 1747
16409979, 1747
16412200, 1747
16414421, 1746
16416640, 1746
16418859, 1745
16421078, 1745
16423300, 1745
16425524, 1744
16427746, 1744
16429965, 1743
16432184, 1743
16434402, 1742
16436621, 1741
16438840, 1741
16441060, 1740
16443280, 1740
16445499, 1739
16447718, 1739
16449938, 1738
16452157, 1737
16454382, 1736
16456599, 1736
16458816, 1735
16461035, 1734
16463259, 1733
16465480, 1732
16467700, 1731
16469918, 1731
16472137, 1730
16474357, 1729
16476576, 1728
16478795, 1727
16481013, 1726
16483231, 1725
16485450, 1724
16487669, 1723
16489890, 1723
16492109, 1722
16494330, 1721
16496550, 1720
16498774, 1719
16500990, 1718
16503207, 1718
16505427, 1717
16507646, 1716
16509865, 1715
16512084, 1714
16514304, 1713
16516524, 1712
16518744, 1712
16520962, 1711
16523182, 1710
16525405, 1709
16527622, 1709
16529842, 1708
16532062, 1707
16534281, 1706
16536500, 1705
16538724, 1704
16540945, 1703
16543168, 1702
16545390, 1702
16547608, 1701
16549827, 1700
16552046, 1699
16554264, 1699
16556482, 1697
16558699, 1696
16560919, 1696
16563138, 1695
16565357, 1694
16567578, 1693
16569797, 1692
16572015, 1691
16574239, 1691
16576461, 1690
16578680, 1689
16580898, 1688
16583116, 1687
16585335, 1687
16587555, 1686
16589779, 1685
16591999, 1684
16594218, 1684
16596437, 1683
16598657, 1682
16600875, 1681
16603096, 1680
16605320, 1680
16607542, 1679
16609762, 1678
16611985, 1678
16614206, 1677
16616427, 1676
16618648, 1675
16620870, 1675
16623089, 1674
16625309, 1673
16627532, 1672
16629753, 1671
16631973, 1671
16634191, 1670
16636410, 1669
16638629, 1668
16640850, 1667
16643069, 1667
16645287, 1666
16647506, 1665
16649724, 1664
16651944, 1664
16654164, 1663
16656383, 1662
16658605, 1661
16660823, 1661
16663042, 1660
16665262, 1659
16667487, 1658
16669711, 1657
16671931, 1656
16674155, 1655
16676374, 1654
16678593, 1654
16680812, 1653
16683031, 1652
16685249, 1651
16687468, 1650
16689688, 1650
16691912, 1649
16694131, 1649
16696350, 1648
16698569, 1647
16700786, 1646
16703005, 1645
16705224, 1645
16707442, 1644
16709657, 1643
16711871, 1642
16714086, 1642
16716306, 1641
16718525, 1640
16720744, 1639
16722963, 1639
16725183, 1638
16727406, 1637
16729626, 1636
16731845, 1636
16734062, 1635
16736281, 1634
16738500, 1634
16740719, 1633
16742940, 1632
16745159, 1632
16747378, 1631
16749598, 1630
16751816, 1630
16754038, 1629
16756255, 1628
16758476, 1628
16760697, 1627
16762916, 1627
16765134, 1626
16767357, 1625
16769582, 1625
16771799, 1624
16774018, 1623
16776239, 1623
16778458, 1622
16780678, 1622
16782896, 1621
16785114, 1620
16787334, 1619
16789554, 1619
16791773, 1618
16793993, 1618
16796212, 1617
16798430, 1616
16800649, 1616
16802868, 1615
16805092, 1614
16807311, 1614
16809530, 1613
16811749, 1612
16813968, 1612
16816189, 1611
16818409, 1611
16820629, 1610
16822847, 1609
16825066, 1609
16827285, 1608
16829508, 1608
16831727, 1607
16833946, 1607
16836170, 1606
16838390, 1606
16840609, 1605
16842830, 1604
16845049, 1604
16847268, 1603
16849487, 1602
16851706, 1602
16853926, 1601
16856145, 1601
16858364, 1600
16860582, 1599
16862800, 1599
16865025, 1598
16867245, 1597
16869465, 1597
16871684, 1596
16873903, 1595
16876122, 1595
16878342, 1594
16880562, 1593
16882779, 1592
16884998, 1592
16887216, 1591
16889436, 1590
16891655, 1590
16893875, 1590
16896094, 1588
16898312, 1588
16900537, 1587
16902757, 1587
16904977, 1586
16907196, 1586
16909416, 1585
16911634, 1584
16913853, 1584
16916071, 1583
16918292, 1582
16920511, 1582
16922730, 1580
16924948, 1580
16927168, 1579
16929387, 1579
16931608, 1578
16933826, 1577
16936045, 1577
16938268, 1576
16940489, 1576
16942709, 1575
16944928, 1575
16947148, 1574
16949366, 1574
16951585, 1573
16953805, 1572
16956025, 1571
16958244, 1571
16960463, 1570
16962681, 1570
16964900, 1570
16967121, 1569
16969340, 1569
16971558, 1568
16973777, 1568
16975996, 1567
16978219, 1567
16980436, 1566
16982653, 1565
16984871, 1564
16987093, 1564
16989312, 1563
16991532, 1563
16993753, 1562
16995972, 1562
16998190, 1561
17000407, 1561
17002627, 1560
17004846, 1560
17007066, 1559
17009284, 1558
17011502, 1558
17013721, 1557
17015940, 1556
17018160, 1556
17020379, 1555
17022598, 1555
17024817, 1554
17027036, 1553
17029255, 1553
17031479, 1552
17033698, 1552
17035916, 1551
17038136, 1551
17040356, 1550
17042576, 1549
17044795, 1549
17047014, 1547
17049232, 1547
17051451, 1546
17053671, 1546
17055890, 1545
17058109, 1544
17060328, 1544
17062546, 1543
17064765, 1543
17066984, 1542
17069205, 1542
17071424, 1541
17073643, 1541
17075860, 1540
17078079, 1539
17080298, 1539
17082518, 1538
17084736, 1538
17086956, 1537
17089171, 1537
17091390, 1537
17093610, 1536
17095830, 1536
17098048, 1535
17100267, 1535
17102486, 1534
17104705, 1534
17106925, 1533
17109144, 1533
17111363, 1532
17113584, 1531
17115804, 1531
17118023, 1530
17120243, 1529
17122461, 1529
17124679, 1529
17126900, 1528
17129118, 1528
17131340, 1527
17133559, 1527
17135781, 1526
17138001, 1526
17140220, 1526
17142439, 1525
17144663, 1525
17146886, 1524
17149104, 1524
17151321, 1523
17153543, 1523
17155762, 1522
17157984, 1522
17160204, 1521
17162423, 1521
17164642, 1521
17166862, 1520
17169082, 1520
17171301, 1519
17173522, 1519
17175740, 1519
17177959, 1518
17180178, 1518
17182397, 1517
17184617, 1517
17186840, 1516
17189062, 1516
17191285, 1515
17193506, 1514
17195726, 1514
17197944, 1514
17200162, 1513
17202382, 1512
17204606, 1512
17206826, 1511
17209046, 1511
17211264, 1510
17213481, 1509
17215699, 1509
17217919, 1508
17220139, 1508
17222359, 1507
17224576, 1506
17226795, 1506
17229013, 1505
17231235, 1505
17233455, 1505
17235673, 1504
17237891, 1504
17240110, 1503
17242329, 1503
17244550, 1503
17246769, 1502
17248987, 1501
17251206, 1501
17253424, 1501
17255643, 1500
17257863, 1500
17260082, 1499
17262301, 1498
17264519, 1498
17266738, 1497
17268959, 1497
17271178, 1497
17273396, 1496
17275614, 1496
17277834, 1495
17280054, 1495
17282275, 1495
17284494, 1494
17286714, 1494
17288933, 1494
17291153, 1493
17293373, 1493
17295593, 1492
17297813, 1492
17300030, 1491
17302252, 1490
17304476, 1490
17306698, 1489
17308917, 1489
17311140, 1488
17313364, 1488
17315583, 1487
17317806, 1487
17320026, 1486
17322245, 1486
17324464, 1486
17326682, 1485
17328902, 1485
17331127, 1484
17333351, 1484
17335570, 1484
17337788, 1483
17340008, 1483
17342227, 1482
17344452, 1481
17346674, 1481
17348893, 1480
17351110, 1480
17353329, 1480
17355549, 1479
17357769, 1479
17359989, 1478
17362205, 1478
17364423, 1477
17366643, 1477
17368862, 1476
17371083, 1476
17373302, 1476
17375522, 1475
17377745, 1475
17379962, 1474
17382185, 1474
17384408, 1473
17386631, 1473
17388854, 1473
17391078, 1472
17393301, 1472
17395522, 1472
17397740, 1471
17399959, 1471
17402177, 1470
17404397, 1470
17406617, 1470
17408842, 1469
17411062, 1469
17413280, 1468
17415500, 1468
17417719, 1468
17419944, 1467
17422163, 1467
17424382, 1466
17426600, 1466
17428820, 1465
17431039, 1465
17433260, 1464
17435481, 1464
17437705, 1464
17439925, 1463
17442144, 1463
17444363, 1462
17446584, 1462
17448803, 1462
17451021, 1461
17453241, 1461
17455460, 1461
17457681, 1460
17459900, 1460
17462118, 1459
17464337, 1459
17466556, 1459
17468775, 1458
17470995, 1457
17473215, 1457
17475433, 1456
17477651, 1456
17479870, 1455
17482090, 1455
17484309, 1455
17486527, 1454
17488745, 1454
17490965, 1454
17493184, 1453
17495404, 1453
17497624, 1452
17499841, 1452
17502060, 1452
17504279, 1451
17506498, 1451
17508719, 1451
17510938, 1450
17513159, 1450
17515377, 1450
17517593, 1450
17519810, 1449
17522028, 1448
17524248, 1447
17526466, 1447
17528689, 1446
17530912, 1446
17533133, 1445
17535353, 1445
17537571, 1444
17539789, 1444
17542008, 1443
17544228, 1443
17546448, 1443
17548667, 1442
17550886, 1441
17553104, 1441
17555323, 1440
17557543, 1440
17559763, 1440
17561978, 1439
17564197, 1439
17566418, 1439
17568637, 1438
17570856, 1437
17573077, 1437
17575295, 1437
17577514, 1436
17579733, 1436
17581952, 1435
17584173, 1435
17586393, 1435
17588611, 1434
