=~=~=~=~=~=~=~=~=~=~=~= PuTTY log 2025.11.21 12:43:38 =~=~=~=~=~=~=~=~=~=~=~=
12, 150
5000905, 212
5002701, 211
5004918, 211
5007137, 211
5009356, 211
5011575, 211
5013794, 211
5016012, 211
5018232, 211
5020452, 211
5022671, 212
5024888, 212
5027105, 216
5029328, 217
5031551, 220
5033771, 224
5035990, 282
5038208, 282
5040426, 283
5042647, 286
5044870, 334
5047093, 334
5049317, 336
5051536, 338
5053754, 397
5055971, 398
5058190, 401
5060410, 450
5062629, 451
5064847, 454
5067068, 506
5069289, 507
5071508, 546
5073726, 547
5075946, 584
5078163, 585
5080381, 623
5082600, 624
5084823, 662
5087044, 664
5089262, 700
5091484, 701
5093704, 738
5095928, 739
5098149, 776
5100368, 777
5102586, 815
5104804, 817
5107022, 851
5109246, 852
5111465, 889
5113685, 890
5115903, 924
5118125, 925
5120343, 961
5122565, 963
5124783, 998
5127003, 999
5129221, 1034
5131440, 1036
5133658, 1069
5135877, 1070
5138096, 1103
5140315, 1105
5142536, 1136
5144754, 1137
5146972, 1170
5149188, 1171
5151412, 1204
5153635, 1206
5155855, 1237
5158073, 1237
5160291, 1271
5162515, 1272
5164738, 1304
5166962, 1305
5169182, 1335
5171400, 1336
5173618, 1364
5175837, 1365
5178056, 1393
5180280, 1394
5182499, 1421
5184718, 1422
5186936, 1422
5189157, 1450
5191377, 1471
5193596, 1472
5195818, 1492
5198040, 1493
5200260, 1510
5202479, 1511
5204698, 1511
5206917, 1531
5209135, 1531
5211354, 1532
5213577, 1533
5215795, 1553
5218014, 1553
5220233, 1554
5222453, 1554
5224669, 1573
5226892, 1573
5229111, 1574
5231334, 1591
5233552, 1591
5235771, 1592
5237990, 1611
5240209, 1611
5242429, 1627
5244647, 1627
5246865, 1643
5249084, 1644
5251303, 1662
5253523, 1662
5255739, 1681
5257960, 1682
5260183, 1682
5262402, 1710
5264621, 1710
5266840, 1733
5269060, 1734
5271278, 1754
5273496, 1755
5275715, 1778
5277934, 1779
5280158, 1802
5282377, 1802
5284596, 1826
5286814, 1827
5289033, 1850
5291253, 1851
5293474, 1875
5295693, 1876
5297911, 1901
5300132, 1902
5302353, 1925
5304577, 1926
5306799, 1949
5309018, 1962
5311237, 1963
5313455, 1987
5315674, 1988
5317894, 2013
5320114, 2014
5322333, 2038
5324551, 2039
5326771, 2064
5328990, 2078
5331209, 2091
5333430, 2092
5335651, 2115
5337869, 2127
5340089, 2140
5342307, 2153
5344529, 2166
5346752, 2179
5348970, 2205
5351189, 2205
5353408, 2217
5355627, 2231
5357845, 2243
5360060, 2256
5362283, 2269
5364501, 2281
5366721, 2294
5368939, 2308
5371159, 2309
5373378, 2331
5375593, 2344
5377815, 2356
5380034, 2357
5382253, 2379
5384473, 2391
5386691, 2404
5388909, 2415
5391129, 2427
5393349, 2440
5395568, 2452
5397786, 2464
5400005, 2476
5402225, 2489
5404444, 2489
5406662, 2512
5408881, 2525
5411102, 2537
5413322, 2548
5415542, 2560
5417761, 2572
5419980, 2583
5422203, 2595
5424425, 2606
5426643, 2617
5428864, 2629
5431082, 2639
5433303, 2651
5435521, 2663
5437740, 2675
5439958, 2686
5442177, 2697
5444398, 2708
5446617, 2719
5448836, 2731
5451054, 2743
5453274, 2755
5455493, 2766
5457712, 2778
5459932, 2790
5462150, 2802
5464369, 2813
5466588, 2824
5468808, 2835
5471027, 2846
5473246, 2857
5475464, 2867
5477683, 2878
5479902, 2889
5482124, 2900
5484343, 2911
5486562, 2922
5488781, 2933
5491004, 2944
5493223, 2955
5495443, 2966
5497662, 2977
5499885, 2987
5502103, 2998
5504323, 3009
5506542, 3020
5508763, 3030
5510981, 3041
5513200, 3053
5515418, 3063
5517637, 3074
5519856, 3085
5522075, 3096
5524294, 3106
5526513, 3116
5528732, 3127
5530951, 3136
5533175, 3147
5535396, 3156
5537612, 3167
5539830, 3177
5542051, 3187
5544273, 3197
5546492, 3208
5548712, 3218
5550930, 3228
5553148, 3238
5555367, 3248
5557585, 3258
5559804, 3268
5562023, 3278
5564242, 3288
5566461, 3298
5568680, 3308
5570899, 3319
5573122, 3329
5575340, 3339
5577561, 3349
5579779, 3359
5582000, 3370
5584224, 3380
5586445, 3390
5588664, 3400
5590886, 3410
5593105, 3421
5595326, 3431
5597544, 3441
5599764, 3450
5601981, 3460
5604200, 3469
5606423, 3478
5608643, 3488
5610862, 3498
5613081, 3507
5615303, 3517
5617527, 3526
5619746, 3536
5621965, 3546
5624186, 3556
5626404, 3564
5628622, 3574
5630842, 3583
5633061, 3592
5635284, 3601
5637506, 3611
5639725, 3620
5641943, 3630
5644168, 3639
5646388, 3649
5648608, 3657
5650826, 3667
5653047, 3676
5655267, 3685
5657486, 3694
5659707, 3702
5661926, 3712
5664147, 3721
5666365, 3730
5668585, 3739
5670804, 3748
5673023, 3757
5675246, 3766
5677464, 3776
5679682, 3784
5681904, 3793
5684124, 3802
5686343, 3812
5688564, 3821
5690784, 3830
5693003, 3838
5695223, 3847
5697440, 3855
5699661, 3863
5701879, 3871
5704098, 3880
5706317, 3888
5708537, 3897
5710757, 3904
5712975, 3913
5715194, 3921
5717412, 3921
5719632, 3936
5721847, 3944
5724066, 3945
5726290, 3959
5728511, 3967
5730734, 3975
5732955, 3983
5735174, 3991
5737397, 3999
5739615, 4000
5741829, 4015
5744052, 4023
5746271, 4024
5748492, 4039
5750711, 4039
5752929, 4053
5755148, 4054
5757368, 4068
5759587, 4076
5761807, 4076
5764027, 4091
5766245, 4091
5768467, 4106
5770687, 4106
5772909, 4120
5775128, 4120
5777350, 4134
5779568, 4135
5781789, 4149
5784009, 4149
5786229, 4164
5788449, 4164
5790669, 4178
5792890, 4178
5795109, 4191
5797329, 4192
5799548, 4205
5801765, 4205
5803982, 4218
5806202, 4218
5808424, 4231
5810647, 4232
5812866, 4244
5815085, 4244
5817306, 4257
5819525, 4257
5821746, 4270
5823965, 4270
5826180, 4281
5828404, 4282
5830624, 4292
5832843, 4293
5835063, 4303
5837283, 4304
5839504, 4314
5841723, 4314
5843942, 4325
5846161, 4325
5848381, 4335
5850600, 4335
5852822, 4346
5855041, 4347
5857262, 4356
5859482, 4357
5861701, 4365
5863924, 4365
5866142, 4375
5868360, 4375
5870580, 4383
5872801, 4383
5875020, 4393
5877240, 4393
5879460, 4401
5881681, 4401
5883901, 4409
5886121, 4410
5888342, 4418
5890560, 4418
5892782, 4426
5895000, 4426
5897221, 4434
5899440, 4434
5901660, 4435
5903878, 4446
5906097, 4446
5908316, 4447
5910537, 4457
5912755, 4458
5914972, 4465
5917192, 4465
5919411, 4473
5921631, 4473
5923851, 4474
5926070, 4484
5928289, 4484
5930508, 4484
5932730, 4493
5934953, 4493
5937171, 4494
5939391, 4502
5941611, 4502
5943829, 4502
5946047, 4510
5948266, 4510
5950483, 4510
5952699, 4519
5954917, 4519
5957136, 4520
5959355, 4528
5961574, 4529
5963793, 4529
5966012, 4536
5968230, 4537
5970453, 4537
5972675, 4546
5974890, 4546
5977114, 4546
5979333, 4554
5981554, 4554
5983773, 4554
5985992, 4555
5988211, 4563
5990431, 4563
5992649, 4564
5994868, 4564
5997087, 4572
5999307, 4572
6001528, 4573
6003749, 4573
6005969, 4582
6008187, 4582
6010407, 4582
6012627, 4583
6014846, 4590
6017064, 4590
6019283, 4590
6021502, 4591
6023721, 4598
6025943, 4598
6028162, 4599
6030380, 4599
6032598, 4600
6034821, 4607
6037043, 4607
6039267, 4608
6041487, 4608
6043705, 4609
6045924, 4616
6048142, 4616
6050363, 4617
6052583, 4617
6054801, 4617
6057020, 4625
6059239, 4625
6061459, 4625
6063682, 4626
6065903, 4626
6068122, 4627
6070341, 4635
6072560, 4635
6074780, 4635
6076999, 4635
6079217, 4636
6081436, 4636
6083655, 4644
6085874, 4644
6088096, 4645
6090316, 4645
6092535, 4645
6094753, 4653
6096972, 4653
6099191, 4653
6101410, 4653
6103630, 4654
6105848, 4654
6108067, 4654
6110286, 4655
6112506, 4664
6114725, 4664
6116945, 4664
6119163, 4664
6121381, 4664
6123601, 4665
6125820, 4665
6128041, 4673
6130260, 4674
6132478, 4674
6134697, 4674
6136916, 4674
6139139, 4675
6141359, 4675
6143579, 4683
6145798, 4683
6148017, 4683
6150236, 4683
6152457, 4684
6154675, 4684
6156894, 4684
6159113, 4685
6161332, 4685
6163552, 4685
6165770, 4693
6167989, 4693
6170207, 4694
6172426, 4694
6174647, 4694
6176867, 4694
6179086, 4695
6181305, 4695
6183523, 4703
6185743, 4703
6187962, 4703
6190184, 4703
6192403, 4703
6194622, 4704
6196841, 4704
6199060, 4704
6201285, 4705
6203507, 4705
6205725, 4713
6207944, 4713
6210162, 4713
6212382, 4713
6214604, 4713
6216825, 4713
6219047, 4714
6221265, 4714
6223489, 4714
6225708, 4715
6227928, 4715
6230148, 4723
6232366, 4723
6234585, 4723
6236804, 4723
6239024, 4723
6241246, 4724
6243465, 4724
6245684, 4724
6247902, 4725
6250122, 4725
6252344, 4725
6254564, 4726
6256782, 4733
6259001, 4733
6261223, 4733
6263444, 4733
6265663, 4734
6267882, 4734
6270101, 4734
6272320, 4735
6274539, 4735
6276759, 4735
6278979, 4736
6281199, 4736
6283418, 4744
6285637, 4744
6287856, 4744
6290076, 4744
6292295, 4744
6294515, 4744
6296733, 4745
6298950, 4745
6301169, 4745
6303389, 4745
6305609, 4746
6307827, 4746
6310046, 4747
6312265, 4755
6314485, 4755
6316705, 4755
6318924, 4755
6321144, 4755
6323362, 4755
6325582, 4755
6327802, 4756
6330020, 4756
6332239, 4756
6334460, 4757
6336677, 4757
6338896, 4758
6341115, 4766
6343339, 4766
6345560, 4766
6347779, 4766
6350000, 4766
6352220, 4766
6354439, 4766
6356657, 4767
6358876, 4767
6361094, 4767
6363314, 4768
6365533, 4768
6367752, 4768
6369970, 4769
6372189, 4769
6374407, 4769
6376629, 4770
6378849, 4770
6381071, 4771
6383289, 4771
6385508, 4772
6387728, 4772
6389947, 4779
6392167, 4779
6394384, 4779
6396604, 4779
6398821, 4780
6401042, 4780
6403260, 4780
6405481, 4780
6407694, 4780
6409916, 4781
6412134, 4781
6414358, 4781
6416577, 4782
6418796, 4782
6421015, 4782
6423233, 4782
6425452, 4783
6427671, 4783
6429890, 4784
6432109, 4784
6434331, 4785
6436551, 4792
6438774, 4792
6440995, 4792
6443214, 4792
6445433, 4793
6447652, 4793
6449870, 4793
6452092, 4793
6454314, 4793
6456534, 4793
6458752, 4794
6460973, 4794
6463192, 4794
6465413, 4795
6467633, 4795
6469857, 4795
6472078, 4796
6474296, 4796
6476516, 4796
6478736, 4797
6480955, 4797
6483176, 4805
6485394, 4805
6487611, 4805
6489832, 4805
6492052, 4805
6494275, 4805
6496492, 4805
6498712, 4806
6500930, 4806
6503150, 4806
6505369, 4806
6507588, 4806
6509805, 4806
6512024, 4807
6514241, 4807
6516461, 4807
6518680, 4808
6520899, 4808
6523118, 4808
6525337, 4809
6527554, 4809
6529774, 4809
6531993, 4809
6534213, 4810
6536432, 4810
6538649, 4810
6540871, 4810
6543088, 4811
6545309, 4811
6547527, 4811
6549746, 4811
6551965, 4812
6554185, 4812
6556404, 4813
6558624, 4813
6560843, 4813
6563062, 4813
6565283, 4814
6567505, 4814
6569724, 4814
6571939, 4815
6574159, 4815
6576377, 4815
6578600, 4815
6580821, 4816
6583041, 4816
6585260, 4816
6587480, 4816
6589698, 4817
6591917, 4817
6594137, 4817
6596356, 4818
6598574, 4818
6600795, 4818
6603018, 4818
6605238, 4819
6607458, 4819
6609677, 4819
6611896, 4820
6614115, 4820
6616335, 4820
6618554, 4820
6620773, 4821
6622993, 4821
6625212, 4821
6627432, 4821
6629650, 4822
6631868, 4822
6634088, 4822
6636306, 4823
6638525, 4823
6640744, 4823
6642964, 4823
6645183, 4824
6647402, 4824
6649621, 4824
6651842, 4825
6654063, 4825
6656283, 4825
6658501, 4826
6660719, 4826
6662937, 4826
6665156, 4827
6667375, 4827
6669595, 4827
6671814, 4828
6674036, 4828
6676256, 4828
6678476, 4829
6680695, 4829
6682914, 4829
6685134, 4830
6687353, 4830
6689570, 4830
6691792, 4831
6694012, 4831
6696231, 4832
6698450, 4832
6700669, 4832
6702890, 4833
6705110, 4833
6707326, 4833
6709547, 4833
6711765, 4834
6713985, 4834
6716204, 4835
6718423, 4835
6720643, 4835
6722862, 4835
6725082, 4836
6727300, 4836
6729517, 4836
6731734, 4837
6733953, 4837
6736174, 4837
6738393, 4837
6740611, 4838
6742830, 4838
6745051, 4838
6747271, 4839
6749490, 4839
6751709, 4839
6753928, 4840
6756147, 4840
6758366, 4840
6760585, 4840
6762808, 4841
6765028, 4841
6767247, 4841
6769466, 4841
6771689, 4842
6773908, 4842
6776126, 4842
6778345, 4842
6780564, 4842
6782783, 4843
6785002, 4843
6787221, 4843
6789440, 4844
6791662, 4844
6793886, 4844
6796105, 4844
6798324, 4844
6800542, 4845
6802765, 4845
6804988, 4845
6807210, 4845
6809428, 4846
6811646, 4846
6813861, 4846
6816082, 4846
6818304, 4846
6820524, 4846
6822746, 4847
6824965, 4847
6827186, 4847
6829403, 4847
6831622, 4847
6833841, 4847
6836059, 4847
6838285, 4848
6840504, 4848
6842728, 4848
6844948, 4848
6847168, 4848
6849387, 4849
6851608, 4849
6853826, 4849
6856047, 4849
6858266, 4849
6860489, 4849
6862708, 4849
6864927, 4850
6867145, 4850
6869365, 4850
6871583, 4850
6873803, 4850
6876021, 4850
6878240, 4850
6880461, 4850
6882680, 4851
6884900, 4851
6887119, 4851
6889338, 4852
6891556, 4852
6893775, 4852
6895999, 4852
6898222, 4852
6900441, 4852
6902659, 4852
6904876, 4852
6907095, 4852
6909315, 4852
6911534, 4852
6913753, 4853
6915973, 4853
6918192, 4853
6920411, 4853
6922630, 4853
6924852, 4853
6927070, 4853
6929288, 4854
6931508, 4854
6933727, 4854
6935951, 4854
6938173, 4854
6940392, 4854
6942611, 4854
6944830, 4854
6947049, 4854
6949269, 4854
6951487, 4854
6953706, 4854
6955927, 4854
6958152, 4854
6960373, 4854
6962591, 4854
6964809, 4855
6967028, 4855
6969248, 4855
6971467, 4855
6973686, 4855
6975904, 4855
6978126, 4856
6980344, 4856
6982563, 4856
6984788, 4856
6987007, 4856
6989225, 4856
6991447, 4856
6993668, 4857
6995887, 4857
6998106, 4857
7000328, 4857
7002551, 4857
7004771, 4857
7006990, 4857
7009210, 4857
7011429, 4857
7013647, 4857
7015866, 4857
7018078, 4857
7020297, 4857
7022519, 4857
7024743, 4857
7026962, 4857
7029181, 4858
7031401, 4858
7033620, 4858
7035839, 4858
7038058, 4858
7040280, 4859
7042498, 4859
7044718, 4859
7046942, 4859
7049161, 4859
7051381, 4859
7053600, 4859
7055818, 4860
7058038, 4860
7060256, 4860
7062474, 4860
7064693, 4860
7066913, 4860
7069131, 4860
7071350, 4860
7073572, 4861
7075791, 4861
7078009, 4861
7080232, 4861
7082455, 4861
7084674, 4861
7086890, 4862
7089109, 4862
7091327, 4862
7093546, 4862
7095767, 4862
7097986, 4862
7100206, 4862
7102425, 4862
7104644, 4862
7106862, 4862
7109081, 4863
7111300, 4863
7113520, 4863
7115741, 4863
7117959, 4863
7120179, 4864
7122398, 4864
7124618, 4864
7126837, 4864
7129061, 4865
7131279, 4865
7133499, 4865
7135718, 4865
7137940, 4866
7140158, 4866
7142377, 4866
7144599, 4866
7146825, 4867
7149048, 4867
7151265, 4867
7153486, 4867
7155709, 4868
7157927, 4868
7160149, 4868
7162366, 4868
7164585, 4869
7166802, 4869
7169026, 4869
7171250, 4869
7173474, 4869
7175694, 4870
7177912, 4870
7180130, 4870
7182352, 4871
7184572, 4871
7186791, 4871
7189011, 4871
7191226, 4872
7193445, 4872
7195663, 4872
7197883, 4873
7200102, 4873
7202322, 4873
7204540, 4873
7206758, 4874
7208978, 4874
7211196, 4882
7213415, 4882
7215634, 4882
7217853, 4882
7220075, 4882
7222295, 4882
7224515, 4882
7226734, 4882
7228952, 4882
7231171, 4882
7233390, 4882
7235609, 4882
7237828, 4883
7240047, 4883
7242265, 4883
7244485, 4883
7246704, 4883
7248923, 4883
7251143, 4884
7253362, 4884
7255581, 4884
7257799, 4885
7260020, 4885
7262239, 4885
7264462, 4885
7266680, 4885
7268899, 4886
7271116, 4886
7273335, 4886
7275555, 4886
7277775, 4886
7279994, 4886
7282212, 4887
7284435, 4887
7286655, 4887
7288873, 4887
7291093, 4887
7293312, 4887
7295531, 4887
7297751, 4887
7299970, 4888
7302189, 4888
7304407, 4888
7306626, 4888
7308848, 4888
7311071, 4888
7313295, 4888
7315515, 4888
7317736, 4888
7319951, 4888
7322174, 4888
7324398, 4888
7326617, 4889
7328837, 4889
7331055, 4889
7333274, 4889
7335493, 4889
7337712, 4890
7339932, 4890
7342150, 4890
7344369, 4891
7346587, 4891
7348806, 4891
7351026, 4891
7353246, 4892
7355464, 4892
7357685, 4892
7359907, 4892
7362127, 4893
7364350, 4893
7366570, 4893
7368788, 4893
7371007, 4893
7373224, 4893
7375446, 4893
7377664, 4893
7379883, 4894
7382104, 4894
7384320, 4894
7386539, 4895
7388763, 4895
7390982, 4895
7393200, 4895
7395415, 4902
7397635, 4902
7399859, 4902
7402078, 4902
7404297, 4902
7406515, 4902
7408735, 4902
7410954, 4902
7413173, 4902
7415392, 4902
7417612, 4902
7419831, 4902
7422049, 4902
7424269, 4902
7426487, 4902
7428706, 4902
7430928, 4902
7433149, 4902
7435368, 4902
7437587, 4902
7439807, 4902
7442026, 4902
7444244, 4902
7446463, 4902
7448682, 4902
7450902, 4902
7453121, 4902
7455341, 4902
7457559, 4903
7459778, 4903
7461997, 4903
7464216, 4903
7466436, 4903
7468658, 4903
7470877, 4904
7473096, 4904
7475316, 4904
7477537, 4904
7479755, 4905
7481977, 4905
7484199, 4905
7486418, 4905
7488638, 4906
7490857, 4906
7493077, 4906
7495295, 4906
7497513, 4906
7499732, 4907
7501953, 4907
7504174, 4907
7506392, 4908
7508615, 4908
7510836, 4908
7513056, 4908
7515275, 4908
7517496, 4908
7519716, 4908
7521935, 4909
7524154, 4916
7526376, 4916
7528594, 4916
7530815, 4916
7533033, 4916
7535250, 4916
7537475, 4916
7539694, 4916
7541913, 4916
7544133, 4916
7546356, 4916
7548576, 4916
7550794, 4916
7553018, 4916
7555237, 4916
7557455, 4916
7559674, 4917
7561894, 4917
7564113, 4917
7566335, 4917
7568555, 4917
7570773, 4917
7572992, 4917
7575211, 4917
7577432, 4918
7579657, 4918
7581879, 4918
7584098, 4918
7586318, 4919
7588537, 4919
7590756, 4919
7592976, 4919
7595194, 4920
7597417, 4920
7599638, 4920
7601860, 4920
7604083, 4920
7606302, 4920
7608523, 4920
7610740, 4920
7612959, 4921
7615180, 4921
7617399, 4921
7619618, 4921
7621837, 4921
7624056, 4921
7626279, 4922
7628497, 4922
7630717, 4922
7632935, 4922
7635154, 4922
7637373, 4922
7639592, 4922
7641815, 4922
7644033, 4923
7646252, 4923
7648470, 4923
7650690, 4923
7652909, 4924
7655131, 4924
7657351, 4924
7659570, 4924
7661789, 4924
7664009, 4924
7666228, 4924
7668450, 4924
7670674, 4924
7672896, 4925
7675114, 4925
7677334, 4925
7679553, 4925
7681775, 4925
7683993, 4925
7686215, 4925
7688435, 4925
7690654, 4925
7692873, 4925
7695098, 4925
7697318, 4925
7699536, 4925
7701755, 4925
7703974, 4924
7706194, 4924
7708413, 4924
7710635, 4924
7712856, 4925
7715076, 4925
7717293, 4924
7719514, 4924
7721732, 4924
7723955, 4924
7726175, 4924
7728394, 4924
7730613, 4924
7732836, 4924
7735055, 4924
7737273, 4924
7739493, 4924
7741713, 4924
7743932, 4924
7746150, 4924
7748368, 4924
7750587, 4924
7752808, 4924
7755026, 4924
7757245, 4924
7759465, 4924
7761682, 4924
7763905, 4923
7766125, 4924
7768344, 4924
7770563, 4924
7772783, 4924
7775001, 4924
7777220, 4924
7779440, 4924
7781659, 4924
7783879, 4924
7786098, 4924
7788316, 4924
7790538, 4925
7792760, 4925
7794978, 4925
7797198, 4925
7799416, 4925
7801636, 4925
7803856, 4925
7806077, 4926
7808296, 4926
7810514, 4926
7812736, 4926
7814957, 4926
7817176, 4927
7819396, 4927
7821614, 4927
7823833, 4927
7826058, 4927
7828277, 4927
7830497, 4927
7832719, 4928
7834940, 4928
7837159, 4928
7839378, 4929
7841599, 4929
7843822, 4929
7846045, 4929
7848263, 4929
7850481, 4930
7852703, 4930
7854924, 4931
7857142, 4931
7859365, 4931
7861586, 4931
7863804, 4932
7866022, 4932
7868245, 4939
7870463, 4939
7872683, 4939
7874903, 4939
7877121, 4939
7879341, 4939
7881564, 4939
7883783, 4939
7886002, 4939
7888220, 4939
7890443, 4939
7892663, 4939
7894882, 4939
7897101, 4940
7899319, 4940
7901539, 4940
7903759, 4940
7905978, 4940
7908198, 4941
7910416, 4941
7912636, 4941
7914855, 4941
7917074, 4942
7919292, 4942
7921512, 4942
7923730, 4942
7925951, 4943
7928171, 4943
7930391, 4943
7932610, 4943
7934831, 4943
7937049, 4943
7939267, 4944
7941487, 4944
7943707, 4944
7945925, 4944
7948145, 4944
7950364, 4944
7952582, 4944
7954801, 4944
7957020, 4945
7959239, 4945
7961458, 4945
7963679, 4945
7965898, 4944
7968117, 4945
7970337, 4944
7972555, 4944
7974773, 4945
7976992, 4945
7979211, 4945
7981432, 4945
7983649, 4944
7985868, 4944
7988088, 4944
7990305, 4944
7992524, 4944
7994745, 4944
7996963, 4944
7999183, 4944
8001401, 4944
8003617, 4944
8005835, 4944
8008054, 4943
8010275, 4943
8012495, 4943
8014712, 4943
8016931, 4943
8019148, 4943
8021363, 4943
8023583, 4943
8025805, 4942
8028023, 4942
8030242, 4942
8032462, 4942
8034681, 4942
8036899, 4942
8039118, 4942
8041336, 4942
8043556, 4942
8045775, 4942
8047992, 4942
8050209, 4942
8052432, 4942
8054653, 4941
8056873, 4941
8059092, 4941
8061311, 4941
8063529, 4941
8065749, 4941
8067972, 4941
8070196, 4941
8072421, 4941
8074643, 4941
8076861, 4941
8079079, 4941
8081301, 4941
8083523, 4940
8085742, 4940
8087961, 4940
8090179, 4940
8092399, 4940
8094618, 4940
8096838, 4940
8099060, 4940
8101278, 4940
8103497, 4940
8105716, 4940
8107939, 4940
8110158, 4940
8112377, 4940
8114595, 4940
8116813, 4940
8119031, 4940
8121250, 4940
8123470, 4940
8125689, 4940
8127908, 4940
8130126, 4940
8132345, 4940
8134565, 4940
8136786, 4940
8139004, 4939
8141224, 4939
8143443, 4939
8145662, 4939
8147881, 4939
8150100, 4939
8152319, 4940
8154537, 4940
8156757, 4940
8158976, 4940
8161195, 4940
8163414, 4940
8165634, 4941
8167852, 4941
8170071, 4941
8172294, 4941
8174513, 4941
8176733, 4941
8178952, 4941
8181176, 4941
8183395, 4941
8185611, 4941
8187833, 4941
8190051, 4941
8192269, 4941
8194489, 4942
8196708, 4942
8198929, 4942
8201148, 4942
8203366, 4942
8205585, 4942
8207804, 4943
8210023, 4943
8212246, 4943
8214470, 4943
8216690, 4943
8218912, 4943
8221132, 4944
8223352, 4944
8225573, 4944
8227792, 4944
8230010, 4944
8232230, 4944
8234449, 4944
8236669, 4944
8238891, 4945
8241109, 4945
8243328, 4945
8245547, 4945
8247766, 4945
8249985, 4946
8252204, 4946
8254422, 4946
8256640, 4946
8258859, 4946
8261080, 4946
8263299, 4946
8265518, 4946
8267736, 4946
8269956, 4946
8272179, 4946
8274400, 4946
8276620, 4947
8278840, 4947
8281058, 4947
8283278, 4947
8285497, 4947
8287717, 4947
8289935, 4947
8292155, 4946
8294375, 4946
8296594, 4946
8298815, 4946
8301034, 4946
8303253, 4946
8305471, 4946
8307690, 4946
8309913, 4946
8312133, 4946
8314352, 4946
8316570, 4946
8318789, 4946
8321010, 4946
8323228, 4946
8325445, 4946
8327663, 4946
8329881, 4946
8332097, 4946
8334317, 4946
8336536, 4946
8338756, 4946
8340975, 4946
8343193, 4946
8345412, 4946
8347632, 4946
8349851, 4946
8352071, 4945
8354288, 4945
8356506, 4945
8358726, 4945
8360945, 4945
8363165, 4945
8365384, 4944
8367602, 4944
8369821, 4944
8372040, 4944
8374258, 4944
8376474, 4944
8378695, 4944
8380916, 4943
8383141, 4943
8385363, 4943
8387583, 4943
8389805, 4943
8392026, 4942
8394242, 4942
8396461, 4942
8398682, 4942
8400901, 4942
8403120, 4941
8405338, 4941
8407557, 4941
8409776, 4941
8411996, 4941
8414216, 4941
8416435, 4940
8418653, 4940
8420872, 4940
8423091, 4940
8425311, 4940
8427530, 4940
8429749, 4940
8431970, 4939
8434193, 4939
8436417, 4939
8438637, 4939
8440857, 4939
8443075, 4939
8445293, 4938
8447513, 4938
8449732, 4938
8451953, 4938
8454171, 4938
8456392, 4938
8458611, 4938
8460830, 4938
8463047, 4938
8465264, 4938
8467483, 4937
8469701, 4937
8471920, 4937
8474142, 4937
8476361, 4937
8478580, 4937
8480799, 4937
8483017, 4937
8485237, 4937
8487456, 4937
8489674, 4937
8491892, 4937
8494111, 4938
8496328, 4938
8498547, 4938
8500766, 4938
8502985, 4938
8505201, 4938
8507420, 4938
8509643, 4938
8511861, 4939
8514080, 4939
8516300, 4939
8518518, 4939
8520737, 4939
8522955, 4939
8525175, 4939
8527395, 4940
8529617, 4940
8531835, 4941
8534053, 4941
8536273, 4941
8538492, 4941
8540714, 4942
8542931, 4942
8545149, 4949
8547368, 4949
8549589, 4949
8551811, 4949
8554032, 4949
8556253, 4949
8558475, 4949
8560695, 4950
8562914, 4950
8565136, 4950
8567358, 4950
8569580, 4950
8571801, 4951
8574024, 4951
8576246, 4951
8578467, 4951
8580685, 4951
8582902, 4951
8585123, 4952
8587339, 4952
8589559, 4952
8591780, 4953
8594001, 4953
8596220, 4953
8598441, 4953
8600661, 4953
8602885, 4953
8605107, 4954
8607326, 4954
8609544, 4954
8611764, 4955
8613986, 4955
8616206, 4955
8618425, 4956
8620646, 4963
8622865, 4963
8625086, 4963
8627304, 4963
8629522, 4963
8631741, 4963
8633962, 4963
8636184, 4963
8638403, 4963
8640623, 4963
8642840, 4963
8645062, 4963
8647284, 4963
8649507, 4963
8651727, 4964
8653948, 4964
8656164, 4964
8658382, 4964
8660600, 4964
8662820, 4964
8665040, 4965
8667258, 4965
8669477, 4965
8671698, 4965
8673917, 4965
8676138, 4965
8678357, 4966
8680577, 4966
8682795, 4966
8685012, 4966
8687230, 4967
8689449, 4967
8691669, 4967
8693887, 4967
8696105, 4967
8698323, 4967
8700543, 4968
8702763, 4968
8704982, 4968
8707201, 4968
8709419, 4968
8711639, 4968
8713859, 4968
8716078, 4968
8718297, 4968
8720521, 4969
8722740, 4969
8724959, 4969
8727179, 4969
8729399, 4969
8731617, 4969
8733835, 4970
8736054, 4970
8738277, 4970
8740500, 4970
8742724, 4970
8744943, 4970
8747161, 4970
8749380, 4970
8751600, 4971
8753819, 4971
8756038, 4971
8758256, 4971
8760475, 4971
8762695, 4971
8764914, 4971
8767134, 4971
8769352, 4972
8771572, 4971
8773790, 4972
8776010, 4972
8778231, 4972
8780450, 4972
8782668, 4972
8784886, 4972
8787109, 4972
8789328, 4972
8791548, 4972
8793767, 4972
8795988, 4972
8798208, 4972
8800429, 4971
8802651, 4971
8804871, 4971
8807089, 4971
8809305, 4972
8811526, 4972
8813749, 4972
8815969, 4972
8818190, 4972
8820408, 4972
8822627, 4972
8824848, 4972
8827067, 4972
8829287, 4972
8831508, 4972
8833727, 4972
8835945, 4972
8838165, 4972
8840381, 4972
8842601, 4972
8844824, 4972
8847040, 4972
8849257, 4972
8851477, 4972
8853698, 4972
8855918, 4972
8858136, 4972
8860355, 4972
8862573, 4973
8864792, 4973
8867011, 4973
8869231, 4973
8871450, 4973
8873670, 4973
8875886, 4973
8878109, 4974
8880328, 4974
8882548, 4974
8884766, 4974
8886985, 4974
8889204, 4974
8891425, 4974
8893644, 4975
8895863, 4975
8898082, 4975
8900300, 4975
8902521, 4975
8904740, 4975
8906965, 4975
8909183, 4975
8911403, 4975
8913623, 4975
8915843, 4975
8918064, 4976
8920283, 4976
8922501, 4976
8924720, 4976
8926940, 4976
8929161, 4976
8931381, 4976
8933598, 4976
8935818, 4976
8938036, 4976
8940256, 4977
8942475, 4977
8944695, 4977
8946914, 4977
8949133, 4977
8951355, 4977
8953575, 4978
8955794, 4978
8958016, 4978
8960234, 4978
8962452, 4978
8964673, 4978
8966892, 4978
8969111, 4979
8971331, 4979
8973550, 4979
8975772, 4979
8977992, 4980
8980211, 4980
8982429, 4980
8984648, 4980
8986863, 4981
8989085, 4981
8991305, 4981
8993522, 4982
8995744, 4982
8997962, 4982
9000181, 4982
9002400, 4983
9004619, 4983
9006843, 4983
9009067, 4983
9011289, 4983
9013513, 4983
9015734, 4983
9017953, 4983
9020173, 4983
9022391, 4983
9024610, 4983
9026830, 4983
9029050, 4983
9031268, 4983
9033488, 4982
9035706, 4982
9037925, 4982
9040144, 4982
9042365, 4982
9044585, 4982
9046803, 4982
9049022, 4981
9051240, 4981
9053460, 4981
9055680, 4980
9057902, 4980
9060121, 4980
9062340, 4980
9064558, 4980
9066778, 4979
9068998, 4979
9071217, 4979
9073435, 4979
9075654, 4979
9077874, 4978
9080096, 4978
9082317, 4978
9084536, 4977
9086755, 4977
9088974, 4977
9091194, 4977
9093413, 4976
9095632, 4976
9097851, 4976
9100069, 4976
9102289, 4976
9104511, 4975
9106730, 4975
9108949, 4975
9111165, 4975
9113388, 4975
9115607, 4974
9117827, 4974
9120046, 4974
9122265, 4973
9124486, 4973
9126704, 4973
9128924, 4973
9131143, 4973
9133362, 4972
9135581, 4972
9137801, 4972
9140019, 4972
9142239, 4972
9144458, 4972
9146678, 4972
9148896, 4972
9151115, 4971
9153338, 4971
9155558, 4971
9157777, 4971
9159997, 4971
9162217, 4971
9164435, 4971
9166655, 4971
9168875, 4971
9171094, 4971
9173313, 4972
9175531, 4972
9177755, 4972
9179978, 4972
9182198, 4972
9184418, 4972
9186635, 4972
9188856, 4972
9191077, 4972
9193297, 4972
9195516, 4972
9197735, 4972
9199958, 4973
9202177, 4973
9204399, 4973
9206619, 4973
9208838, 4973
9211056, 4973
9213275, 4973
9215494, 4973
9217713, 4974
9219932, 4974
9222151, 4974
9224373, 4974
9226597, 4974
9228819, 4974
9231042, 4975
9233264, 4975
9235483, 4975
9237702, 4975
9239924, 4975
9242144, 4975
9244364, 4975
9246582, 4976
9248797, 4976
9251018, 4976
9253240, 4976
9255459, 4977
9257678, 4977
9259898, 4977
9262117, 4977
9264336, 4977
9266554, 4977
9268775, 4978
9270993, 4978
9273215, 4978
9275433, 4978
9277652, 4979
9279875, 4979
9282095, 4979
9284314, 4979
9286536, 4979
9288755, 4979
9290979, 4979
9293199, 4980
9295418, 4980
9297638, 4980
9299856, 4980
9302075, 4980
9304293, 4980
9306513, 4981
9308732, 4981
9310952, 4981
9313171, 4982
9315390, 4982
9317609, 4982
9319829, 4982
9322047, 4983
9324266, 4983
9326485, 4983
9328704, 4983
9330923, 4984
9333146, 4984
9335370, 4984
9337589, 4984
9339807, 4985
9342027, 4985
9344251, 4985
9346471, 4985
9348692, 4986
9350909, 4986
9353127, 4986
9355348, 4987
9357571, 4987
9359792, 4987
9362011, 4987
9364230, 4987
9366449, 4987
9368668, 4988
9370887, 4988
9373106, 4988
9375329, 4988
9377550, 4988
9379768, 4988
9381988, 4989
9384207, 4989
9386428, 4989
9388650, 4989
9390868, 4990
9393088, 4990
9395307, 4990
9397527, 4990
9399750, 4990
9401970, 4990
9404188, 4991
9406407, 4991
9408627, 4991
9410846, 4991
9413065, 4991
9415286, 4991
9417506, 4991
9419726, 4991
9421948, 4991
9424167, 4992
9426386, 4992
9428603, 4992
9430822, 4992
9433042, 4992
9435261, 4992
9437482, 4992
9439700, 4992
9441919, 4992
9444138, 4992
9446358, 4992
9448578, 4992
9450797, 4993
9453018, 4993
9455236, 4992
9457455, 4992
9459675, 4993
9461894, 4993
9464117, 4993
9466338, 4992
9468557, 4992
9470780, 4992
9473000, 4992
9475219, 4992
9477435, 4992
9479649, 4992
9481871, 4992
9484091, 4992
9486311, 4992
9488531, 4991
9490751, 4991
9492969, 4991
9495193, 4991
9497413, 4991
9499632, 4991
9501852, 4991
9504069, 4991
9506289, 4991
9508508, 4991
9510726, 4991
9512943, 4991
9515162, 4991
9517380, 4991
9519602, 4991
9521820, 4990
9524039, 4990
9526260, 4990
9528478, 4990
9530695, 4990
9532917, 4990
9535136, 4990
9537356, 4990
9539575, 4990
9541795, 4989
9544014, 4989
9546234, 4989
9548454, 4989
9550673, 4989
9552893, 4989
9555113, 4989
9557333, 4989
9559551, 4989
9561769, 4989
9563989, 4989
9566208, 4989
9568426, 4989
9570645, 4989
9572865, 4989
9575084, 4989
9577302, 4989
9579521, 4989
9581739, 4989
9583963, 4989
9586181, 4989
9588400, 4989
9590619, 4989
9592838, 4989
9595058, 4989
9597278, 4989
9599496, 4989
9601715, 4989
9603933, 4989
9606152, 4989
9608371, 4990
9610594, 4990
9612815, 4990
9615035, 4990
9617253, 4990
9619472, 4990
9621691, 4990
9623912, 4990
9626130, 4991
9628348, 4991
9630568, 4991
9632786, 4991
9635006, 4991
9637225, 4991
9639446, 4991
9641665, 4991
9643883, 4991
9646099, 4991
9648319, 4992
9650539, 4991
9652757, 4991
9654975, 4991
9657192, 4991
9659414, 4991
9661635, 4991
9663857, 4991
9666078, 4991
9668297, 4991
9670516, 4991
9672735, 4991
9674956, 4991
9677176, 4991
9679392, 4991
9681615, 4991
9683834, 4991
9686052, 4991
9688273, 4991
9690494, 4991
9692713, 4991
9694932, 4991
9697156, 4991
9699375, 4991
9701594, 4992
9703815, 4992
9706030, 4992
9708251, 4992
9710470, 4992
9712689, 4992
9714909, 4992
9717126, 4993
9719345, 4993
9721562, 4993
9723783, 4993
9726001, 4994
9728222, 4994
9730441, 4994
9732660, 4994
9734880, 4994
9737100, 4994
9739320, 4995
9741541, 4995
9743760, 4995
9745979, 4995
9748198, 4996
9750421, 4996
9752646, 4996
9754866, 4996
9757085, 4997
9759304, 4997
9761524, 4997
9763745, 4997
9765970, 4997
9768189, 4998
9770407, 4998
9772624, 4998
9774840, 4999
9777058, 4999
9779282, 4999
9781501, 4999
9783719, 5007
9785937, 5007
9788157, 5007
9790376, 5007
9792596, 5007
9794813, 5007
9797031, 5007
9799251, 5007
9801473, 5007
9803693, 5007
9805911, 5007
9808128, 5007
9810348, 5007
9812567, 5007
9814787, 5007
9817006, 5007
9819224, 5008
9821444, 5008
9823663, 5008
9825884, 5008
9828104, 5008
9830323, 5008
9832541, 5008
9834761, 5009
9836979, 5009
9839197, 5009
9841418, 5009
9843637, 5009
9845856, 5009
9848076, 5009
9850295, 5010
9852515, 5010
9854734, 5010
9856954, 5010
9859172, 5011
9861393, 5011
9863613, 5011
9865833, 5011
9868054, 5011
9870272, 5011
9872491, 5011
9874710, 5011
9876929, 5012
9879152, 5012
9881371, 5012
9883590, 5012
9885810, 5012
9888029, 5012
9890248, 5012
9892470, 5012
9894689, 5013
9896911, 5013
9899132, 5013
9901350, 5013
9903574, 5013
9905793, 5013
9908012, 5013
9910231, 5013
9912454, 5013
9914673, 5013
9916893, 5014
9919111, 5014
9921329, 5014
9923549, 5014
9925768, 5014
9927989, 5014
9930211, 5014
9932432, 5014
9934651, 5014
9936870, 5014
9939091, 5015
9941311, 5015
9943530, 5015
9945747, 5015
9947966, 5015
9950186, 5016
9952402, 5016
9954622, 5016
9956840, 5016
9959058, 5016
9961280, 5016
9963503, 5016
9965722, 5016
9967941, 5016
9970159, 5016
9972382, 5016
9974601, 5016
9976822, 5016
9979042, 5016
9981264, 5016
9983488, 5016
9985706, 5016
9987926, 5016
9990145, 5016
9992365, 5016
9994583, 5016
9996805, 5016
9999025, 5016
10001244, 5016
10003465, 5016
10005685, 5016
10007904, 5016
10010123, 5016
10012341, 5016
10014560, 5017
10016779, 5017
10018999, 5017
10021218, 5017
10023438, 5017
10025657, 5017
10027875, 5017
10030097, 5017
10032319, 5017
10034539, 5017
10036758, 5017
10038977, 5017
10041195, 5017
10043415, 5017
10045638, 5017
10047861, 5017
10050081, 5018
10052300, 5018
10054523, 5017
10056744, 5017
10058967, 5017
10061185, 5017
10063404, 5017
10065623, 5017
10067842, 5017
10070063, 5018
10072288, 5018
10074505, 5018
10076724, 5018
10078943, 5018
10081163, 5018
10083382, 5018
10085602, 5018
10087822, 5018
10090041, 5018
10092260, 5018
10094480, 5018
10096698, 5018
10098917, 5018
10101136, 5018
10103353, 5018
10105572, 5018
10107792, 5018
10110011, 5018
10112230, 5018
10114452, 5017
10116670, 5017
10118889, 5017
10121111, 5017
10123332, 5017
10125551, 5017
10127774, 5018
10129994, 5018
10132214, 5018
10134433, 5018
10136653, 5018
10138870, 5018
10141090, 5018
10143314, 5018
10145537, 5018
10147757, 5018
10149979, 5018
10152199, 5018
10154417, 5018
10156637, 5018
10158859, 5018
10161078, 5018
10163300, 5018
10165519, 5018
10167739, 5018
10169958, 5018
10172181, 5018
10174404, 5018
10176621, 5018
10178839, 5018
10181060, 5018
10183283, 5018
10185505, 5018
10187724, 5019
10189942, 5019
10192160, 5019
10194379, 5019
10196605, 5019
10198825, 5019
10201043, 5019
10203262, 5019
10205480, 5019
10207700, 5020
10209918, 5020
10212138, 5020
10214356, 5020
10216574, 5020
10218798, 5020
10221016, 5020
10223236, 5020
10225456, 5020
10227674, 5020
10229892, 5020
10232115, 5020
10234335, 5020
10236553, 5020
10238775, 5020
10240994, 5020
10243212, 5020
10245436, 5021
10247657, 5021
10249876, 5021
10252098, 5021
10254311, 5021
10256530, 5021
10258751, 5021
10260973, 5021
10263193, 5021
10265413, 5021
10267632, 5021
10269851, 5021
10272072, 5021
10274292, 5021
10276509, 5021
10278727, 5021
10280946, 5021
10283168, 5021
10285388, 5021
10287612, 5021
10289831, 5021
10292050, 5021
10294269, 5021
10296489, 5021
10298708, 5021
10300927, 5021
10303145, 5021
10305366, 5021
10307586, 5021
10309805, 5021
10312026, 5021
10314247, 5021
10316466, 5021
10318684, 5021
10320906, 5021
10323128, 5022
10325350, 5022
10327569, 5022
10329788, 5022
10332007, 5022
10334231, 5022
10336450, 5022
10338670, 5022
10340884, 5022
10343102, 5022
10345321, 5022
10347543, 5022
10349768, 5022
10351986, 5021
10354203, 5021
10356418, 5022
10358640, 5021
10360859, 5021
10363079, 5021
10365301, 5021
10367522, 5022
10369745, 5022
10371963, 5022
10374185, 5022
10376406, 5022
10378625, 5022
10380844, 5022
10383063, 5021
10385281, 5021
10387502, 5021
10389721, 5021
10391940, 5021
10394159, 5021
10396374, 5021
10398594, 5021
10400811, 5021
10403032, 5021
10405252, 5021
10407474, 5021
10409695, 5021
10411915, 5020
10414133, 5020
10416353, 5020
10418572, 5020
10420791, 5020
10423011, 5020
10425230, 5019
10427450, 5019
10429667, 5019
10431885, 5019
10434108, 5019
10436331, 5019
10438554, 5019
10440774, 5019
10442993, 5019
10445211, 5019
10447430, 5019
10449650, 5019
10451870, 5019
10454091, 5019
10456311, 5019
10458531, 5018
10460750, 5018
10462969, 5018
10465188, 5018
10467408, 5018
10469628, 5018
10471847, 5018
10474069, 5018
10476289, 5018
10478508, 5018
10480728, 5018
10482947, 5018
10485166, 5018
10487386, 5018
10489606, 5018
10491824, 5018
10494046, 5018
10496264, 5018
10498483, 5018
10500703, 5018
10502922, 5018
10505141, 5018
10507361, 5017
10509581, 5017
10511804, 5017
10514023, 5017
10516242, 5017
10518461, 5017
10520679, 5017
10522898, 5017
10525118, 5017
10527337, 5017
10529559, 5017
10531777, 5017
10534000, 5017
10536223, 5017
10538443, 5017
10540662, 5017
10542881, 5017
10545099, 5017
10547323, 5017
10549542, 5017
10551761, 5017
10553979, 5017
10556198, 5017
10558416, 5017
10560635, 5017
10562857, 5017
10565076, 5017
10567295, 5017
10569513, 5017
10571732, 5017
10573954, 5017
10576177, 5017
10578396, 5017
10580615, 5017
10582834, 5017
10585053, 5017
10587276, 5017
10589495, 5017
10591719, 5017
10593936, 5017
10596158, 5017
10598380, 5017
10600599, 5017
10602820, 5017
10605039, 5017
10607256, 5017
10609475, 5018
10611699, 5018
10613919, 5018
10616138, 5018
10618356, 5018
10620575, 5018
10622797, 5018
10625018, 5018
10627235, 5019
10629455, 5019
10631672, 5019
10633890, 5019
10636110, 5020
10638328, 5020
10640548, 5020
10642765, 5020
10644985, 5021
10647203, 5021
10649423, 5021
10651643, 5021
10653862, 5021
10656081, 5021
10658299, 5022
10660520, 5022
10662739, 5022
10664960, 5022
10667183, 5022
10669401, 5022
10671620, 5022
10673840, 5022
10676056, 5023
10678278, 5023
10680498, 5023
10682716, 5023
10684933, 5023
10687153, 5023
10689373, 5023
10691590, 5023
10693808, 5023
10696027, 5023
10698246, 5023
10700466, 5023
10702687, 5023
10704908, 5023
10707129, 5023
10709347, 5023
10711566, 5023
10713786, 5023
10716005, 5024
10718223, 5024
10720442, 5024
10722659, 5024
10724878, 5024
10727098, 5025
10729317, 5025
10731538, 5025
10733757, 5025
10735979, 5025
10738199, 5025
10740418, 5025
10742643, 5025
10744863, 5026
10747080, 5026
10749300, 5026
10751522, 5026
10753740, 5026
10755960, 5026
10758182, 5026
10760404, 5026
10762623, 5027
10764842, 5027
10767062, 5027
10769279, 5027
10771498, 5027
10773717, 5028
10775940, 5027
10778160, 5028
10780380, 5028
10782597, 5028
10784818, 5028
10787040, 5028
10789259, 5028
10791479, 5029
10793698, 5029
10795920, 5029
10798141, 5029
10800360, 5029
10802579, 5029
10804799, 5029
10807017, 5029
10809236, 5030
10811454, 5030
10813674, 5030
10815892, 5030
10818111, 5030
10820327, 5031
10822549, 5031
10824768, 5031
10826987, 5031
10829208, 5031
10831427, 5031
10833646, 5031
10835868, 5031
10838087, 5031
10840307, 5031
10842528, 5031
10844751, 5031
10846971, 5031
10849190, 5031
10851408, 5032
10853627, 5032
10855852, 5032
10858070, 5032
10860291, 5032
10862511, 5032
10864730, 5032
10866950, 5033
10869170, 5033
10871388, 5033
10873606, 5033
10875826, 5033
10878045, 5033
10880269, 5034
10882488, 5034
10884706, 5034
10886928, 5034
10889148, 5035
10891367, 5035
10893590, 5035
10895810, 5035
10898028, 5035
10900247, 5035
10902470, 5035
10904689, 5036
10906912, 5036
10909130, 5036
10911349, 5036
10913568, 5036
10915788, 5036
10918009, 5037
10920232, 5037
10922452, 5037
10924672, 5037
10926895, 5037
10929114, 5037
10931332, 5038
10933550, 5038
10935769, 5038
10937987, 5038
10940207, 5038
10942426, 5039
10944646, 5039
10946862, 5039
10949080, 5040
10951299, 5040
10953519, 5040
10955738, 5040
10957956, 5041
10960173, 5041
10962391, 5041
10964610, 5041
10966829, 5041
10969050, 5042
10971268, 5042
10973487, 5042
10975709, 5043
10977929, 5043
10980149, 5043
10982368, 5043
10984587, 5051
10986806, 5051
10989027, 5051
10991245, 5051
10993463, 5051
10995682, 5051
10997903, 5051
11000124, 5051
11002345, 5051
11004564, 5051
11006784, 5051
11009002, 5052
11011222, 5052
11013442, 5052
11015661, 5052
11017879, 5052
11020097, 5052
11022316, 5052
11024538, 5052
11026763, 5052
11028982, 5053
11031203, 5053
11033422, 5053
11035641, 5053
11037860, 5053
11040083, 5053
11042300, 5053
11044519, 5053
11046741, 5053
11048961, 5053
11051182, 5053
11053401, 5054
11055624, 5054
