=~=~=~=~=~=~=~=~=~=~=~= PuTTY log 2025.11.24 10:59:16 =~=~=~=~=~=~=~=~=~=~=~=
7, 0.00001, [N/A], 150
5001033, 186
5002830, 186
5005047, 186
5007266, 186
5009484, 186
5011703, 186
5013926, 186
5016151, 186
5018369, 186
5020586, 188
5022805, 188
5025022, 190
5027240, 191
5029460, 193
5031680, 196
5033905, 199
5036124, 199
5038343, 255
5040562, 256
5042777, 260
5044995, 310
5047214, 310
5049433, 313
5051653, 361
5053872, 362
5056095, 364
5058315, 416
5060534, 417
5062753, 420
5064972, 473
5067191, 475
5069414, 513
5071633, 514
5073853, 555
5076076, 556
5078295, 597
5080513, 600
5082731, 640
5084949, 640
5087166, 680
5089384, 681
5091604, 722
5093822, 724
5096041, 763
5098259, 764
5100479, 806
5102697, 808
5104915, 845
5107133, 846
5109352, 885
5111571, 887
5113790, 925
5116015, 926
5118235, 963
5120452, 965
5122672, 1002
5124891, 1003
5127110, 1040
5129333, 1041
5131554, 1078
5133774, 1079
5135992, 1116
5138212, 1117
5140430, 1152
5142648, 1153
5144867, 1189
5147086, 1190
5149306, 1223
5151527, 1225
5153751, 1258
5155973, 1259
5158193, 1292
5160416, 1294
5162633, 1326
5164853, 1327
5167072, 1357
5169292, 1358
5171509, 1386
5173733, 1387
5175955, 1415
5178178, 1417
5180398, 1443
5182618, 1444
5184841, 1444
5187060, 1470
5189285, 1492
5191505, 1492
5193723, 1513
5195945, 1513
5198163, 1534
5200386, 1535
5202605, 1554
5204825, 1555
5207045, 1556
5209263, 1578
5211484, 1579
5213705, 1580
5215924, 1597
5218144, 1597
5220363, 1598
5222583, 1598
5224802, 1614
5227026, 1615
5229250, 1615
5231473, 1615
5233691, 1616
5235910, 1617
5238128, 1617
5240348, 1618
5242566, 1619
5244788, 1620
5247007, 1620
5249225, 1621
5251449, 1621
5253671, 1622
5255889, 1622
5258108, 1622
5260327, 1623
5262545, 1623
5264767, 1622
5266987, 1622
5269206, 1621
5271425, 1621
5273643, 1620
5275866, 1619
5278087, 1602
5280307, 1601
5282527, 1601
5284745, 1600
5286965, 1599
5289185, 1582
5291403, 1582
5293623, 1582
5295843, 1581
5298061, 1563
5300280, 1562
5302499, 1561
5304719, 1561
5306943, 1544
5309163, 1544
5311382, 1543
5313602, 1542
5315822, 1526
5318043, 1525
5320263, 1525
5322481, 1524
5324700, 1523
5326920, 1522
5329137, 1503
5331356, 1503
5333574, 1503
5335795, 1502
5338016, 1502
5340241, 1501
5342461, 1500
5344681, 1499
5346899, 1481
5349118, 1481
5351337, 1481
5353562, 1480
5355786, 1480
5358010, 1479
5360232, 1478
5362452, 1477
5364670, 1476
5366890, 1476
5369110, 1475
5371329, 1474
5373546, 1473
5375766, 1472
5377991, 1472
5380209, 1471
5382431, 1470
5384654, 1469
5386872, 1469
5389092, 1468
5391311, 1467
5393531, 1467
5395756, 1466
5397979, 1466
5400198, 1466
5402422, 1465
5404646, 1465
5406870, 1465
5409089, 1465
5411306, 1465
5413524, 1465
5415749, 1466
5417973, 1466
5420195, 1466
5422413, 1466
5424632, 1467
5426855, 1467
5429075, 1468
5431293, 1469
5433513, 1469
5435735, 1470
5437954, 1471
5440174, 1472
5442396, 1473
5444622, 1490
5446841, 1490
5449060, 1490
5451278, 1491
5453497, 1491
5455720, 1491
5457943, 1492
5460164, 1493
5462384, 1494
5464603, 1494
5466820, 1511
5469041, 1512
5471259, 1512
5473477, 1512
5475697, 1512
5477917, 1513
5480135, 1514
5482359, 1514
5484576, 1515
5486795, 1516
5489013, 1517
5491232, 1518
5493450, 1519
5495674, 1519
5497896, 1520
5500114, 1521
5502334, 1538
5504553, 1538
5506772, 1539
5508992, 1539
5511213, 1539
5513432, 1539
5515656, 1540
5517877, 1540
5520097, 1540
5522318, 1541
5524538, 1541
5526757, 1542
5528979, 1542
5531198, 1543
5533417, 1544
5535638, 1544
5537858, 1545
5540077, 1545
5542297, 1546
5544516, 1546
5546736, 1547
5548956, 1547
5551179, 1548
5553397, 1548
5555618, 1549
5557837, 1549
5560060, 1549
5562283, 1550
5564501, 1550
5566721, 1550
5568940, 1550
5571161, 1551
5573380, 1551
5575599, 1551
5577818, 1551
5580037, 1551
5582256, 1551
5584478, 1551
5586697, 1551
5588919, 1551
5591139, 1551
5593361, 1551
5595585, 1551
5597805, 1551
5600025, 1551
5602243, 1551
5604462, 1550
5606682, 1550
5608902, 1550
5611119, 1550
5613339, 1549
5615557, 1549
5617782, 1549
5620002, 1548
5622224, 1548
5624445, 1548
5626670, 1548
5628893, 1547
5631114, 1547
5633336, 1547
5635556, 1546
5637775, 1546
5639995, 1546
5642213, 1545
5644437, 1545
5646658, 1544
5648881, 1543
5651102, 1542
5653325, 1542
5655549, 1541
5657774, 1540
5659992, 1540
5662213, 1539
5664432, 1538
5666655, 1538
5668880, 1537
5671104, 1537
5673324, 1536
5675546, 1535
5677765, 1535
5679985, 1534
5682205, 1533
5684425, 1533
5686645, 1532
5688863, 1532
5691082, 1531
5693305, 1531
5695525, 1530
5697743, 1530
5699961, 1529
5702178, 1529
5704396, 1528
5706615, 1528
5708835, 1527
5711053, 1527
5713270, 1527
5715490, 1526
5717710, 1526
5719929, 1526
5722150, 1526
5724366, 1525
5726589, 1525
5728808, 1525
5731026, 1524
5733250, 1523
5735470, 1523
5737688, 1523
5739908, 1522
5742126, 1522
5744349, 1522
5746568, 1522
5748786, 1522
5751004, 1521
5753224, 1521
5755442, 1521
5757660, 1521
5759879, 1521
5762097, 1521
5764317, 1522
5766536, 1522
5768755, 1522
5770974, 1522
5773194, 1523
5775417, 1523
5777637, 1523
5779857, 1524
5782077, 1524
5784297, 1525
5786515, 1525
5788736, 1526
5790956, 1526
5793177, 1527
5795401, 1527
5797624, 1528
5799847, 1528
5802071, 1528
5804290, 1529
5806512, 1529
5808731, 1530
5810952, 1530
5813175, 1530
5815400, 1531
5817619, 1531
5819841, 1531
5822061, 1532
5824280, 1532
5826499, 1533
5828719, 1533
5830942, 1534
5833162, 1534
5835379, 1535
5837598, 1535
5839820, 1536
5842044, 1536
5844265, 1537
5846483, 1537
5848702, 1537
5850921, 1538
5853145, 1538
5855365, 1539
5857584, 1539
5859804, 1539
5862022, 1540
5864246, 1540
5866465, 1541
5868691, 1541
5870912, 1542
5873130, 1542
5875350, 1542
5877569, 1543
5879791, 1544
5882015, 1544
5884236, 1544
5886457, 1544
5888678, 1545
5890897, 1545
5893119, 1545
5895338, 1545
5897556, 1545
5899774, 1545
5901997, 1546
5904217, 1546
5906435, 1546
5908655, 1546
5910877, 1546
5913099, 1546
5915321, 1546
5917541, 1546
5919766, 1546
5921987, 1546
5924206, 1546
5926426, 1546
5928646, 1547
5930864, 1547
5933083, 1547
5935301, 1547
5937519, 1547
5939739, 1546
5941957, 1546
5944180, 1546
5946400, 1546
5948621, 1546
5950845, 1546
5953065, 1546
5955284, 1545
5957504, 1545
5959723, 1545
5961940, 1545
5964160, 1545
5966383, 1545
5968608, 1545
5970827, 1545
5973045, 1544
5975267, 1544
5977486, 1544
5979711, 1544
5981930, 1544
5984150, 1544
5986367, 1544
5988586, 1543
5990804, 1543
5993022, 1543
5995241, 1543
5997465, 1542
5999686, 1542
6001906, 1542
6004125, 1542
6006345, 1542
6008566, 1542
6010791, 1541
6013009, 1541
6015229, 1541
6017447, 1541
6019666, 1541
6021890, 1541
6024108, 1541
6026331, 1540
6028551, 1540
6030771, 1540
6032990, 1540
6035214, 1540
6037436, 1540
6039656, 1539
6041877, 1539
6044097, 1539
6046317, 1539
6048535, 1539
6050754, 1539
6052972, 1539
6055197, 1538
6057418, 1538
6059637, 1538
6061855, 1538
6064075, 1538
6066295, 1538
6068519, 1537
6070744, 1537
6072963, 1537
6075182, 1537
6077406, 1537
6079626, 1536
6081844, 1536
6084063, 1536
6086282, 1536
6088501, 1536
6090721, 1536
6092941, 1536
6095163, 1535
6097383, 1535
6099601, 1535
6101819, 1535
6104043, 1535
6106266, 1535
6108486, 1535
6110704, 1534
6112927, 1534
6115147, 1534
6117370, 1534
6119590, 1534
6121812, 1533
6124030, 1533
6126251, 1533
6128471, 1533
6130690, 1533
6132909, 1533
6135127, 1532
6137345, 1532
6139564, 1532
6141785, 1532
6144008, 1532
6146227, 1532
6148449, 1532
6150668, 1532
6152888, 1532
6155108, 1532
6157327, 1532
6159547, 1532
6161771, 1532
6163993, 1532
6166213, 1532
6168434, 1532
6170656, 1532
6172872, 1532
6175095, 1532
6177315, 1531
6179532, 1532
6181751, 1532
6183971, 1532
6186189, 1532
6188407, 1532
6190631, 1532
6192853, 1532
6195071, 1532
6197294, 1532
6199512, 1532
6201730, 1532
6203950, 1532
6206169, 1532
6208386, 1532
6210605, 1532
6212824, 1532
6215046, 1532
6217267, 1532
6219486, 1532
6221705, 1532
6223924, 1532
6226149, 1532
6228368, 1532
6230590, 1532
6232812, 1533
6235031, 1533
6237248, 1533
6239466, 1533
6241686, 1533
6243904, 1533
6246124, 1533
6248343, 1533
6250561, 1534
6252779, 1534
6255002, 1534
6257225, 1534
6259449, 1535
6261669, 1535
6263888, 1535
6266109, 1535
6268329, 1535
6270548, 1535
6272768, 1535
6274985, 1535
6277211, 1535
6279432, 1535
6281651, 1535
6283871, 1535
6286091, 1535
6288313, 1534
6290538, 1534
6292759, 1534
6294979, 1534
6297198, 1534
6299421, 1535
6301639, 1535
6303859, 1535
6306078, 1535
6308297, 1535
6310519, 1535
6312740, 1535
6314962, 1535
6317187, 1535
6319410, 1535
6321631, 1535
6323851, 1535
6326070, 1535
6328293, 1535
6330519, 1535
6332740, 1535
6334960, 1535
6337177, 1535
6339401, 1535
6341625, 1535
6343849, 1536
6346067, 1536
6348289, 1535
6350509, 1535
6352727, 1535
6354947, 1535
6357170, 1535
6359395, 1535
6361618, 1535
6363838, 1535
6366060, 1535
6368280, 1535
6370498, 1535
6372717, 1534
6374936, 1534
6377158, 1534
6379377, 1534
6381596, 1533
6383816, 1533
6386034, 1533
6388255, 1533
6390475, 1533
6392695, 1532
6394917, 1532
6397139, 1532
6399357, 1532
6401575, 1532
6403796, 1532
6406014, 1531
6408233, 1531
6410453, 1531
6412673, 1531
6414895, 1531
6417113, 1530
6419333, 1530
6421550, 1530
6423767, 1530
6425991, 1530
6428212, 1530
6430431, 1530
6432649, 1530
6434866, 1529
6437085, 1529
6439304, 1529
6441526, 1529
6443748, 1529
6445968, 1529
6448186, 1529
6450405, 1529
6452625, 1528
6454848, 1528
6457067, 1528
6459288, 1528
6461508, 1528
6463726, 1528
6465945, 1528
6468164, 1527
6470384, 1527
6472608, 1527
6474828, 1527
6477050, 1527
6479271, 1527
6481493, 1527
6483710, 1527
6485929, 1527
6488147, 1527
6490366, 1527
6492586, 1527
6494807, 1527
6497027, 1527
6499246, 1527
6501466, 1527
6503686, 1528
6505905, 1528
6508128, 1528
6510347, 1528
6512565, 1528
6514784, 1528
6517003, 1528
6519221, 1528
6521445, 1528
6523668, 1528
6525885, 1528
6528105, 1528
6530325, 1529
6532548, 1529
6534769, 1529
6536993, 1529
6539215, 1529
6541439, 1529
6543659, 1529
6545879, 1529
6548104, 1529
6550324, 1529
6552546, 1529
6554766, 1529
6556985, 1529
6559204, 1529
6561422, 1529
6563640, 1529
6565861, 1529
6568079, 1529
6570298, 1529
6572517, 1529
6574736, 1529
6576955, 1529
6579175, 1529
6581399, 1529
6583621, 1529
6585840, 1529
6588059, 1529
6590275, 1529
6592494, 1529
6594714, 1529
6596932, 1529
6599156, 1529
6601378, 1529
6603599, 1529
6605818, 1529
6608038, 1529
6610258, 1529
6612478, 1529
6614697, 1529
6616916, 1529
6619138, 1529
6621358, 1529
6623577, 1529
6625796, 1530
6628014, 1530
6630235, 1530
6632455, 1530
6634674, 1530
6636892, 1530
6639109, 1530
6641333, 1529
6643552, 1530
6645771, 1530
6647992, 1530
6650212, 1530
6652431, 1530
6654650, 1530
6656869, 1530
6659087, 1529
6661305, 1529
6663522, 1529
6665741, 1529
6667961, 1529
6670178, 1529
6672398, 1529
6674616, 1529
6676836, 1528
6679054, 1528
6681274, 1528
6683497, 1528
6685716, 1528
6687935, 1527
6690155, 1527
6692373, 1527
6694592, 1527
6696812, 1526
6699030, 1526
6701249, 1526
6703468, 1526
6705687, 1525
6707907, 1525
6710126, 1525
6712345, 1524
6714564, 1524
6716782, 1523
6719002, 1523
6721224, 1523
6723441, 1523
6725659, 1523
6727881, 1523
6730100, 1522
6732326, 1522
6734545, 1522
6736763, 1522
6738980, 1522
6741199, 1521
6743417, 1521
6745638, 1521
6747857, 1521
6750075, 1521
6752294, 1520
6754512, 1520
6756732, 1520
6758952, 1520
6761170, 1520
6763389, 1520
6765609, 1520
6767827, 1519
6770051, 1519
6772273, 1519
6774491, 1519
6776713, 1518
6778933, 1518
6781158, 1518
6783379, 1518
6785598, 1518
6787814, 1517
6790031, 1517
6792251, 1517
6794471, 1517
6796694, 1517
6798917, 1517
6801135, 1517
6803356, 1516
6805577, 1516
6807800, 1516
6810025, 1516
6812245, 1517
6814464, 1517
6816684, 1517
6818905, 1517
6821127, 1517
6823346, 1517
6825567, 1517
6827792, 1517
6830011, 1517
6832231, 1517
6834451, 1517
6836668, 1517
6838889, 1517
6841113, 1518
6843333, 1518
6845555, 1518
6847775, 1518
6849994, 1518
6852213, 1518
6854431, 1518
6856651, 1518
6858869, 1519
6861086, 1519
6863305, 1519
6865524, 1519
6867743, 1519
6869964, 1519
6872184, 1519
6874401, 1519
6876620, 1519
6878839, 1520
6881058, 1520
6883277, 1520
6885497, 1520
6887712, 1520
6889931, 1520
6892151, 1520
6894375, 1520
6896596, 1520
6898814, 1520
6901035, 1520
6903254, 1520
6905474, 1520
6907692, 1520
6909914, 1520
6912133, 1520
6914350, 1520
6916573, 1520
6918792, 1521
6921013, 1521
6923236, 1521
6925459, 1521
6927681, 1521
6929904, 1521
6932125, 1521
6934345, 1521
6936569, 1521
6938792, 1521
6941010, 1522
6943230, 1522
6945448, 1522
6947669, 1522
6949886, 1522
6952105, 1522
6954325, 1522
6956544, 1522
6958762, 1522
6960982, 1522
6963200, 1522
6965420, 1522
6967640, 1522
6969863, 1522
6972083, 1522
6974300, 1522
6976520, 1522
6978738, 1522
6980959, 1521
6983178, 1521
6985399, 1521
6987622, 1521
6989838, 1521
6992062, 1521
6994284, 1521
6996509, 1521
6998727, 1521
7000946, 1520
7003165, 1520
7005388, 1520
7007608, 1520
7009832, 1520
7012052, 1519
7014270, 1519
7016491, 1519
7018710, 1519
7020929, 1519
7023150, 1519
7025368, 1518
7027587, 1518
7029807, 1518
7032027, 1518
7034245, 1517
7036463, 1517
7038681, 1517
7040902, 1517
7043126, 1516
7045349, 1516
7047574, 1516
7049791, 1516
7052010, 1516
7054230, 1516
7056449, 1516
7058669, 1515
7060889, 1515
7063111, 1515
7065330, 1515
7067550, 1514
7069774, 1514
7071997, 1514
7074215, 1514
7076434, 1514
7078653, 1514
7080873, 1514
7083092, 1514
7085312, 1514
7087533, 1514
7089752, 1514
7091971, 1514
7094191, 1514
7096411, 1514
7098633, 1514
7100853, 1514
7103073, 1514
7105292, 1514
7107512, 1514
7109732, 1514
7111951, 1514
7114170, 1514
7116390, 1514
7118610, 1514
7120829, 1514
7123049, 1514
7125267, 1514
7127487, 1514
7129707, 1513
7131925, 1513
7134145, 1513
7136363, 1513
7138580, 1513
7140800, 1513
7143020, 1513
7145243, 1513
7147463, 1513
7149681, 1514
7151905, 1514
7154125, 1514
7156345, 1514
7158565, 1514
7160787, 1514
7163010, 1514
7165227, 1514
7167452, 1514
7169675, 1514
7171893, 1514
7174112, 1514
7176331, 1514
7178551, 1515
7180771, 1515
7182991, 1515
7185213, 1515
7187431, 1516
7189656, 1516
7191877, 1516
7194096, 1516
7196315, 1516
7198533, 1516
7200752, 1516
7202977, 1516
7205195, 1516
7207415, 1516
7209639, 1516
7211858, 1516
7214077, 1516
7216300, 1517
7218522, 1517
7220741, 1517
7222963, 1517
7225182, 1517
7227399, 1517
7229617, 1517
7231838, 1517
7234061, 1517
7236281, 1517
7238499, 1517
7240717, 1517
7242940, 1517
7245161, 1517
7247381, 1517
7249599, 1517
7251818, 1517
7254038, 1517
7256256, 1517
7258476, 1517
7260695, 1516
7262913, 1516
7265131, 1516
7267350, 1516
7269569, 1516
7271789, 1516
7274008, 1516
7276226, 1516
7278446, 1516
7280665, 1516
7282885, 1516
7285104, 1516
7287322, 1516
7289540, 1516
7291759, 1516
7293980, 1515
7296199, 1515
7298418, 1515
7300638, 1515
7302858, 1515
7305078, 1515
7307297, 1515
7309517, 1515
7311733, 1515
7313954, 1515
7316177, 1515
7318399, 1515
7320619, 1514
7322837, 1514
7325054, 1514
7327275, 1514
7329493, 1514
7331713, 1514
7333934, 1514
7336153, 1514
7338373, 1514
7340590, 1514
7342810, 1514
7345029, 1514
7347246, 1514
7349465, 1513
7351683, 1513
7353908, 1513
7356127, 1513
7358345, 1513
7360565, 1513
7362783, 1513
7365007, 1513
7367230, 1513
7369454, 1513
7371674, 1513
7373893, 1513
7376115, 1513
7378336, 1513
7380557, 1513
7382775, 1513
7384996, 1513
7387215, 1513
7389436, 1513
7391655, 1513
7393874, 1513
7396094, 1513
7398313, 1513
7400531, 1513
7402752, 1512
7404975, 1512
7407196, 1512
7409414, 1512
7411634, 1512
7413852, 1512
7416075, 1512
7418294, 1512
7420514, 1512
7422734, 1512
7424955, 1512
7427174, 1512
7429392, 1512
7431612, 1512
7433830, 1512
7436050, 1512
7438269, 1511
7440485, 1511
7442706, 1511
7444928, 1511
7447146, 1511
7449365, 1511
7451583, 1511
7453803, 1511
7456022, 1511
7458238, 1511
7460458, 1511
7462677, 1511
7464895, 1511
7467114, 1511
7469333, 1510
7471552, 1510
7473772, 1510
7475991, 1510
7478205, 1510
7480423, 1510
7482643, 1510
7484863, 1510
7487080, 1511
7489299, 1511
7491518, 1511
7493738, 1511
7495958, 1511
7498177, 1511
7500399, 1511
7502620, 1511
7504840, 1511
7507057, 1511
7509276, 1511
7511496, 1511
7513715, 1511
7515934, 1511
7518158, 1511
7520382, 1511
7522603, 1511
7524822, 1511
7527040, 1511
7529261, 1511
7531481, 1511
7533700, 1511
7535920, 1511
7538139, 1511
7540360, 1511
7542582, 1511
7544804, 1511
7547025, 1511
7549245, 1511
7551463, 1511
7553688, 1511
7555913, 1511
7558136, 1511
7560359, 1511
7562578, 1511
7564801, 1511
7567023, 1511
7569243, 1511
7571464, 1511
7573685, 1511
7575909, 1511
7578132, 1511
7580353, 1511
7582576, 1511
7584796, 1511
7587014, 1511
7589233, 1512
7591452, 1512
7593671, 1512
7595891, 1512
7598107, 1512
7600327, 1512
7602551, 1512
7604770, 1513
7606988, 1513
7609207, 1513
7611425, 1513
7613644, 1513
7615861, 1513
7618084, 1513
7620304, 1513
7622527, 1513
7624746, 1513
7626964, 1513
7629183, 1513
7631404, 1513
7633624, 1513
7635842, 1513
7638060, 1513
7640281, 1513
7642502, 1513
7644721, 1513
7646940, 1513
7649162, 1513
7651381, 1513
7653599, 1513
7655819, 1513
7658037, 1513
7660257, 1513
7662476, 1513
7664694, 1513
7666912, 1513
7669135, 1513
7671357, 1513
7673582, 1513
7675800, 1513
7678019, 1513
7680237, 1513
7682457, 1513
7684677, 1513
7686896, 1513
7689115, 1513
7691334, 1513
7693559, 1513
7695783, 1513
7698005, 1513
7700224, 1513
7702444, 1513
7704664, 1513
7706889, 1513
7709110, 1513
7711328, 1513
7713545, 1512
7715764, 1512
7717984, 1512
7720205, 1512
7722430, 1512
7724651, 1512
7726870, 1512
7729091, 1512
7731311, 1511
7733529, 1511
7735749, 1511
7737967, 1511
7740186, 1511
7742404, 1511
7744623, 1511
7746843, 1511
7749064, 1511
7751282, 1511
7753503, 1511
7755725, 1511
7757949, 1511
7760169, 1511
7762387, 1511
7764606, 1511
7766826, 1511
7769049, 1511
7771273, 1511
7773495, 1510
7775714, 1510
7777934, 1510
7780154, 1510
7782373, 1510
7784593, 1510
7786813, 1510
7789031, 1510
7791250, 1510
7793468, 1510
7795688, 1510
7797907, 1510
7800125, 1509
7802344, 1509
7804564, 1509
7806783, 1509
7809003, 1509
7811223, 1509
7813446, 1509
7815664, 1509
7817884, 1509
7820103, 1509
7822322, 1509
7824547, 1509
7826767, 1509
7828986, 1509
7831204, 1509
7833424, 1509
7835642, 1509
7837861, 1509
7840081, 1509
7842302, 1509
7844526, 1509
7846750, 1509
7848971, 1509
7851189, 1509
7853407, 1509
7855626, 1509
7857846, 1509
7860065, 1509
7862288, 1509
7864508, 1509
7866733, 1509
7868956, 1509
7871177, 1509
7873396, 1509
7875613, 1509
7877837, 1509
7880060, 1509
7882279, 1509
7884500, 1509
7886723, 1509
7888944, 1509
7891163, 1509
7893384, 1509
7895608, 1509
7897831, 1509
7900053, 1509
7902270, 1508
7904490, 1508
7906710, 1508
7908928, 1508
7911148, 1508
7913368, 1508
7915587, 1508
7917806, 1508
7920024, 1508
7922250, 1508
7924468, 1508
7926687, 1508
7928906, 1508
7931124, 1508
7933344, 1508
7935564, 1508
7937781, 1508
7940003, 1508
7942220, 1508
7944439, 1508
7946661, 1508
7948880, 1509
7951100, 1509
7953322, 1509
7955546, 1509
7957769, 1509
7959991, 1509
7962211, 1509
7964428, 1509
7966648, 1509
7968867, 1509
7971090, 1509
7973310, 1509
7975528, 1509
7977748, 1509
7979970, 1509
7982190, 1509
7984409, 1509
7986628, 1509
7988845, 1509
7991063, 1509
7993281, 1510
7995500, 1510
7997722, 1510
7999940, 1510
8002162, 1510
8004384, 1510
8006604, 1510
8008825, 1510
8011044, 1510
8013262, 1511
8015481, 1511
8017700, 1511
8019920, 1511
8022139, 1511
8024358, 1511
8026577, 1511
8028796, 1511
8031018, 1511
8033242, 1511
8035462, 1511
8037681, 1511
8039900, 1511
8042120, 1511
8044344, 1511
8046568, 1511
8048786, 1511
8051009, 1511
8053229, 1511
8055449, 1511
8057667, 1511
8059884, 1511
8062103, 1511
8064318, 1511
8066540, 1511
8068760, 1511
8070984, 1510
8073204, 1510
8075422, 1510
8077641, 1510
8079860, 1510
8082078, 1510
8084296, 1510
8086519, 1510
8088742, 1510
8090965, 1510
8093189, 1510
8095411, 1510
8097630, 1510
8099855, 1510
8102077, 1510
8104297, 1510
8106517, 1510
8108736, 1510
8110954, 1510
8113173, 1510
8115397, 1509
8117618, 1509
8119839, 1509
8122059, 1509
8124282, 1509
8126502, 1509
8128725, 1509
8130949, 1509
8133170, 1509
8135390, 1508
8137611, 1508
8139835, 1508
8142054, 1508
8144273, 1508
8146493, 1508
8148712, 1508
8150931, 1508
8153150, 1508
8155370, 1508
8157589, 1508
8159813, 1508
8162033, 1508
8164251, 1507
8166469, 1507
8168690, 1507
8170910, 1507
8173130, 1507
8175350, 1507
8177569, 1506
8179793, 1506
8182017, 1506
8184238, 1505
8186456, 1505
8188679, 1505
8190899, 1505
8193118, 1505
8195338, 1505
8197562, 1505
8199780, 1505
8202004, 1505
8204223, 1505
8206445, 1505
8208664, 1505
8210884, 1505
8213101, 1505
8215320, 1505
8217539, 1505
8219757, 1505
8221976, 1505
8224196, 1505
8226414, 1505
8228634, 1505
8230857, 1505
8233079, 1505
8235302, 1505
8237519, 1505
8239738, 1505
8241957, 1505
8244176, 1505
8246396, 1505
8248615, 1505
8250833, 1505
8253051, 1505
8255271, 1505
8257496, 1505
8259720, 1505
8261940, 1506
8264164, 1506
8266384, 1506
8268604, 1506
8270826, 1506
8273050, 1507
8275272, 1507
8277491, 1507
8279709, 1507
8281929, 1507
8284149, 1507
8286367, 1507
8288584, 1507
8290803, 1508
8293022, 1508
8295242, 1508
8297466, 1508
8299685, 1508
8301904, 1508
8304121, 1508
8306339, 1508
8308563, 1508
8310782, 1508
8313000, 1508
8315217, 1508
8317439, 1507
8319659, 1507
8321877, 1507
8324097, 1507
8326314, 1507
8328532, 1507
8330751, 1507
8332970, 1507
8335190, 1507
8337406, 1507
8339625, 1507
8341845, 1507
8344069, 1507
8346292, 1507
8348513, 1508
8350731, 1508
8352950, 1508
8355170, 1508
8357394, 1508
8359620, 1508
8361837, 1508
8364053, 1508
8366273, 1508
8368493, 1508
8370716, 1507
8372940, 1507
8375163, 1507
8377382, 1507
8379606, 1507
8381826, 1507
8384046, 1507
8386271, 1507
8388493, 1507
8390712, 1507
8392934, 1507
8395155, 1507
8397375, 1507
8399593, 1507
8401812, 1507
8404028, 1507
8406248, 1507
8408471, 1507
8410694, 1507
8412915, 1507
8415133, 1507
8417353, 1507
8419570, 1507
8421790, 1507
8424008, 1507
8426228, 1507
8428446, 1507
8430666, 1507
8432886, 1507
8435104, 1507
8437328, 1507
8439546, 1507
8441769, 1507
8443988, 1507
8446208, 1507
8448428, 1507
8450651, 1507
8452870, 1507
8455094, 1507
8457317, 1507
8459534, 1507
8461759, 1507
8463983, 1507
8466207, 1507
8468427, 1507
8470645, 1507
8472865, 1507
8475086, 1507
8477305, 1507
8479522, 1507
8481742, 1507
8483961, 1507
8486180, 1507
8488398, 1507
8490621, 1507
8492843, 1506
8495064, 1506
8497283, 1506
8499502, 1506
8501720, 1506
8503943, 1505
8506163, 1505
8508383, 1505
8510607, 1505
8512830, 1505
8515048, 1505
8517271, 1505
8519494, 1505
8521716, 1505
8523937, 1505
8526159, 1505
8528380, 1505
8530599, 1505
8532819, 1505
8535044, 1505
8537269, 1505
8539490, 1505
8541708, 1505
8543928, 1505
8546147, 1505
8548366, 1506
8550589, 1506
8552809, 1506
8555028, 1506
8557248, 1506
8559468, 1506
8561688, 1506
8563906, 1507
8566125, 1507
8568345, 1507
8570568, 1507
8572788, 1507
8575005, 1507
8577223, 1506
8579444, 1506
8581661, 1506
8583880, 1506
8586102, 1506
8588322, 1506
8590542, 1507
8592761, 1507
8594981, 1507
8597200, 1507
8599420, 1506
8601645, 1506
8603867, 1506
8606087, 1506
8608305, 1506
8610525, 1506
8612745, 1506
8614966, 1506
8617185, 1506
8619403, 1506
8621625, 1505
8623844, 1505
8626064, 1505
8628282, 1505
8630502, 1505
8632719, 1505
8634938, 1505
8637158, 1505
8639378, 1505
8641595, 1505
8643814, 1505
8646034, 1505
8648255, 1505
8650475, 1505
8652694, 1505
8654911, 1505
8657128, 1505
8659348, 1505
8661568, 1505
8663790, 1505
8666009, 1505
8668231, 1505
8670451, 1505
8672674, 1505
8674895, 1505
8677117, 1505
8679337, 1505
8681557, 1505
8683777, 1505
8685998, 1505
8688218, 1505
8690436, 1505
8692656, 1505
8694876, 1505
8697094, 1505
8699319, 1505
8701537, 1505
8703759, 1505
8705984, 1504
8708205, 1504
8710426, 1504
8712645, 1504
8714863, 1504
8717084, 1504
8719306, 1504
8721526, 1504
8723745, 1504
8725969, 1504
8728191, 1504
8730415, 1504
8732635, 1504
8734854, 1504
8737077, 1504
8739297, 1504
8741515, 1504
8743740, 1504
8745959, 1504
8748179, 1504
8750399, 1504
8752618, 1504
8754837, 1504
8757055, 1504
8759275, 1504
8761497, 1504
8763720, 1504
8765941, 1504
8768161, 1504
8770380, 1504
8772600, 1504
8774819, 1504
8777036, 1504
8779254, 1504
8781474, 1504
8783693, 1504
8785912, 1504
8788131, 1504
8790353, 1503
8792576, 1503
8794796, 1503
8797016, 1503
8799233, 1503
8801451, 1503
8803674, 1503
8805895, 1504
8808115, 1504
8810334, 1504
8812553, 1504
8814777, 1504
8816998, 1504
8819222, 1504
8821441, 1504
8823663, 1504
8825882, 1504
8828100, 1504
8830324, 1504
8832548, 1504
8834770, 1504
8836994, 1504
8839212, 1504
8841434, 1504
8843658, 1504
8845876, 1504
8848098, 1504
8850318, 1504
8852537, 1504
8854754, 1504
8856974, 1504
8859196, 1504
8861420, 1504
8863643, 1504
8865860, 1504
8868080, 1504
8870299, 1504
8872524, 1504
8874747, 1504
8876969, 1505
8879190, 1504
8881414, 1504
8883632, 1504
8885851, 1505
8888071, 1505
8890290, 1505
8892509, 1505
8894729, 1505
8896949, 1505
8899173, 1505
8901394, 1504
8903613, 1504
8905833, 1504
8908055, 1505
8910275, 1505
8912493, 1505
8914712, 1505
8916931, 1505
8919150, 1505
8921370, 1505
8923588, 1505
8925808, 1505
8928026, 1505
8930245, 1505
8932464, 1505
8934684, 1505
8936903, 1505
8939121, 1505
8941345, 1505
8943569, 1505
8945791, 1506
8948011, 1506
8950230, 1506
8952451, 1506
8954674, 1506
8956894, 1506
8959118, 1506
8961337, 1506
8963556, 1506
8965774, 1507
8967994, 1507
8970216, 1507
8972436, 1507
8974659, 1507
8976878, 1507
8979097, 1507
8981315, 1507
8983535, 1507
8985754, 1507
8987975, 1507
8990195, 1507
8992413, 1507
8994631, 1507
8996851, 1507
8999069, 1507
9001287, 1507
9003506, 1507
9005725, 1507
9007943, 1507
9010163, 1507
9012383, 1507
9014601, 1506
9016819, 1506
9019043, 1506
9021268, 1506
9023489, 1506
9025709, 1506
9027928, 1506
9030150, 1505
9032374, 1505
9034592, 1505
9036812, 1505
9039031, 1505
9041255, 1505
9043474, 1505
9045694, 1505
9047915, 1505
9050133, 1504
9052351, 1504
9054568, 1504
9056788, 1504
9059006, 1504
9061226, 1504
9063451, 1504
9065670, 1504
9067887, 1504
9070109, 1504
9072328, 1504
9074548, 1504
9076765, 1504
9078987, 1504
9081206, 1504
9083428, 1504
9085651, 1504
9087877, 1504
9090095, 1504
9092314, 1504
9094535, 1504
9096754, 1504
9098973, 1504
9101192, 1504
9103415, 1504
9105632, 1504
9107851, 1504
9110071, 1504
9112290, 1504
9114509, 1504
9116727, 1503
9118947, 1503
9121165, 1503
9123389, 1503
9125611, 1503
9127830, 1503
9130049, 1503
9132272, 1503
9134490, 1503
9136710, 1503
9138931, 1503
9141155, 1503
9143378, 1503
9145597, 1503
9147817, 1503
9150037, 1503
9152255, 1503
9154474, 1503
9156693, 1503
9158911, 1503
9161131, 1503
9163351, 1503
9165570, 1503
9167793, 1503
9170013, 1503
9172232, 1503
9174454, 1503
9176673, 1503
9178890, 1503
9181109, 1503
9183329, 1503
9185548, 1503
9187767, 1503
9189988, 1503
9192210, 1503
9194430, 1503
9196654, 1503
9198878, 1503
9201098, 1503
9203321, 1503
9205538, 1503
9207757, 1503
9209981, 1503
9212203, 1503
9214427, 1503
9216646, 1503
9218864, 1503
9221089, 1503
9223308, 1503
9225528, 1503
9227746, 1503
9229965, 1503
9232186, 1503
9234410, 1503
9236633, 1504
9238853, 1504
9241072, 1504
9243295, 1504
9245517, 1504
9247739, 1504
9249959, 1504
9252178, 1504
9254396, 1504
9256614, 1504
9258834, 1504
9261053, 1504
9263272, 1504
9265490, 1504
9267710, 1504
9269932, 1504
9272157, 1504
9274380, 1504
9276599, 1504
9278819, 1504
9281038, 1504
9283257, 1504
9285477, 1504
9287696, 1504
9289915, 1504
9292132, 1504
9294352, 1504
9296573, 1504
9298792, 1504
9301014, 1504
9303234, 1505
9305454, 1504
9307674, 1504
9309899, 1505
9312123, 1504
9314345, 1504
9316563, 1504
9318783, 1504
9321005, 1505
9323224, 1505
9325448, 1505
9327668, 1505
9329885, 1505
9332104, 1505
9334323, 1505
9336548, 1505
9338770, 1505
9340989, 1505
9343207, 1505
9345427, 1505
9347648, 1505
9349873, 1505
9352091, 1505
9354309, 1506
9356532, 1506
9358752, 1506
9360976, 1506
9363198, 1506
9365421, 1506
9367642, 1506
9369862, 1506
9372085, 1506
9374304, 1507
9376526, 1507
9378749, 1507
9380974, 1507
9383196, 1507
9385419, 1507
9387643, 1507
9389867, 1507
9392090, 1507
9394313, 1507
9396532, 1507
9398752, 1507
9400978, 1507
9403199, 1507
9405417, 1507
9407637, 1507
9409855, 1507
9412074, 1506
9414293, 1506
9416513, 1506
9418732, 1506
9420953, 1506
9423177, 1505
9425395, 1505
9427613, 1505
9429832, 1505
9432052, 1505
9434276, 1505
9436497, 1504
9438716, 1504
9440935, 1504
9443153, 1504
9445371, 1504
9447591, 1504
9449811, 1503
9452028, 1503
9454246, 1503
9456465, 1503
9458684, 1503
9460905, 1503
9463123, 1503
9465341, 1503
9467563, 1503
9469786, 1502
9472001, 1502
9474221, 1502
9476440, 1502
9478657, 1502
9480875, 1502
9483096, 1502
9485316, 1502
9487534, 1502
9489756, 1502
9491980, 1502
9494198, 1501
9496417, 1502
9498637, 1501
9500855, 1501
9503079, 1502
9505299, 1502
9507516, 1502
9509735, 1502
9511961, 1502
9514179, 1502
9516396, 1502
9518621, 1502
9520841, 1502
9523059, 1502
9525278, 1502
9527500, 1502
9529717, 1502
9531935, 1502
9534155, 1502
9536375, 1502
9538593, 1502
9540811, 1502
9543030, 1503
9545250, 1503
9547470, 1503
9549688, 1503
9551905, 1503
9554125, 1503
9556345, 1503
9558565, 1503
9560783, 1503
9563006, 1503
9565225, 1503
9567444, 1503
9569663, 1503
9571882, 1503
9574102, 1503
9576321, 1504
9578543, 1504
9580763, 1503
9582982, 1504
9585202, 1504
9587426, 1504
9589644, 1504
9591862, 1504
9594082, 1504
9596302, 1504
9598523, 1504
9600745, 1504
9602969, 1504
9605192, 1504
9607413, 1504
9609633, 1504
9611851, 1504
9614071, 1504
9616288, 1504
9618507, 1504
9620726, 1504
9622947, 1504
9625164, 1504
9627383, 1504
9629600, 1504
9631819, 1504
9634038, 1504
9636257, 1504
9638477, 1505
9640696, 1505
9642913, 1505
9645135, 1505
9647356, 1505
9649577, 1505
9651796, 1504
9654014, 1504
9656232, 1504
9658451, 1504
9660670, 1504
9662889, 1504
9665108, 1504
9667320, 1504
9669539, 1504
9671759, 1504
9673981, 1504
9676201, 1504
9678422, 1504
9680647, 1504
9682870, 1504
9685090, 1504
9687313, 1504
9689531, 1504
9691751, 1504
9693970, 1503
9696190, 1503
9698410, 1503
9700628, 1503
9702850, 1503
9705070, 1503
9707288, 1503
9709508, 1503
9711726, 1503
9713944, 1503
9716161, 1503
9718380, 1503
9720599, 1503
9722818, 1503
9725038, 1503
9727257, 1503
9729481, 1503
9731699, 1503
9733918, 1503
9736141, 1503
9738364, 1503
9740588, 1503
9742808, 1503
9745030, 1503
9747253, 1503
9749472, 1503
9751690, 1503
9753909, 1503
9756129, 1503
9758347, 1503
9760567, 1503
9762786, 1503
9765004, 1503
9767222, 1503
9769440, 1503
9771660, 1503
9773883, 1503
9776104, 1503
9778326, 1503
9780545, 1503
9782770, 1503
9784990, 1503
9787214, 1503
9789435, 1503
9791654, 1503
9793875, 1503
9796095, 1503
9798316, 1503
9800536, 1503
9802754, 1503
9804973, 1503
9807193, 1503
9809412, 1503
9811631, 1503
9813850, 1503
9816068, 1503
9818291, 1503
9820510, 1503
9822730, 1503
9824953, 1503
9827170, 1503
9829389, 1503
9831616, 1503
9833840, 1503
9836062, 1503
9838281, 1503
9840500, 1503
9842719, 1503
9844939, 1503
9847158, 1503
9849377, 1503
9851596, 1503
9853813, 1503
9856031, 1503
9858252, 1503
9860475, 1503
9862697, 1503
9864921, 1503
9867140, 1503
9869360, 1503
9871578, 1503
9873798, 1503
9876017, 1503
9878242, 1503
9880459, 1503
9882679, 1504
9884898, 1504
9887118, 1504
9889342, 1504
9891561, 1504
9893780, 1504
9896001, 1504
9898221, 1504
9900443, 1504
9902663, 1504
9904881, 1504
9907100, 1503
9909320, 1503
9911537, 1503
9913760, 1503
9915983, 1503
9918202, 1503
9920422, 1503
9922646, 1503
9924869, 1503
9927089, 1503
9929306, 1503
9931526, 1503
9933746, 1503
9935965, 1503
9938188, 1503
9940410, 1503
9942630, 1503
9944849, 1503
9947069, 1503
9949287, 1503
9951512, 1503
9953733, 1503
9955953, 1503
9958176, 1503
9960396, 1503
9962613, 1503
9964835, 1503
9967058, 1503
9969278, 1503
9971499, 1503
9973718, 1503
9975941, 1503
9978163, 1503
9980386, 1503
9982609, 1503
9984831, 1503
9987049, 1503
9989268, 1503
9991486, 1503
9993706, 1503
9995927, 1503
9998149, 1503
10000367, 1503
10002587, 1502
10004812, 1502
10007032, 1502
10009251, 1502
10011467, 1502
10013687, 1502
10015911, 1502
10018132, 1502
10020350, 1502
10022568, 1502
10024788, 1502
10027008, 1502
10029226, 1502
10031446, 1502
10033664, 1502
10035883, 1502
10038102, 1502
10040321, 1502
10042540, 1502
10044758, 1502
10046979, 1502
10049200, 1502
10051420, 1502
10053639, 1502
10055864, 1502
10058081, 1502
10060301, 1502
10062520, 1502
10064739, 1502
10066959, 1502
10069180, 1502
10071399, 1502
10073623, 1502
10075843, 1503
10078062, 1503
10080282, 1503
10082501, 1503
10084719, 1503
10086938, 1503
10089156, 1503
10091380, 1503
10093598, 1503
10095817, 1503
10098036, 1503
10100253, 1503
10102472, 1504
10104691, 1504
10106910, 1504
10109128, 1504
10111348, 1504
10113567, 1504
10115790, 1503
10118008, 1503
10120229, 1503
10122448, 1503
10124672, 1503
10126895, 1503
10129116, 1503
10131336, 1503
10133554, 1503
10135773, 1503
10137992, 1503
10140212, 1503
10142432, 1503
10144650, 1503
10146869, 1503
10149092, 1503
10151315, 1503
10153536, 1503
10155755, 1503
10157975, 1503
10160200, 1503
10162423, 1503
10164641, 1503
10166861, 1503
10169080, 1504
10171297, 1504
10173516, 1504
10175735, 1504
10177954, 1504
10180174, 1504
10182392, 1504
10184611, 1504
10186831, 1504
10189051, 1504
10191269, 1504
10193489, 1504
10195707, 1504
10197928, 1504
10200151, 1504
10202372, 1504
10204591, 1504
10206811, 1504
10209030, 1504
10211249, 1504
10213469, 1504
10215691, 1504
10217915, 1504
10220139, 1504
10222359, 1504
10224582, 1504
10226802, 1504
10229022, 1504
10231240, 1504
10233460, 1504
10235679, 1504
10237899, 1504
10240117, 1504
10242337, 1504
10244556, 1504
10246775, 1504
10248998, 1504
10251217, 1504
10253436, 1504
10255660, 1504
10257882, 1503
10260103, 1503
10262324, 1503
10264548, 1503
10266769, 1503
10268990, 1503
10271211, 1503
10273429, 1503
10275649, 1503
10277868, 1503
10280086, 1503
10282303, 1503
10284522, 1503
10286741, 1503
10288961, 1503
10291181, 1503
10293399, 1503
10295617, 1503
10297841, 1503
10300065, 1503
10302288, 1503
10304509, 1503
10306728, 1503
10308947, 1503
10311165, 1503
10313388, 1503
10315609, 1503
10317828, 1502
10320047, 1502
10322265, 1502
10324484, 1502
10326705, 1502
10328925, 1502
10331146, 1502
10333370, 1502
10335593, 1502
10337818, 1502
10340038, 1502
10342258, 1502
10344480, 1502
10346699, 1502
10348917, 1502
10351136, 1502
10353356, 1502
10355576, 1502
10357797, 1501
10360016, 1501
10362238, 1501
10364458, 1501
10366682, 1501
10368904, 1501
10371122, 1501
10373341, 1501
10375564, 1501
10377784, 1501
10380003, 1501
10382222, 1501
10384440, 1501
10386660, 1501
10388878, 1501
10391098, 1501
10393317, 1501
10395535, 1501
10397754, 1501
10399972, 1501
10402191, 1501
10404415, 1501
10406635, 1501
10408854, 1501
10411073, 1500
10413292, 1500
10415512, 1500
10417734, 1500
10419957, 1500
10422176, 1500
10424396, 1500
10426619, 1500
10428841, 1500
10431062, 1500
10433279, 1500
10435497, 1500
10437717, 1500
10439936, 1500
10442156, 1500
10444378, 1500
10446596, 1500
10448820, 1500
10451038, 1501
10453258, 1501
10455478, 1501
10457696, 1501
10459915, 1501
10462139, 1501
10464360, 1502
10466584, 1502
10468807, 1502
10471030, 1502
10473251, 1502
10475471, 1502
10477689, 1502
10479909, 1502
10482132, 1503
10484351, 1503
10486568, 1503
10488792, 1503
10491016, 1503
10493240, 1503
10495465, 1504
10497685, 1504
10499905, 1504
10502126, 1504
10504345, 1504
10506565, 1504
10508785, 1504
10511004, 1504
10513223, 1504
10515445, 1504
10517665, 1504
10519884, 1504
10522106, 1504
10524329, 1504
10526549, 1504
10528768, 1504
10530993, 1504
10533214, 1504
10535433, 1504
10537652, 1504
10539870, 1504
10542090, 1504
10544311, 1504
10546531, 1504
10548749, 1504
10550969, 1504
10553189, 1504
10555412, 1504
10557630, 1504
10559850, 1504
10562073, 1504
10564294, 1504
10566514, 1504
10568732, 1504
10570949, 1504
10573169, 1504
10575392, 1504
10577613, 1504
10579836, 1504
10582057, 1503
10584276, 1503
10586494, 1503
10588715, 1503
10590935, 1503
10593154, 1503
10595373, 1503
10597590, 1502
10599813, 1502
10602037, 1502
10604262, 1502
10606483, 1502
10608703, 1502
10610925, 1502
10613149, 1502
10615368, 1502
10617592, 1502
10619813, 1502
10622037, 1502
10624255, 1502
10626476, 1502
10628700, 1502
10630921, 1502
10633140, 1502
10635357, 1502
10637576, 1502
10639795, 1502
10642015, 1502
10644235, 1502
10646453, 1502
10648672, 1502
10650895, 1502
10653119, 1502
10655339, 1502
10657560, 1502
10659781, 1502
10662002, 1502
10664226, 1501
10666446, 1501
10668665, 1501
10670889, 1501
10673111, 1501
10675334, 1501
10677558, 1501
10679777, 1501
10681997, 1501
10684211, 1501
10686433, 1501
10688652, 1501
10690871, 1501
10693090, 1501
10695309, 1501
10697528, 1501
10699752, 1502
10701972, 1502
10704195, 1502
10706419, 1502
10708638, 1502
10710857, 1502
10713076, 1502
10715298, 1502
10717518, 1502
10719737, 1503
10721961, 1503
10724184, 1503
10726405, 1503
10728624, 1503
10730842, 1503
10733065, 1503
10735287, 1503
10737511, 1503
10739730, 1503
10741950, 1503
10744169, 1503
10746388, 1503
10748608, 1503
10750828, 1503
10753047, 1503
10755266, 1503
10757486, 1503
10759705, 1503
10761929, 1503
10764148, 1503
10766369, 1503
10768589, 1504
10770807, 1503
10773026, 1503
10775245, 1503
10777468, 1503
10779688, 1503
10781908, 1503
10784128, 1503
10786351, 1503
10788575, 1503
10790799, 1503
10793018, 1503
10795237, 1503
10797455, 1503
10799675, 1503
10801894, 1503
10804112, 1503
10806331, 1503
10808549, 1503
10810767, 1503
10812991, 1503
10815215, 1503
10817440, 1503
10819664, 1503
10821883, 1503
10824102, 1503
10826320, 1503
10828540, 1502
10830764, 1502
10832984, 1502
10835203, 1502
10837423, 1502
10839643, 1502
10841863, 1502
10844083, 1501
10846302, 1501
10848521, 1501
10850739, 1501
10852959, 1501
10855183, 1501
10857407, 1501
10859628, 1502
10861851, 1502
10864071, 1502
10866291, 1502
10868516, 1502
10870734, 1502
10872952, 1502
10875176, 1502
10877400, 1502
10879620, 1502
10881844, 1502
10884068, 1502
10886290, 1502
10888510, 1502
10890729, 1502
10892949, 1502
10895172, 1502
10897394, 1502
10899613, 1502
10901832, 1502
10904056, 1502
10906280, 1502
10908500, 1502
10910723, 1502
10912947, 1503
10915171, 1503
10917395, 1503
10919614, 1503
10921832, 1503
10924051, 1503
10926270, 1503
10928490, 1503
10930709, 1503
10932929, 1503
10935150, 1503
10937370, 1503
10939591, 1503
10941811, 1503
10944031, 1503
10946249, 1503
10948468, 1503
10950688, 1504
10952910, 1503
10955130, 1503
10957352, 1503
10959571, 1503
10961789, 1503
10964009, 1503
10966228, 1503
10968447, 1503
10970665, 1503
10972884, 1503
10975103, 1502
10977322, 1502
10979541, 1502
10981761, 1502
10983977, 1502
10986199, 1502
10988424, 1502
10990645, 1502
10992865, 1502
10995084, 1502
10997303, 1502
10999524, 1501
11001745, 1501
11003965, 1501
11006185, 1501
11008401, 1501
11010619, 1501
11012836, 1501
11015061, 1501
11017279, 1501
11019499, 1501
11021717, 1501
11023936, 1501
11026160, 1501
11028381, 1501
11030601, 1501
11032821, 1501
11035039, 1501
11037257, 1501
11039477, 1501
11041696, 1501
11043922, 1501
11046141, 1501
11048363, 1501
11050587, 1501
11052807, 1501
11055026, 1501
11057248, 1500
11059464, 1500
11061685, 1500
11063907, 1501
11066127, 1501
11068346, 1501
11070565, 1501
11072784, 1501
11075007, 1501
11077225, 1501
11079444, 1501
11081664, 1501
11083885, 1501
11086104, 1502
11088324, 1502
11090544, 1502
11092763, 1502
11094983, 1502
11097202, 1502
11099420, 1502
11101639, 1502
11103858, 1502
11106078, 1501
11108300, 1501
11110520, 1501
11112740, 1501
11114962, 1501
11117180, 1501
11119401, 1501
11121620, 1501
11123840, 1501
11126062, 1501
11128280, 1501
11130500, 1501
11132719, 1501
11134937, 1501
11137160, 1501
11139381, 1501
11141601, 1501
11143821, 1501
11146040, 1501
11148262, 1501
11150486, 1501
11152709, 1502
11154933, 1502
11157153, 1502
11159372, 1502
11161591, 1502
11163811, 1502
11166031, 1502
11168250, 1502
11170470, 1502
11172692, 1502
11174915, 1502
11177133, 1502
11179352, 1502
11181570, 1502
11183788, 1503
11186007, 1503
11188228, 1503
11190448, 1503
11192667, 1503
11194890, 1503
11197109, 1503
11199332, 1503
11201556, 1503
11203778, 1503
11206001, 1503
11208219, 1503
11210444, 1503
11212665, 1503
11214885, 1504
11217109, 1504
11219329, 1504
11221547, 1503
11223764, 1504
11225982, 1504
11228202, 1504
11230427, 1504
11232650, 1504
11234869, 1503
11237088, 1503
11239307, 1503
11241527, 1503
11243746, 1503
11245969, 1503
11248188, 1503
11250409, 1503
11252635, 1503
11254855, 1503
11257078, 1503
11259301, 1503
11261520, 1503
11263740, 1503
11265960, 1503
11268179, 1503
11270399, 1503
11272618, 1503
11274841, 1503
11277063, 1503
11279282, 1503
11281501, 1503
11283719, 1503
11285938, 1502
11288158, 1502
11290381, 1502
11292603, 1502
11294822, 1502
11297045, 1502
11299265, 1502
11301484, 1502
11303704, 1502
11305923, 1502
11308144, 1502
11310359, 1502
11312579, 1502
11314799, 1502
11317025, 1502
11319245, 1502
11321466, 1502
11323686, 1502
11325908, 1502
11328127, 1502
11330347, 1502
11332570, 1502
11334789, 1502
11337007, 1502
11339227, 1502
11341446, 1502
11343666, 1502
11345889, 1502
11348111, 1502
11350335, 1502
11352556, 1502
11354776, 1502
11356995, 1502
11359213, 1502
11361431, 1502
11363651, 1502
11365869, 1502
11368093, 1502
11370313, 1502
11372536, 1502
11374758, 1502
11376983, 1502
11379204, 1502
11381425, 1502
11383645, 1502
11385864, 1502
11388083, 1502
11390305, 1502
11392525, 1502
11394746, 1502
11396966, 1502
11399189, 1502
11401410, 1502
11403633, 1502
11405858, 1502
11408080, 1502
11410298, 1502
11412517, 1502
11414736, 1502
11416955, 1502
11419173, 1502
11421397, 1502
11423615, 1502
11425835, 1502
11428054, 1502
11430276, 1502
11432501, 1503
11434724, 1502
11436942, 1502
11439159, 1502
11441379, 1502
11443599, 1502
11445823, 1502
11448047, 1502
11450267, 1502
11452487, 1502
11454709, 1502
11456933, 1502
11459154, 1502
11461372, 1502
11463592, 1502
11465811, 1502
11468034, 1502
11470257, 1502
11472479, 1502
11474703, 1502
11476922, 1502
11479141, 1502
11481361, 1502
11483580, 1502
11485798, 1502
11488017, 1502
11490236, 1502
11492455, 1502
11494675, 1502
11496892, 1502
11499111, 1502
11501330, 1502
11503549, 1502
11505773, 1502
11507994, 1502
11510211, 1502
11512430, 1501
11514648, 1501
11516869, 1501
11519090, 1501
11521309, 1501
11523529, 1501
11525751, 1501
11527970, 1501
11530190, 1501
11532409, 1501
11534628, 1501
11536846, 1501
11539065, 1500
11541291, 1500
11543513, 1500
11545733, 1500
11547951, 1500
11550170, 1500
11552388, 1500
11554607, 1500
11556833, 1500
11559055, 1500
11561276, 1500
11563496, 1500
11565721, 1500
11567939, 1500
11570159, 1501
11572382, 1501
11574602, 1500
11576822, 1500
11579042, 1500
11581260, 1500
11583480, 1500
11585698, 1500
11587916, 1500
11590136, 1500
11592355, 1500
11594575, 1500
11596793, 1500
11599013, 1500
11601232, 1500
11603451, 1500
11605671, 1500
11607890, 1500
11610109, 1500
11612326, 1500
11614545, 1500
11616764, 1500
11618988, 1500
11621211, 1500
11623429, 1500
11625653, 1500
11627870, 1500
11630090, 1500
11632314, 1500
11634534, 1500
11636752, 1500
11638972, 1500
11641197, 1500
11643420, 1500
11645640, 1500
11647858, 1500
11650078, 1500
11652298, 1500
11654517, 1500
11656736, 1500
11658955, 1500
11661173, 1500
11663393, 1500
11665613, 1500
11667832, 1500
11670052, 1501
11672277, 1501
11674499, 1501
11676719, 1501
11678939, 1501
11681158, 1501
11683378, 1501
11685596, 1501
11687815, 1501
11690037, 1501
11692256, 1502
11694474, 1502
11696693, 1502
11698912, 1502
11701133, 1502
11703352, 1502
11705572, 1502
11707797, 1502
11710017, 1503
11712237, 1503
11714456, 1503
11716676, 1503
11718894, 1503
11721114, 1503
11723331, 1503
11725550, 1503
11727770, 1503
11729989, 1503
11732210, 1503
11734428, 1503
11736648, 1503
11738866, 1503
11741083, 1503
11743308, 1503
11745528, 1504
11747751, 1504
11749973, 1504
11752195, 1504
11754415, 1504
11756635, 1504
11758854, 1504
11761072, 1504
11763290, 1504
11765510, 1504
11767729, 1504
11769949, 1504
11772166, 1504
11774389, 1504
11776612, 1504
11778836, 1504
11781056, 1504
11783279, 1504
11785497, 1504
11787721, 1504
11789941, 1504
11792164, 1504
11794383, 1504
11796603, 1504
11798821, 1504
11801044, 1504
11803267, 1504
11805486, 1504
11807710, 1503
11809930, 1503
11812146, 1503
11814366, 1503
11816587, 1503
11818809, 1503
11821029, 1503
11823248, 1503
11825466, 1503
11827686, 1502
11829906, 1502
11832125, 1502
11834348, 1502
11836566, 1502
11838786, 1502
11841006, 1502
11843226, 1501
11845446, 1501
11847668, 1501
11849887, 1501
11852107, 1501
11854328, 1501
11856549, 1501
11858768, 1501
11860988, 1501
11863205, 1501
11865425, 1501
11867645, 1501
11869864, 1501
11872087, 1501
11874307, 1501
11876527, 1501
11878746, 1501
11880965, 1501
11883190, 1501
11885413, 1501
11887632, 1501
11889852, 1501
11892076, 1501
11894296, 1501
11896515, 1500
11898734, 1501
11900952, 1500
11903171, 1501
11905391, 1501
11907610, 1501
11909829, 1501
11912051, 1501
11914274, 1501
11916498, 1501
11918718, 1501
11920935, 1501
11923153, 1501
11925372, 1501
11927591, 1501
11929810, 1501
11932029, 1501
11934250, 1501
11936472, 1501
11938691, 1501
11940911, 1501
11943130, 1501
11945350, 1501
11947573, 1501
11949789, 1501
11952008, 1501
11954228, 1502
11956448, 1502
11958667, 1502
11960886, 1502
11963105, 1502
11965326, 1502
11967547, 1502
11969770, 1502
11971993, 1502
11974216, 1502
11976439, 1502
11978663, 1501
11980883, 1501
11983101, 1501
11985320, 1501
11987534, 1501
11989754, 1501
11991972, 1501
11994196, 1501
11996417, 1501
11998636, 1501
12000855, 1501
12003075, 1501
12005295, 1501
12007515, 1501
12009735, 1501
12011954, 1501
12014173, 1501
12016393, 1500
12018611, 1500
12020835, 1500
12023056, 1500
12025278, 1500
12027498, 1500
12029717, 1500
12031937, 1500
12034158, 1500
12036378, 1500
12038596, 1500
12040816, 1500
12043035, 1500
12045254, 1501
12047472, 1501
12049692, 1501
12051910, 1501
12054129, 1501
12056349, 1501
12058574, 1501
12060793, 1501
12063012, 1501
12065233, 1501
12067452, 1501
12069672, 1501
12071894, 1501
12074117, 1501
12076338, 1500
12078557, 1500
12080775, 1500
12083001, 1500
12085222, 1500
12087443, 1501
12089663, 1501
12091882, 1501
12094100, 1501
12096319, 1501
12098542, 1501
12100766, 1501
12102989, 1501
12105208, 1501
12107427, 1501
12109646, 1500
12111865, 1500
12114084, 1500
12116304, 1500
12118523, 1500
12120743, 1500
12122962, 1500
12125180, 1500
12127399, 1500
12129620, 1500
12131841, 1500
12134061, 1500
12136279, 1500
12138498, 1500
12140718, 1500
12142941, 1500
12145162, 1500
12147381, 1501
12149599, 1501
12151819, 1501
12154039, 1501
12156258, 1501
12158478, 1501
12160696, 1501
12162919, 1502
12165135, 1502
12167358, 1502
12169578, 1502
12171800, 1502
12174019, 1502
12176239, 1502
12178461, 1502
12180680, 1502
12182900, 1502
12185119, 1502
12187337, 1502
12189560, 1502
12191780, 1502
12193999, 1502
12196218, 1502
12198436, 1502
12200655, 1502
12202873, 1502
12205093, 1503
12207312, 1503
12209531, 1503
12211749, 1503
12213967, 1503
12216187, 1503
12218406, 1503
12220626, 1503
12222844, 1503
12225063, 1503
12227281, 1503
12229500, 1503
12231719, 1503
12233938, 1503
12236156, 1503
12238375, 1504
12240593, 1504
12242812, 1504
12245035, 1504
12247253, 1503
12249472, 1503
12251692, 1503
12253916, 1503
12256139, 1503
12258359, 1503
12260578, 1503
12262797, 1503
12265016, 1503
12267235, 1503
12269454, 1503
12271673, 1503
12273895, 1503
12276118, 1503
12278339, 1503
12280559, 1503
12282783, 1503
12285007, 1503
12287229, 1503
12289452, 1503
12291672, 1503
12293892, 1503
12296116, 1503
12298336, 1503
12300554, 1502
12302774, 1502
12304993, 1502
12307212, 1502
12309431, 1502
12311650, 1502
12313869, 1502
12316088, 1502
12318312, 1502
12320536, 1502
12322756, 1502
12324973, 1502
12327193, 1502
12329413, 1502
12331632, 1502
12333852, 1502
12336070, 1502
12338288, 1502
12340512, 1502
12342732, 1502
12344952, 1502
12347171, 1502
12349392, 1502
12351611, 1502
12353835, 1502
12356055, 1502
12358272, 1502
12360495, 1502
12362718, 1502
12364941, 1502
12367161, 1502
12369381, 1502
12371600, 1502
12373818, 1501
12376037, 1501
12378256, 1501
12380476, 1501
12382697, 1501
12384917, 1501
12387137, 1501
12389358, 1500
12391580, 1500
12393800, 1500
12396023, 1500
12398243, 1500
12400466, 1500
12402686, 1500
12404905, 1499
12407125, 1499
12409345, 1499
12411562, 1499
12413781, 1499
12416001, 1499
12418221, 1499
12420440, 1499
12422661, 1500
12424880, 1500
12427099, 1500
12429322, 1500
12431542, 1500
12433761, 1500
12435979, 1500
12438197, 1500
12440415, 1500
12442637, 1500
12444856, 1501
12447076, 1501
12449295, 1501
12451513, 1501
12453737, 1501
12455962, 1501
12458177, 1501
12460396, 1500
12462614, 1500
12464837, 1501
12467063, 1501
12469286, 1501
12471508, 1501
12473728, 1501
12475947, 1501
12478166, 1501
12480386, 1501
12482609, 1501
12484834, 1501
12487056, 1501
12489274, 1501
12491494, 1501
12493713, 1501
12495935, 1501
12498153, 1501
12500372, 1501
12502592, 1501
12504811, 1501
12507034, 1501
12509256, 1501
12511480, 1501
12513698, 1501
12515918, 1501
12518140, 1501
12520364, 1501
12522588, 1501
12524807, 1501
12527026, 1501
12529249, 1501
12531473, 1501
12533694, 1501
12535911, 1501
12538130, 1501
12540354, 1501
12542573, 1501
12544793, 1501
12547010, 1501
12549230, 1501
12551448, 1501
12553672, 1502
12555896, 1502
12558116, 1502
12560336, 1502
12562557, 1502
12564780, 1502
12567000, 1502
12569221, 1502
12571441, 1502
12573665, 1502
12575888, 1502
12578111, 1502
12580337, 1502
12582560, 1501
12584780, 1501
12587001, 1501
12589222, 1501
12591441, 1501
12593661, 1501
12595880, 1501
12598099, 1501
12600317, 1501
12602537, 1501
12604756, 1501
12606975, 1501
12609195, 1501
12611414, 1501
12613635, 1501
12615859, 1501
12618081, 1501
12620300, 1501
12622520, 1501
12624738, 1501
12626962, 1501
12629182, 1501
12631402, 1501
12633622, 1501
12635841, 1501
12638063, 1501
12640286, 1501
12642506, 1501
12644729, 1501
12646950, 1501
12649168, 1501
12651387, 1501
12653606, 1501
12655828, 1501
12658048, 1501
12660267, 1501
12662484, 1501
12664703, 1501
12666922, 1500
12669139, 1500
12671359, 1500
12673577, 1500
12675799, 1500
12678018, 1501
12680238, 1501
12682458, 1500
12684677, 1500
12686895, 1500
12689113, 1500
12691332, 1500
12693551, 1500
12695772, 1500
12697996, 1500
12700219, 1500
12702439, 1500
12704663, 1500
12706883, 1500
12709106, 1501
12711325, 1501
12713544, 1501
12715764, 1501
12717985, 1501
12720205, 1501
12722428, 1501
12724648, 1501
12726866, 1501
12729086, 1501
12731305, 1501
12733529, 1501
12735753, 1501
12737975, 1501
12740195, 1501
12742415, 1501
12744634, 1501
12746858, 1501
12749077, 1501
12751297, 1501
12753516, 1501
12755736, 1501
12757955, 1501
12760175, 1501
12762394, 1501
12764617, 1501
12766836, 1501
12769059, 1501
12771279, 1501
12773498, 1501
12775716, 1501
12777935, 1501
12780157, 1501
12782379, 1502
12784596, 1502
12786813, 1502
12789031, 1502
12791255, 1502
12793476, 1502
12795696, 1501
12797913, 1501
12800130, 1501
12802350, 1501
12804570, 1501
12806789, 1501
12809008, 1501
12811228, 1501
12813446, 1502
12815670, 1502
12817894, 1502
12820115, 1502
12822334, 1501
12824553, 1501
12826772, 1501
12828991, 1501
12831211, 1501
12833434, 1501
12835654, 1501
12837875, 1501
12840099, 1501
12842323, 1501
12844546, 1502
12846765, 1502
12848984, 1502
12851203, 1502
12853427, 1502
12855648, 1502
12857871, 1502
12860091, 1502
12862308, 1502
12864530, 1502
12866753, 1502
12868972, 1502
12871195, 1502
12873416, 1502
12875638, 1502
12877855, 1502
12880075, 1502
12882295, 1502
12884514, 1502
12886735, 1502
12888959, 1502
12891182, 1502
12893401, 1501
12895621, 1501
12897841, 1501
12900059, 1501
12902282, 1501
12904502, 1501
12906722, 1501
12908942, 1501
12911160, 1501
12913378, 1501
12915597, 1501
12917816, 1501
12920037, 1501
12922254, 1501
12924473, 1501
12926693, 1501
12928913, 1501
12931137, 1501
12933357, 1501
12935576, 1501
12937797, 1501
12940019, 1501
12942242, 1501
12944464, 1501
12946680, 1501
12948899, 1501
12951122, 1502
12953342, 1502
12955565, 1502
12957790, 1502
12960013, 1502
12962233, 1502
12964452, 1502
12966672, 1502
12968891, 1502
12971110, 1502
12973334, 1502
12975553, 1502
12977773, 1502
12979990, 1502
12982210, 1502
12984429, 1502
12986647, 1502
12988867, 1502
12991086, 1502
12993305, 1502
12995525, 1502
12997744, 1502
12999963, 1502
13002185, 1502
13004407, 1502
13006630, 1502
13008853, 1502
13011073, 1502
13013292, 1502
13015511, 1502
13017734, 1502
13019956, 1502
13022176, 1502
13024395, 1503
13026614, 1503
13028836, 1503
13031058, 1503
13033279, 1503
13035498, 1503
13037717, 1502
13039934, 1502
13042155, 1502
13044376, 1502
13046596, 1502
13048813, 1502
13051031, 1502
13053251, 1502
13055473, 1502
13057693, 1502
13059911, 1502
13062130, 1501
13064349, 1501
13066568, 1501
13068788, 1501
13071007, 1501
13073227, 1502
13075445, 1502
13077664, 1502
13079884, 1502
13082103, 1502
13084323, 1502
13086543, 1502
13088762, 1502
13090983, 1502
13093202, 1502
13095421, 1502
13097644, 1502
13099866, 1502
13102088, 1501
13104311, 1501
13106532, 1501
13108751, 1501
13110972, 1501
13113191, 1501
13115414, 1501
13117634, 1501
13119854, 1501
13122073, 1501
13124291, 1500
13126508, 1500
13128729, 1500
13130950, 1500
13133168, 1500
13135388, 1500
13137606, 1500
13139825, 1500
13142045, 1500
13144267, 1499
13146487, 1499
13148708, 1499
13150929, 1499
13153152, 1499
13155372, 1499
13157591, 1499
13159810, 1499
13162029, 1500
13164247, 1500
13166470, 1500
13168688, 1500
13170908, 1500
13173133, 1500
13175354, 1500
13177573, 1500
13179792, 1500
13182012, 1500
13184231, 1500
13186450, 1500
13188669, 1500
13190887, 1500
13193106, 1500
13195324, 1500
13197543, 1500
13199762, 1500
13201979, 1500
13204199, 1500
13206419, 1500
13208638, 1500
13210861, 1500
13213080, 1500
13215300, 1500
13217522, 1500
13219747, 1500
13221971, 1500
13224194, 1500
13226412, 1500
13228632, 1500
13230855, 1500
13233077, 1500
13235294, 1500
13237517, 1500
13239734, 1500
13241954, 1500
13244173, 1500
13246393, 1500
13248613, 1500
13250832, 1500
13253048, 1500
13255267, 1500
13257487, 1500
13259706, 1500
13261925, 1500
13264144, 1500
13266369, 1501
13268590, 1501
13270811, 1501
13273030, 1501
13275250, 1501
13277472, 1501
13279692, 1501
13281912, 1501
13284131, 1501
13286356, 1501
13288575, 1501
13290798, 1501
13293021, 1502
13295243, 1502
13297464, 1502
13299681, 1502
13301903, 1502
13304123, 1502
13306340, 1502
13308566, 1502
13310787, 1502
13313008, 1502
13315226, 1502
13317444, 1502
13319662, 1502
13321882, 1502
13324106, 1502
13326325, 1502
13328543, 1502
13330767, 1502
13332987, 1502
13335207, 1502
13337429, 1502
13339649, 1502
13341869, 1502
13344092, 1502
13346309, 1502
13348533, 1502
13350755, 1503
13352972, 1502
13355195, 1502
13357415, 1503
13359634, 1503
13361854, 1503
13364071, 1503
13366290, 1503
13368509, 1503
13370734, 1503
13372954, 1503
13375174, 1503
13377392, 1503
13379612, 1503
13381830, 1503
13384050, 1503
13386270, 1503
13388488, 1503
13390707, 1503
13392926, 1503
13395147, 1503
13397372, 1503
13399592, 1504
13401811, 1504
13404028, 1504
13406248, 1504
13408473, 1504
13410696, 1504
13412919, 1504
13415138, 1504
13417359, 1504
13419580, 1504
13421800, 1504
13424019, 1503
13426238, 1503
13428462, 1503
13430685, 1503
13432904, 1503
13435127, 1503
13437347, 1503
13439566, 1503
13441785, 1503
13444002, 1503
13446225, 1503
13448447, 1503
13450666, 1503
13452885, 1503
13455108, 1503
13457328, 1503
13459547, 1502
13461766, 1502
13463984, 1502
13466206, 1502
13468429, 1502
13470649, 1502
13472868, 1502
13475087, 1502
13477306, 1502
13479525, 1502
13481745, 1502
13483968, 1502
13486193, 1502
13488416, 1502
13490635, 1502
13492858, 1502
13495079, 1502
13497299, 1502
13499519, 1502
13501738, 1502
13503957, 1502
13506181, 1502
13508401, 1502
13510620, 1502
13512842, 1502
13515064, 1501
13517284, 1501
13519504, 1501
13521727, 1501
13523951, 1501
13526168, 1500
13528387, 1500
13530606, 1500
13532823, 1500
13535044, 1500
13537263, 1500
13539482, 1500
13541700, 1500
13543921, 1500
13546142, 1500
13548361, 1500
13550580, 1500
13552799, 1500
13555017, 1500
13557237, 1500
13559462, 1500
13561687, 1500
13563906, 1500
13566124, 1500
13568344, 1499
13570564, 1499
13572786, 1499
13575005, 1499
13577224, 1499
13579446, 1499
13581669, 1499
13583888, 1499
13586108, 1500
13588330, 1500
13590552, 1500
13592776, 1500
13594991, 1500
13597215, 1500
13599435, 1500
13601653, 1500
13603873, 1500
13606093, 1500
13608312, 1500
13610531, 1500
13612751, 1500
13614969, 1500
13617189, 1500
13619409, 1500
13621630, 1500
13623853, 1500
13626072, 1500
13628291, 1500
13630510, 1500
13632730, 1500
13634951, 1500
13637168, 1500
13639389, 1500
13641609, 1500
13643829, 1500
13646048, 1500
13648270, 1500
13650488, 1500
13652708, 1501
13654927, 1500
13657145, 1501
13659363, 1500
13661583, 1501
13663800, 1501
13666022, 1501
13668241, 1501
13670461, 1501
13672684, 1501
13674904, 1501
13677128, 1500
13679347, 1500
13681566, 1500
13683786, 1500
13686006, 1500
13688228, 1500
13690450, 1500
13692673, 1500
13694894, 1500
13697113, 1500
13699332, 1500
13701551, 1500
13703769, 1500
13705989, 1500
13708208, 1500
13710431, 1500
13712655, 1500
13714874, 1500
13717094, 1500
13719314, 1500
13721538, 1500
13723760, 1500
13725980, 1500
13728200, 1500
13730421, 1500
13732640, 1500
13734860, 1500
13737082, 1500
13739304, 1500
13741524, 1500
13743748, 1501
13745969, 1501
13748192, 1501
13750414, 1501
13752637, 1501
13754855, 1501
13757075, 1501
13759295, 1501
13761513, 1501
13763732, 1501
13765950, 1501
13768169, 1502
13770389, 1502
13772609, 1502
13774831, 1502
13777049, 1502
13779268, 1502
13781486, 1502
13783706, 1502
13785926, 1502
13788144, 1502
13790365, 1502
13792585, 1502
13794805, 1502
13797025, 1502
13799244, 1502
13801463, 1502
13803685, 1502
13805909, 1502
13808134, 1502
13810358, 1502
13812581, 1502
13814804, 1502
13817023, 1502
13819246, 1502
13821466, 1502
13823686, 1502
13825905, 1502
13828123, 1502
13830343, 1502
13832563, 1502
13834780, 1502
13836998, 1502
13839217, 1501
13841435, 1501
13843659, 1501
13845882, 1501
13848101, 1501
13850320, 1501
13852538, 1501
13854764, 1500
13856984, 1500
13859205, 1500
13861424, 1500
13863643, 1500
13865861, 1500
13868081, 1500
13870301, 1500
13872525, 1500
13874746, 1500
13876966, 1500
13879191, 1500
13881414, 1500
13883634, 1500
13885855, 1500
13888078, 1500
13890297, 1500
13892519, 1500
13894739, 1501
13896962, 1501
13899182, 1501
13901401, 1501
13903624, 1501
13905847, 1501
13908069, 1501
13910288, 1501
13912511, 1501
13914731, 1501
13916953, 1501
13919173, 1501
13921393, 1501
13923618, 1501
13925841, 1501
13928060, 1501
13930279, 1501
13932499, 1500
13934719, 1500
13936938, 1500
13939157, 1500
13941376, 1500
13943595, 1500
13945815, 1500
13948034, 1500
13950252, 1500
13952471, 1500
13954689, 1500
13956911, 1500
13959132, 1500
13961356, 1500
13963575, 1500
13965793, 1500
13968012, 1501
13970232, 1501
13972450, 1501
13974672, 1501
13976889, 1501
13979107, 1501
13981328, 1501
13983548, 1501
13985766, 1501
13987985, 1501
13990206, 1501
13992429, 1501
13994650, 1501
13996870, 1501
13999093, 1501
14001315, 1501
14003535, 1500
14005754, 1500
14007973, 1500
14010192, 1500
14012412, 1500
14014631, 1500
14016850, 1500
14019072, 1500
14021292, 1500
14023512, 1500
14025732, 1500
14027955, 1500
14030176, 1500
14032395, 1500
14034615, 1500
14036835, 1500
14039053, 1500
14041276, 1500
14043495, 1500
14045715, 1500
14047941, 1500
14050162, 1500
14052382, 1500
14054605, 1500
14056829, 1500
14059049, 1500
14061269, 1500
14063488, 1500
14065709, 1500
14067927, 1500
14070147, 1500
14072371, 1500
14074592, 1500
14076812, 1500
14079034, 1500
14081254, 1500
14083473, 1500
14085696, 1501
14087917, 1501
14090136, 1501
14092355, 1501
14094578, 1501
14096801, 1501
14099025, 1501
14101245, 1501
14103468, 1501
14105692, 1501
14107912, 1502
14110130, 1502
14112350, 1502
14114572, 1502
14116791, 1502
14119009, 1502
14121228, 1502
14123449, 1502
14125666, 1502
14127886, 1502
14130109, 1502
14132329, 1502
14134551, 1502
14136768, 1502
14138986, 1502
14141204, 1502
14143424, 1502
14145643, 1501
14147862, 1501
14150082, 1502
14152300, 1502
14154524, 1502
14156745, 1502
14158965, 1502
14161188, 1502
14163410, 1502
14165632, 1502
14167852, 1502
14170071, 1502
14172290, 1502
14174510, 1502
14176728, 1502
14178947, 1502
14181167, 1502
14183385, 1502
14185605, 1502
14187824, 1502
14190043, 1502
14192263, 1502
14194482, 1502
14196702, 1502
14198921, 1502
14201142, 1502
14203366, 1502
14205584, 1502
14207808, 1502
14210030, 1502
14212250, 1502
14214467, 1502
14216687, 1502
14218908, 1502
14221129, 1502
14223349, 1502
14225567, 1502
14227793, 1502
14230012, 1502
14232231, 1502
14234451, 1501
14236670, 1501
14238890, 1501
14241109, 1501
14243329, 1501
14245552, 1501
14247777, 1501
14250001, 1501
14252221, 1501
14254440, 1501
14256662, 1501
14258882, 1501
14261101, 1501
14263320, 1501
14265539, 1501
14267759, 1501
14269978, 1501
14272201, 1501
14274425, 1501
14276649, 1501
14278868, 1501
14281088, 1501
14283308, 1500
14285529, 1501
14287749, 1500
14289968, 1500
14292187, 1500
14294406, 1500
14296627, 1500
14298849, 1500
14301067, 1500
14303285, 1500
14305505, 1500
14307725, 1500
14309948, 1500
14312168, 1500
14314387, 1500
14316605, 1500
14318828, 1500
14321049, 1500
14323271, 1500
14325491, 1500
14327710, 1500
14329931, 1501
14332150, 1501
14334374, 1501
14336597, 1501
14338815, 1501
14341036, 1501
14343256, 1501
14345474, 1501
14347696, 1501
14349920, 1501
14352140, 1502
14354358, 1502
14356578, 1502
14358797, 1502
14361017, 1502
14363238, 1502
14365455, 1502
14367678, 1502
14369902, 1502
14372126, 1502
14374348, 1502
14376566, 1502
14378787, 1502
14381009, 1502
14383229, 1502
14385453, 1502
14387673, 1502
14389895, 1502
14392119, 1501
14394337, 1501
14396559, 1501
14398777, 1501
14401000, 1501
14403219, 1501
14405437, 1501
14407657, 1501
14409878, 1500
14412098, 1500
14414319, 1500
14416542, 1500
14418763, 1500
14420983, 1500
14423202, 1500
14425426, 1500
14427645, 1500
14429863, 1500
14432082, 1500
14434302, 1500
14436522, 1500
14438741, 1500
14440960, 1500
14443179, 1500
14445399, 1500
14447619, 1500
14449838, 1500
14452060, 1500
14454281, 1500
14456501, 1500
14458721, 1501
14460940, 1501
14463160, 1501
14465378, 1501
14467600, 1501
14469821, 1501
14472044, 1501
14474264, 1501
14476487, 1501
14478710, 1501
14480934, 1501
14483153, 1501
14485374, 1501
14487593, 1501
14489812, 1501
14492030, 1501
14494250, 1501
14496470, 1501
14498690, 1501
14500910, 1501
14503129, 1501
14505349, 1501
14507564, 1501
14509790, 1501
14512012, 1501
14514230, 1501
14516451, 1501
14518671, 1501
14520890, 1501
14523110, 1501
14525330, 1501
14527551, 1501
14529770, 1502
14531990, 1502
14534210, 1502
14536427, 1502
14538646, 1502
14540868, 1502
14543090, 1502
14545310, 1502
14547529, 1502
14549749, 1502
14551968, 1502
14554187, 1502
14556410, 1502
14558630, 1502
14560855, 1502
14563073, 1502
14565291, 1502
14567510, 1502
14569729, 1502
14571955, 1502
14574174, 1502
14576393, 1502
14578611, 1502
14580835, 1502
14583056, 1502
14585276, 1502
14587496, 1502
14589719, 1503
14591942, 1503
14594163, 1503
14596389, 1503
14598609, 1503
14600828, 1503
14603048, 1502
14605269, 1502
14607493, 1502
14609716, 1502
14611939, 1502
14614159, 1502
14616382, 1502
14618608, 1502
14620830, 1502
14623051, 1502
14625273, 1501
14627496, 1501
14629716, 1501
14631940, 1501
14634164, 1501
14636385, 1501
14638603, 1501
14640823, 1501
14643043, 1501
14645262, 1501
14647482, 1501
14649701, 1501
14651920, 1501
14654139, 1501
14656358, 1501
14658577, 1501
14660797, 1501
14663017, 1501
14665236, 1501
14667453, 1501
14669676, 1501
14671896, 1501
14674116, 1501
14676335, 1501
14678554, 1501
14680774, 1501
14682994, 1501
14685213, 1501
14687437, 1501
14689661, 1501
14691883, 1501
14694104, 1500
14696327, 1500
14698549, 1500
14700767, 1500
14702989, 1500
14705208, 1500
14707428, 1500
14709648, 1500
14711866, 1500
14714085, 1500
14716304, 1500
14718523, 1500
14720742, 1500
14722962, 1500
14725182, 1500
14727401, 1500
14729619, 1500
14731839, 1500
14734058, 1500
14736278, 1500
14738497, 1500
14740720, 1500
14742942, 1500
14745162, 1500
14747386, 1500
14749607, 1500
14751826, 1500
14754046, 1500
14756265, 1500
14758485, 1500
14760703, 1500
14762926, 1500
14765146, 1500
14767365, 1500
14769587, 1500
14771806, 1500
14774027, 1500
14776247, 1500
14778464, 1500
14780684, 1500
14782904, 1500
14785124, 1499
14787342, 1500
14789562, 1499
14791785, 1499
14794005, 1500
14796224, 1499
14798444, 1499
14800666, 1499
14802887, 1500
14805105, 1500
14807328, 1500
14809547, 1500
14811766, 1500
14813986, 1500
14816204, 1500
14818429, 1500
14820650, 1500
14822872, 1500
14825092, 1500
14827311, 1500
14829528, 1500
14831747, 1500
14833969, 1501
14836189, 1501
14838408, 1501
14840628, 1501
14842847, 1501
14845071, 1501
14847291, 1501
14849511, 1501
14851729, 1501
14853947, 1501
14856167, 1501
14858387, 1501
14860606, 1501
14862830, 1501
14865048, 1501
14867267, 1501
14869486, 1501
14871706, 1501
14873928, 1501
14876153, 1502
14878371, 1502
14880587, 1502
14882807, 1501
14885027, 1501
14887246, 1501
14889469, 1501
14891690, 1501
14893909, 1501
14896128, 1501
14898347, 1501
14900567, 1501
14902786, 1501
14905005, 1501
14907231, 1501
14909451, 1501
14911666, 1501
14913885, 1500
14916104, 1500
14918322, 1500
14920542, 1500
14922761, 1501
14924980, 1501
14927199, 1501
14929419, 1501
14931641, 1501
14933861, 1501
14936081, 1501
14938299, 1501
14940523, 1501
14942742, 1501
14944961, 1501
14947180, 1501
14949400, 1501
14951619, 1501
14953841, 1501
14956062, 1501
14958285, 1501
14960505, 1501
14962726, 1501
14964944, 1501
14967163, 1501
14969383, 1501
14971603, 1501
14973822, 1501
14976042, 1501
14978262, 1501
14980482, 1501
14982701, 1501
14984920, 1501
14987140, 1501
14989359, 1501
14991577, 1501
14993796, 1501
14996016, 1501
14998239, 1501
15000459, 1501
15002683, 1501
15004901, 1501
15007124, 1501
15009346, 1501
15011566, 1501
15013785, 1501
15016002, 1501
15018225, 1501
15020449, 1501
15022669, 1501
15024890, 1501
15027108, 1501
15029330, 1501
15031550, 1501
15033770, 1501
15035990, 1501
15038209, 1501
15040427, 1501
15042646, 1501
15044865, 1501
15047087, 1501
15049312, 1501
15051537, 1501
15053759, 1501
15055978, 1501
15058197, 1501
15060418, 1501
15062636, 1501
15064854, 1501
15067073, 1501
15069296, 1501
15071516, 1501
15073736, 1501
15075955, 1501
15078177, 1501
15080402, 1501
15082620, 1501
15084839, 1501
15087057, 1501
15089276, 1501
15091495, 1501
15093714, 1501
15095934, 1501
15098153, 1501
15100373, 1501
15102591, 1501
15104812, 1501
15107033, 1501
15109253, 1501
15111473, 1501
15113692, 1501
15115911, 1501
15118133, 1501
15120353, 1501
15122575, 1502
15124795, 1502
15127015, 1502
15129233, 1502
15131452, 1502
15133672, 1502
15135890, 1502
15138110, 1502
15140329, 1502
15142550, 1502
15144770, 1502
15146993, 1502
15149217, 1502
15151435, 1502
15153656, 1502
15155875, 1502
15158096, 1502
15160316, 1501
15162535, 1501
15164760, 1501
15166982, 1501
15169203, 1501
15171427, 1501
15173650, 1501
15175868, 1501
15178089, 1501
15180309, 1501
15182529, 1500
15184749, 1500
15186966, 1500
15189186, 1500
15191410, 1500
15193633, 1500
15195857, 1500
15198076, 1500
15200296, 1500
15202515, 1499
15204734, 1499
15206954, 1499
15209176, 1499
15211397, 1499
15213616, 1499
15215839, 1499
15218058, 1499
15220277, 1499
15222498, 1499
15224717, 1499
15226937, 1499
15229156, 1499
15231374, 1499
15233594, 1499
15235813, 1499
15238035, 1499
15240258, 1499
15242476, 1499
15244701, 1499
15246925, 1499
15249147, 1499
15251371, 1499
15253591, 1499
15255810, 1499
15258030, 1499
15260247, 1500
15262473, 1500
15264693, 1500
15266911, 1500
15269130, 1500
15271353, 1500
15273574, 1500
15275795, 1500
15278017, 1500
15280237, 1500
15282457, 1500
15284676, 1500
15286901, 1500
15289122, 1500
15291341, 1501
15293560, 1501
15295784, 1501
15298004, 1501
15300227, 1501
15302447, 1501
15304666, 1501
15306886, 1501
15309105, 1501
15311329, 1501
15313550, 1501
15315773, 1502
15317992, 1502
15320212, 1502
15322429, 1502
15324653, 1502
15326877, 1502
15329100, 1502
15331320, 1502
15333539, 1502
15335758, 1502
15337977, 1502
15340196, 1502
15342414, 1502
15344634, 1502
15346853, 1502
15349073, 1502
15351292, 1502
15353512, 1502
15355731, 1502
15357950, 1502
15360169, 1502
15362388, 1502
15364607, 1502
15366826, 1502
15369045, 1502
15371269, 1502
15373491, 1502
15375710, 1502
15377929, 1502
15380150, 1502
15382374, 1502
15384598, 1502
15386823, 1503
15389044, 1503
15391262, 1502
15393480, 1503
15395700, 1503
15397919, 1503
15400143, 1503
15402361, 1503
15404581, 1503
15406804, 1503
15409028, 1503
15411253, 1503
15413476, 1503
15415697, 1503
15417916, 1503
15420137, 1503
15422357, 1503
15424578, 1502
15426799, 1502
15429022, 1502
15431240, 1502
15433460, 1502
15435681, 1502
15437899, 1502
15440118, 1502
15442342, 1502
15444564, 1502
15446783, 1502
15449006, 1502
15451226, 1502
15453445, 1501
15455669, 1501
15457889, 1501
15460114, 1501
15462334, 1501
15464554, 1501
15466776, 1501
15468996, 1501
15471217, 1501
15473437, 1501
15475655, 1500
15477878, 1500
15480103, 1500
15482327, 1500
15484551, 1500
15486772, 1500
15488993, 1500
15491217, 1500
15493440, 1500
15495658, 1499
15497883, 1499
15500104, 1499
15502324, 1499
15504542, 1499
15506762, 1499
15508984, 1499
15511204, 1499
15513424, 1499
15515643, 1499
15517861, 1499
15520085, 1499
15522307, 1499
15524525, 1499
15526745, 1499
15528964, 1499
15531183, 1499
15533403, 1499
15535623, 1499
15537842, 1499
15540062, 1499
15542284, 1499
15544509, 1499
15546733, 1499
15548953, 1500
15551171, 1500
15553392, 1500
15555611, 1500
15557830, 1500
15560050, 1500
15562269, 1500
15564489, 1500
15566707, 1499
15568927, 1499
15571146, 1499
15573369, 1499
15575589, 1500
15577808, 1500
15580030, 1500
15582251, 1500
15584471, 1500
15586690, 1500
15588910, 1500
15591129, 1500
15593348, 1500
15595567, 1500
15597790, 1501
15600015, 1501
15602234, 1501
15604452, 1501
15606671, 1501
15608891, 1502
15611110, 1502
15613332, 1502
15615556, 1502
15617778, 1503
15619997, 1503
15622218, 1503
15624438, 1503
15626659, 1503
15628877, 1503
15631097, 1503
15633317, 1503
15635537, 1503
15637756, 1503
15639978, 1503
15642198, 1503
15644417, 1503
15646638, 1503
15648862, 1503
15651084, 1503
15653301, 1503
15655520, 1503
15657739, 1503
15659959, 1503
15662180, 1503
15664399, 1503
15666618, 1503
15668836, 1503
15671057, 1503
15673277, 1503
15675501, 1503
15677719, 1503
15679942, 1503
15682165, 1503
15684389, 1502
15686608, 1502
15688828, 1502
15691046, 1502
15693265, 1502
15695483, 1502
15697703, 1502
15699923, 1502
15702143, 1502
15704361, 1502
15706580, 1502
15708804, 1502
15711025, 1502
15713244, 1502
15715462, 1502
15717681, 1502
15719900, 1502
15722124, 1502
15724344, 1502
15726563, 1502
15728785, 1502
15731005, 1502
15733228, 1502
15735450, 1502
15737670, 1502
15739889, 1502
15742111, 1502
15744330, 1502
15746550, 1502
15748773, 1501
15750997, 1501
15753218, 1501
15755436, 1501
15757656, 1501
15759875, 1501
15762098, 1501
15764322, 1501
15766541, 1501
15768758, 1501
15770978, 1501
15773198, 1501
15775417, 1501
15777641, 1501
15779864, 1501
15782084, 1501
15784304, 1501
15786525, 1501
15788746, 1501
15790969, 1501
15793187, 1501
15795412, 1501
15797634, 1501
15799858, 1501
15802080, 1501
15804299, 1501
15806517, 1500
15808737, 1500
15810957, 1500
15813180, 1500
15815404, 1500
15817623, 1500
15819845, 1500
15822065, 1500
15824285, 1500
15826505, 1500
15828724, 1500
15830946, 1500
15833164, 1500
15835387, 1500
15837611, 1500
15839835, 1500
15842054, 1500
15844273, 1500
15846495, 1499
15848717, 1499
15850941, 1499
15853163, 1499
15855382, 1499
15857602, 1499
15859822, 1499
15862042, 1499
15864266, 1499
15866489, 1500
15868712, 1500
15870934, 1500
15873158, 1500
15875379, 1500
15877601, 1500
15879819, 1500
15882042, 1500
15884261, 1500
15886480, 1500
15888700, 1500
15890918, 1500
15893137, 1500
15895357, 1500
15897576, 1500
15899800, 1500
15902024, 1500
15904244, 1499
15906463, 1499
15908683, 1499
15910901, 1499
15913121, 1499
15915341, 1499
15917560, 1499
15919781, 1499
15922003, 1499
15924229, 1499
15926451, 1499
15928672, 1499
15930889, 1499
15933113, 1499
15935334, 1499
15937554, 1499
15939773, 1499
15941991, 1499
15944210, 1500
15946429, 1500
15948649, 1500
15950869, 1500
15953087, 1500
15955305, 1500
15957525, 1500
15959744, 1500
15961963, 1500
15964188, 1500
15966411, 1500
15968634, 1500
15970854, 1500
15973074, 1500
15975292, 1500
15977512, 1500
15979731, 1500
15981950, 1500
15984174, 1500
15986395, 1500
15988614, 1500
15990838, 1500
15993060, 1500
15995285, 1500
15997503, 1500
15999723, 1500
16001942, 1500
16004161, 1500
16006379, 1500
16008599, 1501
16010817, 1501
16013037, 1501
16015256, 1501
16017474, 1501
16019693, 1501
16021912, 1501
16024132, 1501
16026352, 1501
16028569, 1501
16030788, 1501
16033007, 1501
16035227, 1501
16037450, 1501
16039669, 1501
16041893, 1501
16044112, 1501
16046335, 1501
16048555, 1501
16050775, 1501
16052994, 1501
16055216, 1501
16057435, 1501
16059654, 1501
16061878, 1501
16064098, 1501
16066318, 1502
16068536, 1502
16070755, 1502
16072975, 1502
16075194, 1502
16077414, 1502
16079632, 1502
16081851, 1502
16084070, 1502
16086289, 1502
16088509, 1502
16090728, 1502
16092951, 1502
16095170, 1502
16097390, 1502
16099610, 1502
16101831, 1502
16104049, 1502
16106267, 1502
16108489, 1502
16110709, 1502
16112928, 1502
16115148, 1502
16117367, 1502
16119592, 1502
16121811, 1502
16124031, 1502
16126250, 1502
16128470, 1502
16130691, 1502
16132911, 1502
16135131, 1502
16137353, 1502
16139574, 1502
16141792, 1501
16144010, 1501
16146228, 1501
16148447, 1501
16150667, 1501
16152886, 1501
16155105, 1500
16157323, 1500
16159547, 1500
16161769, 1500
16163989, 1500
16166209, 1500
16168429, 1500
16170647, 1499
16172867, 1499
16175087, 1499
16177306, 1499
16179525, 1499
16181744, 1499
16183969, 1499
16186188, 1499
16188407, 1499
16190629, 1499
16192848, 1499
16195066, 1499
16197289, 1499
16199508, 1499
16201728, 1499
16203947, 1499
16206165, 1499
16208385, 1499
16210605, 1499
16212828, 1499
16215048, 1499
1