=~=~=~=~=~=~=~=~=~=~=~= PuTTY log 2025.11.24 11:05:41 =~=~=~=~=~=~=~=~=~=~=~=
8, 0.000005, [N/A], 150
5002059, 188
5004277, 188
5006496, 188
5008714, 188
5010933, 190
5013157, 190
5015379, 190
5017596, 191
5019815, 191
5022035, 193
5024253, 193
5026471, 194
5028689, 198
5030909, 199
5033129, 203
5035347, 206
5037565, 264
5039783, 264
5042004, 265
5044226, 268
5046450, 270
5048669, 330
5050888, 331
5053105, 332
5055323, 335
5057541, 389
5059761, 390
5061981, 393
5064204, 441
5066425, 441
5068648, 443
5070867, 494
5073086, 495
5075306, 533
5077525, 534
5079742, 571
5081962, 572
5084180, 608
5086404, 610
5088622, 647
5090841, 648
5093061, 683
5095280, 684
5097501, 722
5099720, 723
5101941, 760
5104161, 762
5106379, 798
5108599, 799
5110821, 833
5113039, 833
5115257, 868
5117475, 870
5119695, 903
5121918, 904
5124136, 938
5126354, 939
5128572, 972
5130790, 973
5133008, 1006
5135231, 1007
5137450, 1041
5139670, 1042
5141890, 1075
5144115, 1076
5146335, 1109
5148559, 1110
5150777, 1139
5153000, 1140
5155218, 1171
5157437, 1172
5159657, 1203
5161878, 1204
5164096, 1233
5166317, 1234
5168537, 1264
5170756, 1264
5172978, 1294
5175200, 1295
5177419, 1323
5179639, 1324
5181858, 1350
5184080, 1351
5186303, 1375
5188522, 1376
5190745, 1401
5192969, 1402
5195187, 1424
5197411, 1425
5199630, 1447
5201850, 1447
5204071, 1467
5206290, 1467
5208508, 1484
5210727, 1485
5212946, 1486
5215167, 1486
5217389, 1509
5219610, 1510
5221830, 1529
5224053, 1529
5226272, 1530
5228491, 1531
5230711, 1549
5232930, 1550
5235149, 1550
5237365, 1551
5239586, 1551
5241806, 1552
5244025, 1553
5246244, 1554
5248464, 1555
5250687, 1555
5252909, 1556
5255129, 1557
5257352, 1557
5259577, 1557
5261798, 1557
5264017, 1557
5266237, 1557
5268456, 1557
5270676, 1556
5272896, 1556
5275115, 1555
5277335, 1554
5279555, 1536
5281775, 1536
5283994, 1536
5286214, 1535
5288434, 1533
5290654, 1516
5292876, 1516
5295098, 1515
5297321, 1514
5299541, 1497
5301761, 1497
5303979, 1497
5306198, 1495
5308417, 1495
5310636, 1475
5312857, 1475
5315076, 1474
5317296, 1474
5319516, 1473
5321735, 1456
5323957, 1456
5326179, 1455
5328399, 1455
5330618, 1454
5332839, 1453
5335060, 1435
5337283, 1435
5339503, 1434
5341726, 1434
5343946, 1433
5346164, 1432
5348385, 1431
5350605, 1412
5352825, 1412
5355045, 1412
5357264, 1411
5359484, 1411
5361704, 1411
5363924, 1411
5366144, 1410
5368365, 1409
5370585, 1408
5372805, 1408
5375025, 1407
5377245, 1407
5379465, 1406
5381684, 1406
5383903, 1405
5386123, 1404
5388343, 1404
5390563, 1404
5392784, 1404
5395001, 1404
5397219, 1403
5399439, 1403
5401662, 1404
5403882, 1404
5406106, 1404
5408329, 1404
5410554, 1404
5412779, 1405
5415001, 1406
5417221, 1406
5419441, 1407
5421662, 1407
5423881, 1408
5426105, 1409
5428326, 1410
5430547, 1411
5432765, 1412
5434985, 1430
5437205, 1430
5439425, 1431
5441646, 1431
5443864, 1431
5446079, 1432
5448303, 1432
5450523, 1434
5452746, 1434
5454967, 1435
5457185, 1436
5459403, 1437
5461622, 1456
5463842, 1456
5466062, 1456
5468282, 1457
5470503, 1457
5472723, 1458
5474943, 1458
5477164, 1459
5479383, 1460
5481602, 1461
5483820, 1479
5486045, 1479
5488270, 1479
5490489, 1479
5492710, 1480
5494927, 1480
5497147, 1481
5499371, 1482
5501592, 1482
5503813, 1483
5506031, 1484
5508251, 1485
5510469, 1486
5512693, 1487
5514917, 1488
5517137, 1489
5519356, 1506
5521576, 1506
5523796, 1506
5526017, 1506
5528236, 1507
5530457, 1507
5532674, 1507
5534892, 1507
5537112, 1507
5539334, 1507
5541553, 1507
5543772, 1508
5545991, 1508
5548211, 1508
5550431, 1508
5552651, 1508
5554872, 1508
5557090, 1508
5559310, 1508
5561530, 1508
5563750, 1508
5565968, 1508
5568190, 1508
5570410, 1508
5572630, 1508
5574850, 1507
5577070, 1507
5579291, 1507
5581510, 1506
5583729, 1505
5585949, 1505
5588173, 1504
5590395, 1504
5592615, 1503
5594832, 1502
5597052, 1502
5599271, 1501
5601493, 1500
5603714, 1500
5605933, 1499
5608151, 1498
5610372, 1497
5612592, 1496
5614811, 1495
5617034, 1494
5619256, 1494
5621475, 1493
5623695, 1492
5625915, 1491
5628138, 1490
5630358, 1489
5632576, 1488
5634795, 1488
5637014, 1486
5639235, 1485
5641453, 1484
5643672, 1483
5645891, 1483
5648110, 1482
5650330, 1481
5652549, 1480
5654769, 1479
5656990, 1478
5659209, 1477
5661429, 1476
5663649, 1476
5665871, 1475
5668093, 1475
5670312, 1474
5672531, 1473
5674751, 1473
5676971, 1473
5679190, 1472
5681409, 1472
5683629, 1471
5685848, 1471
5688068, 1471
5690288, 1470
5692511, 1470
5694730, 1470
5696949, 1469
5699169, 1469
5701389, 1469
5703608, 1469
5705827, 1469
5708045, 1469
5710264, 1469
5712484, 1469
5714704, 1469
5716925, 1469
5719144, 1469
5721362, 1469
5723580, 1470
5725801, 1470
5728021, 1470
5730241, 1471
5732462, 1471
5734685, 1471
5736905, 1472
5739124, 1473
5741343, 1473
5743564, 1474
5745787, 1475
5748006, 1476
5750226, 1476
5752448, 1477
5754668, 1479
5756888, 1479
5759106, 1480
5761326, 1481
5763546, 1482
5765766, 1483
5767990, 1483
5770211, 1484
5772432, 1485
5774655, 1486
5776874, 1487
5779094, 1488
5781313, 1489
5783531, 1490
5785749, 1491
5787967, 1492
5790192, 1493
5792416, 1494
5794639, 1495
5796859, 1512
5799080, 1512
5801300, 1512
5803519, 1512
5805738, 1512
5807956, 1513
5810176, 1513
5812395, 1513
5814619, 1513
5816838, 1514
5819056, 1514
5821274, 1514
5823492, 1514
5825712, 1515
5827931, 1515
5830151, 1516
5832369, 1516
5834589, 1516
5836809, 1516
5839030, 1516
5841250, 1516
5843473, 1516
5845691, 1516
5847910, 1516
5850135, 1516
5852353, 1516
5854579, 1516
5856801, 1515
5859021, 1515
5861240, 1514
5863458, 1514
5865676, 1514
5867895, 1514
5870114, 1514
5872332, 1513
5874556, 1513
5876780, 1513
5879005, 1512
5881224, 1512
5883442, 1512
5885662, 1511
5887880, 1511
5890104, 1510
5892325, 1510
5894545, 1509
5896765, 1509
5898982, 1508
5901202, 1508
5903421, 1507
5905641, 1507
5907860, 1505
5910084, 1505
5912307, 1504
5914525, 1503
5916746, 1503
5918965, 1502
5921184, 1501
5923404, 1500
5925624, 1500
5927845, 1499
5930065, 1499
5932284, 1498
5934503, 1498
5936729, 1497
5938951, 1497
5941172, 1496
5943394, 1495
5945613, 1495
5947832, 1494
5950051, 1494
5952270, 1493
5954495, 1493
5956713, 1492
5958931, 1492
5961151, 1491
5963369, 1491
5965589, 1491
5967809, 1490
5970028, 1490
5972247, 1490
5974467, 1489
5976691, 1489
5978916, 1489
5981139, 1489
5983358, 1489
5985578, 1488
5987798, 1488
5990023, 1488
5992245, 1488
5994467, 1488
5996686, 1488
5998907, 1488
6001127, 1488
6003343, 1488
6005563, 1488
6007782, 1488
6010002, 1489
6012226, 1489
6014446, 1489
6016664, 1489
6018886, 1489
6021107, 1490
6023329, 1490
6025549, 1490
6027768, 1490
6029989, 1491
6032209, 1491
6034426, 1491
6036651, 1492
6038873, 1492
6041093, 1492
6043311, 1493
6045529, 1493
6047747, 1493
6049970, 1494
6052191, 1494
6054413, 1495
6056632, 1495
6058850, 1496
6061070, 1496
6063294, 1497
6065515, 1498
6067734, 1498
6069952, 1499
6072171, 1499
6074392, 1500
6076613, 1500
6078838, 1501
6081061, 1502
6083283, 1502
6085499, 1503
6087719, 1504
6089938, 1504
6092163, 1505
6094383, 1506
6096603, 1507
6098825, 1507
6101045, 1508
6103263, 1508
6105482, 1509
6107700, 1509
6109919, 1510
6112138, 1511
6114358, 1511
6116577, 1512
6118795, 1512
6121014, 1513
6123237, 1513
6125459, 1513
6127678, 1514
6129898, 1514
6132117, 1514
6134336, 1515
6136556, 1515
6138776, 1516
6140998, 1516
6143217, 1516
6145435, 1516
6147657, 1517
6149877, 1517
6152095, 1517
6154316, 1517
6156535, 1517
6158755, 1517
6160979, 1517
6163200, 1517
6165420, 1517
6167640, 1517
6169859, 1517
6172079, 1517
6174298, 1517
6176518, 1517
6178739, 1517
6180963, 1517
6183186, 1517
6185411, 1517
6187631, 1516
6189855, 1516
6192077, 1516
6194296, 1516
6196515, 1515
6198736, 1515
6200959, 1514
6203180, 1514
6205404, 1513
6207623, 1513
6209842, 1513
6212060, 1512
6214282, 1512
6216503, 1511
6218723, 1511
6220944, 1511
6223164, 1510
6225385, 1510
6227604, 1510
6229821, 1509
6232041, 1509
6234260, 1508
6236480, 1508
6238699, 1507
6240919, 1507
6243140, 1507
6245360, 1506
6247580, 1505
6249800, 1504
6252020, 1504
6254240, 1504
6256460, 1503
6258680, 1503
6260900, 1502
6263125, 1502
6265346, 1502
6267565, 1501
6269784, 1501
6272007, 1500
6274230, 1500
6276455, 1500
6278675, 1500
6280894, 1499
6283113, 1499
6285333, 1499
6287555, 1499
6289773, 1498
6291994, 1498
6294213, 1498
6296433, 1498
6298653, 1498
6300873, 1498
6303093, 1498
6305314, 1498
6307533, 1498
6309755, 1498
6311978, 1498
6314198, 1499
6316424, 1499
6318645, 1499
6320864, 1499
6323083, 1499
6325302, 1499
6327522, 1500
6329741, 1500
6331962, 1500
6334182, 1501
6336402, 1501
6338621, 1501
6340840, 1501
6343060, 1502
6345279, 1502
6347499, 1502
6349717, 1502
6351938, 1502
6354161, 1503
6356385, 1503
6358604, 1503
6360820, 1503
6363041, 1503
6365261, 1504
6367480, 1504
6369698, 1504
6371916, 1505
6374137, 1505
6376357, 1505
6378575, 1506
6380794, 1507
6383011, 1507
6385230, 1508
6387453, 1508
6389673, 1508
6391893, 1509
6394112, 1509
6396336, 1510
6398559, 1510
6400778, 1511
6403000, 1511
6405218, 1511
6407442, 1512
6409663, 1512
6411879, 1513
6414101, 1513
6416321, 1513
6418541, 1514
6420760, 1514
6422978, 1514
6425198, 1514
6427418, 1515
6429642, 1515
6431860, 1516
6434080, 1516
6436301, 1516
6438524, 1516
6440745, 1516
6442965, 1516
6445184, 1516
6447405, 1517
6449629, 1517
6451855, 1517
6454075, 1517
6456293, 1517
6458514, 1517
6460735, 1517
6462953, 1518
6465173, 1518
6467393, 1518
6469612, 1518
6471830, 1518
6474049, 1518
6476267, 1518
6478488, 1518
6480707, 1518
6482926, 1518
6485145, 1518
6487366, 1518
6489586, 1518
6491805, 1518
6494028, 1517
6496248, 1517
6498467, 1517
6500688, 1517
6502906, 1516
6505126, 1516
6507350, 1516
6509574, 1516
6511793, 1515
6514012, 1515
6516237, 1514
6518462, 1514
6520682, 1514
6522902, 1514
6525122, 1513
6527342, 1513
6529561, 1513
6531780, 1513
6534001, 1512
6536219, 1512
6538441, 1512
6540659, 1512
6542879, 1512
6545098, 1511
6547317, 1511
6549537, 1511
6551757, 1511
6553976, 1510
6556199, 1510
6558418, 1510
6560637, 1509
6562857, 1509
6565077, 1509
6567297, 1508
6569516, 1508
6571735, 1508
6573956, 1507
6576176, 1507
6578400, 1507
6580625, 1507
6582846, 1506
6585067, 1506
6587288, 1506
6589509, 1505
6591732, 1505
6593954, 1505
6596173, 1505
6598392, 1505
6600612, 1505
6602836, 1505
6605058, 1505
6607276, 1505
6609496, 1505
6611716, 1505
6613935, 1505
6616154, 1505
6618372, 1505
6620591, 1505
6622810, 1505
6625030, 1505
6627257, 1505
6629480, 1505
6631699, 1505
6633917, 1505
6636141, 1505
6638362, 1505
6640581, 1505
6642803, 1505
6645022, 1505
6647242, 1505
6649462, 1505
6651682, 1505
6653901, 1506
6656121, 1506
6658339, 1506
6660558, 1507
6662783, 1507
6665008, 1507
6667228, 1507
6669448, 1507
6671668, 1508
6673887, 1508
6676107, 1508
6678326, 1508
6680544, 1509
6682764, 1509
6684983, 1509
6687205, 1509
6689425, 1510
6691644, 1510
6693868, 1510
6696086, 1511
6698303, 1511
6700525, 1511
6702743, 1511
6704963, 1512
6707182, 1512
6709401, 1512
6711621, 1512
6713841, 1513
6716062, 1513
6718281, 1513
6720499, 1513
6722718, 1513
6724938, 1514
6727160, 1514
6729379, 1514
6731600, 1514
6733824, 1514
6736048, 1515
6738271, 1515
6740495, 1515
6742720, 1516
6744941, 1516
6747165, 1516
6749386, 1516
6751606, 1516
6753823, 1516
6756043, 1516
6758260, 1516
6760479, 1516
6762702, 1516
6764926, 1516
6767150, 1516
6769369, 1516
6771588, 1516
6773808, 1516
6776028, 1516
6778247, 1516
6780467, 1516
6782685, 1516
6784904, 1516
6787127, 1516
6789351, 1515
6791569, 1515
6793789, 1515
6796006, 1515
6798222, 1515
6800442, 1515
6802661, 1514
6804881, 1514
6807100, 1514
6809319, 1514
6811542, 1514
6813761, 1514
6815982, 1514
6818202, 1514
6820423, 1513
6822645, 1513
6824862, 1513
6827082, 1513
6829301, 1513
6831526, 1513
6833747, 1513
6835965, 1513
6838181, 1513
6840403, 1513
6842623, 1513
6844841, 1513
6847062, 1512
6849287, 1512
6851510, 1512
6853727, 1512
6855953, 1512
6858174, 1512
6860393, 1512
6862612, 1512
6864830, 1512
6867051, 1511
6869273, 1511
6871493, 1511
6873712, 1511
6875932, 1511
6878152, 1511
6880372, 1511
6882591, 1511
6884811, 1510
6887034, 1510
6889255, 1510
6891474, 1510
6893694, 1510
6895912, 1510
6898133, 1510
6900355, 1510
6902574, 1510
6904796, 1510
6907016, 1510
6909235, 1510
6911455, 1510
6913675, 1510
6915895, 1510
6918119, 1510
6920334, 1510
6922554, 1510
6924774, 1510
6926994, 1510
6929214, 1510
6931434, 1510
6933653, 1510
6935872, 1510
6938093, 1510
6940313, 1510
6942534, 1510
6944753, 1510
6946972, 1510
6949191, 1510
6951411, 1510
6953631, 1510
6955851, 1510
6958070, 1510
6960295, 1510
6962517, 1510
6964738, 1510
6966957, 1510
6969177, 1510
6971396, 1510
6973619, 1510
6975840, 1510
6978060, 1510
6980278, 1510
6982497, 1510
6984715, 1510
6986934, 1511
6989153, 1511
6991372, 1511
6993593, 1511
6995812, 1511
6998031, 1511
7000252, 1511
7002472, 1511
7004693, 1511
7006912, 1512
7009131, 1512
7011349, 1512
7013573, 1512
7015793, 1512
7018014, 1512
7020235, 1512
7022457, 1512
7024678, 1512
7026899, 1512
7029119, 1512
7031338, 1513
7033557, 1513
7035776, 1513
7037995, 1513
7040215, 1513
7042436, 1513
7044654, 1513
7046873, 1513
7049092, 1513
7051311, 1513
7053531, 1513
7055752, 1513
7057971, 1513
7060192, 1513
7062412, 1513
7064632, 1513
7066852, 1513
7069072, 1513
7071290, 1513
7073511, 1513
7075732, 1513
7077956, 1513
7080180, 1513
7082399, 1513
7084618, 1513
7086837, 1513
7089062, 1513
7091282, 1513
7093506, 1514
7095728, 1514
7097949, 1514
7100168, 1514
7102386, 1514
7104606, 1514
7106831, 1514
7109053, 1514
7111279, 1514
7113501, 1514
7115721, 1514
7117941, 1514
7120160, 1514
7122379, 1514
7124598, 1514
7126818, 1514
7129039, 1514
7131259, 1514
7133483, 1514
7135704, 1513
7137924, 1513
7140145, 1513
7142365, 1513
7144584, 1513
7146802, 1513
7149026, 1513
7151251, 1513
7153474, 1513
7155698, 1513
7157917, 1514
7160138, 1514
7162357, 1514
7164577, 1514
7166797, 1514
7169021, 1514
7171239, 1514
7173461, 1514
7175681, 1514
7177902, 1514
7180120, 1513
7182339, 1513
7184558, 1513
7186780, 1513
7188998, 1513
7191218, 1513
7193439, 1513
7195663, 1513
7197885, 1513
7200105, 1513
7202325, 1513
7204548, 1513
7206772, 1513
7208993, 1513
7211212, 1513
7213431, 1513
7215649, 1513
7217873, 1512
7220097, 1512
7222314, 1512
7224531, 1512
7226754, 1512
7228979, 1512
7231199, 1512
7233418, 1512
7235638, 1512
7237857, 1512
7240078, 1512
7242300, 1511
7244521, 1511
7246741, 1511
7248962, 1511
7251182, 1511
7253402, 1510
7255623, 1510
7257847, 1510
7260066, 1510
7262285, 1509
7264504, 1509
7266726, 1509
7268948, 1509
7271167, 1509
7273386, 1509
7275609, 1509
7277832, 1509
7280052, 1509
7282272, 1509
7284493, 1509
7286716, 1509
7288936, 1509
7291155, 1509
7293375, 1510
7295593, 1510
7297811, 1510
7300030, 1510
7302248, 1510
7304469, 1511
7306689, 1511
7308910, 1511
7311128, 1511
7313347, 1512
7315566, 1512
7317789, 1512
7320011, 1512
7322232, 1512
7324451, 1513
7326671, 1513
7328891, 1513
7331111, 1513
7333330, 1513
7335550, 1513
7337770, 1513
7339990, 1513
7342212, 1513
7344432, 1513
7346656, 1513
7348875, 1513
7351095, 1513
7353316, 1513
7355536, 1514
7357755, 1514
7359974, 1514
7362194, 1514
7364414, 1514
7366634, 1514
7368856, 1514
7371078, 1514
7373297, 1514
7375519, 1514
7377739, 1514
7379964, 1514
7382184, 1514
7384402, 1514
7386620, 1514
7388843, 1514
7391063, 1514
7393285, 1514
7395505, 1514
7397724, 1514
7399945, 1514
7402164, 1514
7404384, 1514
7406604, 1514
7408824, 1514
7411043, 1514
7413262, 1514
7415484, 1515
7417708, 1515
7419927, 1515
7422145, 1515
7424366, 1515
7426585, 1515
7428805, 1515
7431028, 1515
7433250, 1515
7435471, 1515
7437691, 1515
7439909, 1515
7442130, 1515
7444352, 1515
7446571, 1515
7448789, 1515
7451007, 1515
7453231, 1514
7455451, 1514
7457670, 1514
7459891, 1514
7462111, 1514
7464331, 1514
7466551, 1514
7468771, 1514
7470990, 1514
7473215, 1513
7475433, 1513
7477656, 1513
7479877, 1513
7482098, 1513
7484316, 1513
7486536, 1513
7488754, 1513
7490974, 1513
7493194, 1513
7495415, 1513
7497638, 1512
7499861, 1512
7502081, 1512
7504299, 1512
7506520, 1512
7508739, 1512
7510958, 1512
7513178, 1512
7515402, 1512
7517625, 1512
7519844, 1512
7522062, 1512
7524280, 1511
7526501, 1511
7528720, 1511
7530938, 1511
7533158, 1511
7535376, 1512
7537594, 1512
7539814, 1512
7542034, 1512
7544254, 1512
7546472, 1512
7548690, 1512
7550914, 1512
7553134, 1512
7555356, 1512
7557574, 1512
7559798, 1512
7562020, 1512
7564240, 1512
7566462, 1512
7568683, 1512
7570901, 1512
7573118, 1512
7575338, 1512
7577563, 1512
7579784, 1512
7582005, 1512
7584224, 1512
7586443, 1512
7588661, 1512
7590880, 1512
7593099, 1512
7595318, 1511
7597536, 1511
7599756, 1511
7601975, 1511
7604200, 1511
7606422, 1511
7608644, 1511
7610867, 1511
7613089, 1511
7615310, 1511
7617531, 1511
7619752, 1511
7621972, 1511
7624192, 1511
7626412, 1511
7628631, 1511
7630856, 1511
7633076, 1511
7635295, 1511
7637516, 1511
7639735, 1512
7641954, 1512
7644174, 1512
7646391, 1512
7648611, 1512
7650831, 1512
7653052, 1512
7655271, 1512
7657493, 1512
7659715, 1512
7661931, 1512
7664151, 1512
7666372, 1512
7668593, 1512
7670815, 1512
7673032, 1512
7675252, 1512
7677470, 1512
7679695, 1512
7681915, 1512
7684133, 1512
7686355, 1512
7688575, 1512
7690794, 1512
7693014, 1512
7695233, 1512
7697452, 1512
7699672, 1512
7701892, 1512
7704117, 1512
7706341, 1512
7708561, 1513
7710780, 1513
7713000, 1513
7715219, 1513
7717442, 1513
7719662, 1513
7721882, 1513
7724104, 1513
7726326, 1513
7728551, 1513
7730772, 1513
7732991, 1513
7735210, 1513
7737430, 1513
7739650, 1513
7741869, 1513
7744089, 1513
7746307, 1513
7748526, 1513
7750747, 1513
7752967, 1513
7755187, 1513
7757411, 1513
7759630, 1513
7761849, 1513
7764069, 1513
7766290, 1513
7768512, 1513
7770736, 1513
7772959, 1513
7775179, 1513
7777398, 1513
7779619, 1513
7781840, 1512
7784060, 1512
7786279, 1512
7788499, 1512
7790719, 1512
7792940, 1512
7795160, 1512
7797382, 1512
7799603, 1512
7801820, 1512
7804042, 1512
7806262, 1512
7808483, 1512
7810702, 1512
7812922, 1512
7815145, 1512
7817365, 1512
7819584, 1512
7821802, 1512
7824020, 1512
7826241, 1511
7828464, 1511
7830689, 1511
7832909, 1511
7835133, 1511
7837353, 1511
7839576, 1511
7841796, 1511
7844013, 1511
7846230, 1511
7848449, 1511
7850668, 1511
7852887, 1511
7855106, 1511
7857327, 1510
7859549, 1510
7861769, 1510
7863992, 1510
7866213, 1510
7868433, 1510
7870650, 1510
7872871, 1510
7875091, 1510
7877314, 1510
7879539, 1510
7881759, 1510
7883978, 1510
7886196, 1510
7888416, 1510
7890636, 1510
7892858, 1510
7895082, 1510
7897300, 1510
7899519, 1511
7901744, 1511
7903961, 1511
7906180, 1511
7908401, 1511
7910620, 1511
7912843, 1511
7915061, 1511
7917281, 1511
7919502, 1511
7921720, 1511
7923942, 1511
7926164, 1511
7928382, 1511
7930603, 1511
7932822, 1511
7935041, 1511
7937259, 1511
7939482, 1511
7941702, 1511
7943923, 1511
7946141, 1512
7948360, 1512
7950581, 1512
7952801, 1512
7955020, 1512
7957240, 1512
7959458, 1512
7961679, 1511
7963904, 1511
7966127, 1511
7968350, 1511
7970569, 1511
7972788, 1511
7975006, 1511
7977227, 1511
7979445, 1511
7981668, 1511
7983889, 1511
7986108, 1511
7988331, 1511
7990552, 1511
7992772, 1511
7994993, 1511
7997211, 1511
7999433, 1511
8001654, 1511
8003874, 1511
8006098, 1511
8008317, 1511
8010536, 1511
8012756, 1511
8014976, 1511
8017195, 1511
8019414, 1511
8021632, 1511
8023851, 1511
8026071, 1510
8028295, 1511
8030520, 1511
8032739, 1511
8034958, 1511
8037182, 1511
8039403, 1511
8041623, 1511
8043843, 1511
8046062, 1511
8048282, 1512
8050505, 1512
8052725, 1512
8054949, 1512
8057173, 1512
8059392, 1512
8061609, 1512
8063834, 1511
8066055, 1511
8068277, 1511
8070501, 1511
8072720, 1511
8074941, 1511
8077159, 1511
8079379, 1511
8081598, 1511
8083817, 1511
8086035, 1511
8088253, 1511
8090479, 1511
8092700, 1511
8094920, 1511
8097140, 1511
8099363, 1511
8101587, 1511
8103806, 1511
8106029, 1511
8108253, 1511
8110471, 1511
8112692, 1511
8114912, 1511
8117132, 1511
8119347, 1511
8121562, 1511
8123782, 1511
8126002, 1511
8128223, 1511
8130442, 1511
8132661, 1511
8134882, 1510
8137106, 1510
8139326, 1510
8141549, 1511
8143769, 1511
8145987, 1511
8148205, 1511
8150425, 1511
8152649, 1511
8154870, 1511
8157090, 1511
8159310, 1511
8161527, 1511
8163748, 1510
8165968, 1510
8168188, 1511
8170408, 1511
8172628, 1511
8174847, 1511
8177069, 1511
8179290, 1511
8181509, 1511
8183734, 1511
8185956, 1510
8188178, 1510
8190399, 1510
8192618, 1511
8194836, 1511
8197055, 1511
8199275, 1511
8201497, 1511
8203721, 1511
8205945, 1511
8208162, 1511
8210385, 1511
8212607, 1511
8214827, 1511
8217047, 1511
8219267, 1511
8221486, 1511
8223704, 1511
8225924, 1511
8228141, 1511
8230360, 1511
8232583, 1511
8234802, 1511
8237024, 1511
8239248, 1511
8241467, 1511
8243686, 1511
8245908, 1511
8248127, 1511
8250349, 1511
8252569, 1511
8254788, 1511
8257007, 1510
8259225, 1510
8261447, 1510
8263668, 1510
8265892, 1510
8268118, 1510
8270339, 1510
8272560, 1510
8274778, 1510
8276998, 1510
8279216, 1510
8281436, 1510
8283653, 1510
8285875, 1510
8288097, 1509
8290318, 1509
8292538, 1509
8294763, 1509
8296982, 1509
8299200, 1509
8301421, 1509
8303639, 1509
8305859, 1509
8308078, 1509
8310297, 1509
8312517, 1509
8314737, 1509
8316961, 1509
8319185, 1509
8321407, 1509
8323626, 1509
8325848, 1509
8328067, 1509
8330287, 1509
8332507, 1510
8334727, 1510
8336948, 1510
8339167, 1510
8341386, 1510
8343606, 1510
8345825, 1510
8348047, 1510
8350271, 1510
8352491, 1510
8354711, 1510
8356930, 1510
8359149, 1510
8361372, 1510
8363593, 1510
8365817, 1510
8368039, 1510
8370262, 1510
8372486, 1510
8374705, 1511
8376928, 1511
8379148, 1511
8381369, 1511
8383588, 1511
8385807, 1511
8388027, 1511
8390247, 1511
8392467, 1511
8394688, 1511
8396907, 1511
8399125, 1511
8401345, 1511
8403565, 1511
8405784, 1511
8408001, 1511
8410220, 1511
8412440, 1512
8414660, 1512
8416881, 1511
8419100, 1511
8421322, 1511
8423546, 1511
8425766, 1511
8427986, 1511
8430207, 1511
8432428, 1511
8434648, 1511
8436866, 1511
8439087, 1511
8441308, 1511
8443531, 1511
8445751, 1511
8447975, 1511
8450195, 1511
8452418, 1511
8454638, 1511
8456857, 1511
8459073, 1511
8461292, 1511
8463516, 1511
8465737, 1511
8467963, 1511
8470182, 1511
8472406, 1511
8474627, 1511
8476845, 1511
8479069, 1511
8481294, 1511
8483515, 1512
8485734, 1512
8487954, 1512
8490174, 1512
8492395, 1512
8494618, 1512
8496836, 1512
8499058, 1512
8501283, 1512
8503503, 1512
8505723, 1512
8507946, 1512
8510164, 1512
8512384, 1512
8514603, 1512
8516821, 1512
8519042, 1512
8521260, 1512
8523479, 1512
8525698, 1512
8527918, 1512
8530138, 1512
8532357, 1512
8534579, 1512
8536800, 1512
8539019, 1512
8541241, 1512
8543467, 1511
8545689, 1511
8547908, 1511
8550126, 1511
8552346, 1511
8554566, 1511
8556786, 1511
8559004, 1510
8561223, 1510
8563447, 1510
8565670, 1510
8567891, 1510
8570110, 1510
8572330, 1510
8574548, 1509
8576772, 1509
8578993, 1509
8581213, 1509
8583434, 1509
8585652, 1509
8587871, 1509
8590093, 1509
8592312, 1509
8594530, 1509
8596754, 1509
8598973, 1509
8601191, 1509
8603411, 1509
8605630, 1509
8607852, 1509
8610073, 1509
8612297, 1509
8614521, 1509
8616743, 1509
8618960, 1509
8621177, 1509
8623397, 1509
8625618, 1509
8627838, 1509
8630057, 1509
8632277, 1509
8634495, 1509
8636713, 1509
8638932, 1509
8641151, 1509
8643374, 1508
8645599, 1508
8647818, 1508
8650037, 1508
8652257, 1508
8654476, 1508
8656691, 1508
8658908, 1508
8661128, 1508
8663348, 1508
8665568, 1507
8667791, 1507
8670013, 1508
8672232, 1508
8674452, 1508
8676672, 1507
8678894, 1507
8681114, 1507
8683338, 1507
8685559, 1507
8687778, 1507
8689998, 1507
8692220, 1507
8694438, 1507
8696657, 1507
8698876, 1507
8701096, 1507
8703313, 1507
8705532, 1507
8707754, 1507
8709974, 1507
8712193, 1507
8714412, 1508
8716632, 1508
8718852, 1508
8721072, 1508
8723291, 1508
8725514, 1508
8727734, 1508
8729953, 1508
8732172, 1508
8734390, 1508
8736608, 1508
8738830, 1508
8741049, 1508
8743269, 1508
8745493, 1508
8747713, 1509
8749931, 1509
8752155, 1509
8754378, 1509
8756598, 1509
8758816, 1509
8761034, 1509
8763255, 1510
8765477, 1510
8767697, 1510
8769918, 1510
8772137, 1510
8774356, 1510
8776579, 1510
8778802, 1510
8781021, 1511
8783240, 1511
8785458, 1511
8787678, 1511
8789896, 1511
8792117, 1511
8794336, 1511
8796554, 1511
8798773, 1511
8800993, 1511
8803213, 1511
8805434, 1511
8807652, 1511
8809874, 1511
8812093, 1511
8814315, 1511
8816535, 1512
8818752, 1512
8820974, 1512
8823194, 1512
8825414, 1512
8827634, 1512
8829858, 1512
8832084, 1512
8834305, 1512
8836528, 1512
8838754, 1512
8840972, 1512
8843195, 1512
8845416, 1512
8847638, 1512
8849858, 1512
8852081, 1512
8854302, 1512
8856522, 1512
8858742, 1512
8860961, 1512
8863181, 1512
8865402, 1512
8867621, 1512
8869842, 1512
8872061, 1512
8874280, 1511
8876500, 1511
8878721, 1511
8880941, 1511
8883161, 1511
8885381, 1511
8887601, 1511
8889821, 1511
8892039, 1510
8894259, 1510
8896479, 1510
8898697, 1510
8900916, 1510
8903137, 1509
8905363, 1509
8907584, 1509
8909803, 1509
8912027, 1509
8914246, 1509
8916465, 1508
8918683, 1508
8920904, 1508
8923123, 1508
8925341, 1508
8927564, 1508
8929784, 1508
8932005, 1508
8934223, 1507
8936443, 1507
8938668, 1507
8940892, 1507
8943116, 1507
8945342, 1507
8947564, 1507
8949783, 1507
8952003, 1507
8954222, 1507
8956441, 1507
8958660, 1506
8960882, 1506
8963106, 1506
8965326, 1506
8967541, 1507
8969759, 1507
8971977, 1507
8974198, 1507
8976422, 1507
8978644, 1507
8980863, 1507
8983085, 1507
8985308, 1507
8987528, 1507
8989748, 1507
8991968, 1507
8994184, 1507
8996405, 1507
8998625, 1507
9000848, 1507
9003072, 1507
9005293, 1507
9007513, 1507
9009731, 1507
9011950, 1507
9014170, 1508
9016394, 1508
9018617, 1508
9020836, 1508
9023055, 1508
9025276, 1508
9027501, 1508
9029722, 1508
9031943, 1508
9034163, 1508
9036381, 1509
9038603, 1509
9040826, 1509
9043046, 1509
9045268, 1509
9047488, 1509
9049705, 1509
9051926, 1509
9054146, 1509
9056366, 1509
9058583, 1509
9060799, 1509
9063016, 1509
9065237, 1510
9067458, 1510
9069678, 1510
9071896, 1510
9074116, 1510
9076335, 1510
9078555, 1510
9080776, 1510
9082995, 1510
9085214, 1511
9087434, 1511
9089654, 1511
9091872, 1511
9094093, 1511
9096313, 1511
9098533, 1511
9100751, 1511
9102970, 1510
9105191, 1510
9107412, 1510
9109631, 1510
9111850, 1510
9114072, 1510
9116292, 1509
9118515, 1509
9120735, 1509
9122957, 1509
9125176, 1509
9127397, 1509
9129617, 1509
9131836, 1509
9134057, 1509
9136276, 1509
9138495, 1509
9140715, 1509
9142933, 1509
9145150, 1509
9147370, 1509
9149592, 1509
9151816, 1509
9154040, 1509
9156264, 1509
9158484, 1509
9160702, 1509
9162921, 1509
9165140, 1509
9167359, 1509
9169579, 1509
9171803, 1509
9174023, 1509
9176249, 1508
9178468, 1508
9180688, 1508
9182909, 1508
9185127, 1508
9187346, 1508
9189569, 1508
9191793, 1508
9194019, 1508
9196238, 1508
9198457, 1508
9200675, 1508
9202895, 1508
9205115, 1507
9207331, 1507
9209546, 1507
9211764, 1507
9213989, 1507
9216210, 1507
9218430, 1507
9220651, 1508
9222869, 1508
9225084, 1508
9227305, 1508
9229523, 1508
9231744, 1508
9233963, 1508
9236183, 1508
9238402, 1508
9240624, 1508
9242847, 1508
9245067, 1508
9247287, 1508
9249509, 1508
9251735, 1507
9253953, 1507
9256175, 1507
9258396, 1507
9260616, 1507
9262831, 1507
9265049, 1507
9267270, 1507
9269489, 1507
9271708, 1507
9273926, 1506
9276146, 1506
9278366, 1506
9280585, 1506
9282807, 1506
9285026, 1506
9287248, 1506
9289468, 1506
9291692, 1507
9293913, 1507
9296137, 1507
9298356, 1507
9300575, 1507
9302795, 1507
9305015, 1508
9307235, 1508
9309458, 1508
9311677, 1508
9313897, 1508
9316118, 1509
9318338, 1509
9320559, 1509
9322781, 1509
9324997, 1509
9327217, 1509
9329437, 1509
9331657, 1509
9333876, 1509
9336095, 1510
9338313, 1510
9340534, 1510
9342753, 1510
9344974, 1510
9347195, 1510
9349414, 1510
9351634, 1510
9353856, 1510
9356077, 1510
9358301, 1510
9360521, 1510
9362739, 1510
9364960, 1510
9367183, 1510
9369403, 1510
9371622, 1510
9373841, 1510
9376061, 1510
9378281, 1510
9380501, 1510
9382721, 1510
9384941, 1510
9387161, 1510
9389382, 1510
9391602, 1510
9393822, 1510
9396043, 1510
9398259, 1510
9400479, 1510
9402699, 1510
9404919, 1510
9407139, 1510
9409364, 1510
9411583, 1510
9413802, 1510
9416027, 1510
9418247, 1510
9420468, 1510
9422687, 1510
9424906, 1510
9427125, 1510
9429345, 1510
9431565, 1510
9433789, 1510
9436007, 1510
9438225, 1510
9440446, 1510
9442665, 1510
9444886, 1510
9447106, 1510
9449325, 1510
9451545, 1510
9453765, 1510
9455984, 1510
9458204, 1509
9460427, 1509
9462650, 1509
9464871, 1509
9467091, 1509
9469312, 1509
9471532, 1508
9473751, 1508
9475971, 1508
9478190, 1508
9480411, 1508
9482631, 1508
9484850, 1507
9487068, 1507
9489287, 1507
9491508, 1507
9493726, 1507
9495947, 1507
9498165, 1507
9500383, 1506
9502602, 1506
9504821, 1506
9507040, 1506
9509260, 1506
9511479, 1505
9513702, 1505
9515925, 1505
9518141, 1505
9520362, 1505
9522581, 1505
9524800, 1505
9527020, 1505
9529240, 1505
9531460, 1505
9533680, 1505
9535898, 1505
9538115, 1505
9540339, 1505
9542557, 1505
9544775, 1505
9546996, 1505
9549215, 1505
9551434, 1505
9553654, 1505
9555874, 1505
9558098, 1505
9560321, 1504
9562538, 1504
9564760, 1504
9566979, 1504
9569199, 1504
9571419, 1504
9573638, 1504
9575858, 1504
9578078, 1504
9580297, 1504
9582517, 1504
9584736, 1504
9586956, 1504
9589175, 1504
9591394, 1504
9593615, 1504
9595839, 1504
9598058, 1504
9600278, 1504
9602498, 1505
9604717, 1505
9606939, 1505
9609156, 1505
9611375, 1505
9613593, 1505
9615814, 1506
9618034, 1506
9620252, 1506
9622471, 1506
9624690, 1506
9626909, 1507
9629128, 1507
9631352, 1507
9633570, 1507
9635794, 1507
9638018, 1507
9640238, 1508
9642461, 1508
9644682, 1508
9646901, 1509
9649121, 1509
9651339, 1509
9653558, 1509
9655779, 1509
9657999, 1510
9660217, 1510
9662438, 1510
9664663, 1510
9666883, 1510
9669104, 1511
9671324, 1511
9673543, 1511
9675761, 1511
9677983, 1511
9680204, 1511
9682422, 1511
9684643, 1511
9686860, 1511
9689080, 1511
9691300, 1511
9693520, 1511
9695735, 1512
9697956, 1512
9700175, 1512
9702399, 1512
9704616, 1512
9706835, 1512
9709056, 1512
9711274, 1512
9713494, 1512
9715714, 1512
9717934, 1512
9720154, 1511
9722376, 1511
9724594, 1511
9726814, 1511
9729034, 1511
9731253, 1511
9733472, 1511
9735697, 1510
9737916, 1510
9740136, 1510
9742355, 1510
9744575, 1510
9746794, 1510
9749018, 1510
9751238, 1509
9753458, 1509
9755679, 1509
9757900, 1509
9760119, 1509
9762339, 1509
9764559, 1509
9766779, 1508
9768998, 1508
9771218, 1508
9773436, 1508
9775656, 1508
9777875, 1508
9780095, 1508
9782318, 1508
9784537, 1508
9786756, 1508
9788976, 1507
9791197, 1507
9793415, 1507
9795637, 1507
9797857, 1507
9800077, 1506
9802299, 1506
9804518, 1506
9806741, 1506
9808961, 1505
9811181, 1505
9813400, 1505
9815620, 1505
9817841, 1505
9820061, 1505
9822282, 1505
9824502, 1505
9826720, 1505
9828939, 1505
9831160, 1505
9833379, 1505
9835597, 1505
9837816, 1505
9840036, 1505
9842257, 1505
9844474, 1505
9846695, 1505
9848916, 1504
9851135, 1504
9853359, 1504
9855583, 1504
9857808, 1504
9860029, 1504
9862247, 1503
9864467, 1503
9866687, 1503
9868908, 1503
9871127, 1503
9873346, 1503
9875564, 1503
9877783, 1503
9880003, 1503
9882222, 1503
9884441, 1503
9886661, 1503
9888879, 1503
9891100, 1503
9893318, 1503
9895539, 1503
9897758, 1503
9899976, 1503
9902196, 1504
9904414, 1504
9906635, 1504
9908855, 1504
9911073, 1504
9913292, 1505
9915512, 1505
9917731, 1505
9919955, 1505
9922176, 1505
9924394, 1505
9926619, 1505
9928843, 1505
9931064, 1505
9933283, 1505
9935506, 1506
9937727, 1506
9939947, 1506
9942166, 1507
9944382, 1507
9946602, 1507
9948825, 1507
9951050, 1507
9953271, 1507
9955491, 1508
9957710, 1508
9959929, 1508
9962147, 1508
9964367, 1508
9966586, 1509
9968805, 1509
9971024, 1509
9973242, 1509
9975460, 1509
9977684, 1510
9979909, 1510
9982130, 1510
9984349, 1510
9986568, 1510
9988789, 1510
9991009, 1510
9993225, 1510
9995447, 1510
9997666, 1510
9999883, 1510
10002103, 1510
10004322, 1510
10006542, 1510
10008762, 1510
10010982, 1510
10013203, 1510
10015421, 1510
10017643, 1510
10019869, 1510
10022089, 1510
10024312, 1510
10026532, 1510
10028756, 1510
10030976, 1510
10033196, 1510
10035416, 1510
10037641, 1510
10039863, 1510
10042087, 1510
10044310, 1510
10046530, 1509
10048751, 1509
10050970, 1509
10053190, 1509
10055409, 1509
10057628, 1509
10059849, 1509
10062068, 1509
10064288, 1508
10066507, 1508
10068726, 1508
10070946, 1508
10073166, 1508
10075390, 1508
10077606, 1508
10079825, 1508
10082046, 1508
10084267, 1508
10086487, 1508
10088711, 1508
10090930, 1508
10093149, 1508
10095370, 1508
10097589, 1508
10099810, 1508
10102030, 1508
10104249, 1507
10106470, 1507
10108686, 1507
10110911, 1507
10113131, 1507
10115351, 1507
10117570, 1507
10119790, 1507
10122014, 1507
10124235, 1506
10126456, 1506
10128675, 1506
10130894, 1506
10133114, 1505
10135339, 1505
10137562, 1505
10139781, 1505
10142002, 1505
10144225, 1505
10146450, 1505
10148674, 1504
10150893, 1504
10153113, 1504
10155332, 1504
10157556, 1504
10159776, 1504
10161998, 1504
10164219, 1503
10166438, 1503
10168657, 1503
10170878, 1503
10173098, 1503
10175323, 1503
10177546, 1503
10179767, 1503
10181987, 1503
10184208, 1503
10186428, 1503
10188654, 1503
10190876, 1503
10193100, 1503
10195324, 1503
10197544, 1503
10199764, 1503
10201985, 1503
10204205, 1503
10206424, 1503
10208648, 1503
10210867, 1503
10213087, 1503
10215309, 1503
10217531, 1504
10219751, 1504
10221973, 1504
10224199, 1504
10226420, 1504
10228639, 1504
10230858, 1504
10233083, 1504
10235304, 1504
10237528, 1504
10239749, 1504
10241965, 1504
10244186, 1504
10246407, 1505
10248627, 1505
10250847, 1505
10253071, 1505
10255294, 1505
10257519, 1505
10259744, 1505
10261968, 1505
10264188, 1505
10266407, 1505
10268628, 1505
10270848, 1505
10273068, 1505
10275288, 1505
10277508, 1506
10279727, 1506
10281948, 1506
10284168, 1506
10286388, 1506
10288609, 1506
10290828, 1507
10293048, 1507
10295268, 1507
10297488, 1507
10299707, 1507
10301927, 1507
10304151, 1507
10306373, 1507
10308594, 1507
10310814, 1507
10313035, 1507
10315257, 1508
10317480, 1508
10319706, 1508
10321930, 1508
10324152, 1508
10326373, 1508
10328592, 1508
10330811, 1509
10333031, 1509
10335251, 1509
10337471, 1508
10339692, 1508
10341915, 1508
10344139, 1508
10346360, 1508
10348580, 1508
10350802, 1508
10353023, 1509
10355242, 1509
10357462, 1509
10359683, 1509
10361903, 1509
10364124, 1509
10366343, 1509
10368562, 1509
10370783, 1509
10373000, 1509
10375221, 1509
10377437, 1509
10379659, 1509
10381880, 1509
10384100, 1508
10386325, 1508
10388550, 1508
10390767, 1508
10392981, 1508
10395206, 1508
10397426, 1508
10399646, 1508
10401867, 1508
10404086, 1508
10406305, 1508
10408525, 1507
10410745, 1507
10412968, 1507
10415187, 1507
10417406, 1507
10419626, 1507
10421849, 1507
10424070, 1507
10426292, 1507
10428513, 1507
10430732, 1507
10432953, 1507
10435173, 1507
10437393, 1507
10439613, 1507
10441834, 1506
10444057, 1506
10446277, 1506
10448497, 1505
10450717, 1505
10452937, 1505
10455156, 1505
10457375, 1505
10459596, 1505
10461816, 1505
10464036, 1505
10466255, 1505
10468475, 1504
10470695, 1504
10472918, 1504
10475139, 1504
10477359, 1504
10479583, 1504
10481806, 1504
10484025, 1503
10486249, 1503
10488470, 1503
10490689, 1503
10492906, 1503
10495126, 1503
10497347, 1503
10499567, 1503
10501787, 1502
10504008, 1502
10506229, 1502
10508454, 1502
10510674, 1502
10512895, 1502
10515117, 1502
10517334, 1502
10519554, 1502
10521777, 1502
10524001, 1502
10526224, 1502
10528444, 1502
10530668, 1502
10532892, 1502
10535109, 1503
10537328, 1503
10539548, 1503
10541767, 1503
10543986, 1503
10546207, 1503
10548427, 1503
10550651, 1503
10552871, 1503
10555091, 1504
10557311, 1504
10559532, 1504
10561752, 1504
10563969, 1504
10566190, 1504
10568409, 1504
10570634, 1504
10572854, 1505
10575073, 1505
10577294, 1505
10579515, 1505
10581737, 1505
10583958, 1505
10586181, 1505
10588402, 1506
10590622, 1506
10592840, 1506
10595061, 1506
10597281, 1506
10599502, 1506
10601722, 1507
10603941, 1507
10606160, 1507
10608380, 1507
10610600, 1507
10612821, 1507
10615046, 1508
10617266, 1508
10619486, 1508
10621708, 1508
10623930, 1508
10626150, 1508
10628369, 1508
10630591, 1508
10632816, 1508
10635036, 1508
10637257, 1508
10639478, 1508
10641697, 1508
10643916, 1508
10646137, 1508
10648357, 1508
10650578, 1509
10652796, 1509
10655016, 1509
10657235, 1509
10659455, 1509
10661671, 1509
10663892, 1509
10666114, 1509
10668337, 1509
10670558, 1509
10672778, 1509
10674998, 1509
10677221, 1509
10679441, 1508
10681658, 1508
10683879, 1508
10686098, 1508
10688319, 1508
10690541, 1508
10692761, 1507
10694986, 1507
10697207, 1507
10699425, 1507
10701648, 1506
10703867, 1506
10706091, 1506
10708311, 1505
10710533, 1505
10712753, 1505
10714972, 1505
10717192, 1505
10719412, 1505
10721632, 1505
10723857, 1505
10726079, 1505
10728302, 1505
10730523, 1505
10732743, 1505
10734963, 1505
10737187, 1505
10739412, 1505
10741635, 1505
10743856, 1505
10746075, 1504
10748300, 1504
10750522, 1504
10752741, 1504
10754959, 1504
10757181, 1504
10759402, 1503
10761623, 1503
10763845, 1503
10766065, 1503
10768287, 1503
10770510, 1503
10772731, 1503
10774951, 1503
10777171, 1503
10779391, 1503
10781610, 1503
10783831, 1503
10786055, 1503
10788277, 1503
10790497, 1503
10792717, 1503
10794942, 1503
10797166, 1503
10799389, 1503
10801609, 1503
10803828, 1503
10806047, 1503
10808266, 1503
10810487, 1503
10812707, 1503
10814925, 1503
10817144, 1503
10819367, 1503
10821588, 1503
10823813, 1503
10826033, 1502
10828253, 1502
10830471, 1503
10832689, 1503
10834912, 1503
10837137, 1503
10839358, 1503
10841576, 1503
10843795, 1503
10846015, 1503
10848239, 1503
10850459, 1503
10852679, 1503
10854899, 1503
10857121, 1503
10859341, 1504
10861564, 1504
10863783, 1504
10866007, 1504
10868228, 1504
10870448, 1504
10872668, 1505
10874888, 1505
10877108, 1505
10879327, 1505
10881546, 1505
10883768, 1505
10885993, 1505
10888214, 1505
10890434, 1505
10892653, 1505
10894873, 1505
10897097, 1505
10899317, 1505
10901536, 1505
10903755, 1506
10905976, 1506
10908199, 1506
10910419, 1506
10912643, 1506
10914864, 1506
10917081, 1506
10919304, 1507
10921522, 1507
10923738, 1507
10925957, 1507
10928179, 1507
10930398, 1507
10932622, 1507
10934844, 1507
10937064, 1507
10939285, 1507
10941504, 1507
10943726, 1507
10945950, 1507
10948171, 1507
10950393, 1507
10952614, 1507
10954832, 1507
10957054, 1507
10959276, 1507
10961495, 1507
10963716, 1507
10965935, 1507
10968155, 1507
10970376, 1507
10972596, 1507
10974816, 1507
10977039, 1507
10979258, 1507
10981476, 1507
10983697, 1507
10985917, 1507
10988142, 1507
10990367, 1507
10992590, 1507
10994816, 1507
10997036, 1507
10999261, 1507
11001482, 1507
11003705, 1507
11005925, 1506
11008145, 1506
11010365, 1506
11012585, 1506
11014805, 1506
11017024, 1505
11019243, 1505
11021463, 1505
11023684, 1505
11025908, 1505
11028130, 1505
11030351, 1505
11032571, 1505
11034793, 1505
11037017, 1505
11039235, 1505
11041454, 1505
11043674, 1505
11045895, 1505
11048115, 1504
11050334, 1504
11052555, 1504
11054772, 1504
11056992, 1504
11059215, 1504
11061438, 1504
11063655, 1504
11065875, 1504
11068094, 1504
11070314, 1504
11072533, 1504
11074752, 1504
11076972, 1504
11079191, 1504
11081411, 1504
11083631, 1504
11085851, 1504
11088071, 1504
11090291, 1503
11092511, 1503
11094730, 1503
11096950, 1503
11099170, 1503
11101390, 1503
11103612, 1503
11105836, 1503
11108060, 1503
11110281, 1503
11112500, 1503
11114723, 1503
11116942, 1503
11119162, 1503
11121382, 1503
11123602, 1503
11125822, 1503
11128042, 1503
11130261, 1503
11132481, 1503
11134701, 1503
11136922, 1503
11139142, 1503
11141361, 1503
11143580, 1503
11145801, 1503
11148020, 1503
11150240, 1503
11152460, 1503
11154686, 1503
11156906, 1503
11159126, 1503
11161350, 1503
11163569, 1503
11165787, 1503
11168005, 1503
11170225, 1503
11172445, 1503
11174667, 1503
11176892, 1503
11179113, 1503
11181332, 1503
11183552, 1503
11185776, 1503
11188000, 1503
11190223, 1503
11192445, 1503
11194665, 1504
11196886, 1504
11199107, 1504
11201326, 1504
11203546, 1504
11205767, 1504
11207986, 1504
11210207, 1504
11212426, 1504
11214646, 1505
11216864, 1505
11219083, 1505
11221302, 1505
11223522, 1505
11225747, 1505
11227967, 1505
11230186, 1505
11232406, 1505
11234625, 1505
11236845, 1505
11239065, 1505
11241285, 1505
11243505, 1505
11245726, 1505
11247946, 1505
11250166, 1506
11252386, 1506
11254601, 1506
11256820, 1506
11259041, 1506
11261266, 1506
11263486, 1507
11265706, 1507
11267926, 1507
11270146, 1507
11272366, 1507
11274586, 1507
11276806, 1507
11279027, 1507
11281251, 1507
11283476, 1507
11285700, 1507
11287924, 1507
11290145, 1507
11292365, 1507
11294581, 1507
11296800, 1507
11299021, 1507
11301241, 1507
11303459, 1507
11305678, 1507
11307894, 1507
11310115, 1507
11312335, 1507
11314555, 1507
11316774, 1507
11318997, 1507
11321221, 1507
11323443, 1508
11325661, 1508
11327882, 1507
11330100, 1507
11332320, 1507
11334545, 1507
11336769, 1507
11338989, 1507
11341208, 1507
11343426, 1507
11345646, 1507
11347869, 1507
11350090, 1507
11352313, 1506
11354534, 1506
11356752, 1506
11358969, 1505
11361188, 1505
11363409, 1505
11365629, 1505
11367848, 1505
11370068, 1505
11372293, 1504
11374513, 1504
11376734, 1504
11378953, 1504
11381172, 1504
11383392, 1504
11385613, 1504
11387833, 1504
11390058, 1504
11392279, 1504
11394504, 1504
11396724, 1503
11398942, 1503
11401162, 1503
11403386, 1503
11405605, 1503
11407825, 1503
11410045, 1503
11412260, 1502
11414484, 1502
11416703, 1502
11418922, 1502
11421143, 1502
11423368, 1502
11425593, 1502
11427815, 1501
11430034, 1501
11432254, 1501
11434473, 1501
11436694, 1501
11438914, 1501
11441134, 1501
11443353, 1501
11445571, 1501
11447796, 1501
11450016, 1501
11452236, 1501
11454455, 1501
11456678, 1501
11458900, 1500
11461120, 1500
11463345, 1501
11465566, 1501
11467785, 1501
11470004, 1501
11472225, 1501
11474444, 1501
11476664, 1501
11478883, 1501
11481101, 1501
11483319, 1501
11485540, 1501
11487764, 1501
11489988, 1502
11492210, 1502
11494434, 1502
11496655, 1502
11498879, 1502
11501099, 1502
11503323, 1502
11505542, 1502
11507766, 1502
11509989, 1503
11512209, 1503
11514429, 1503
11516652, 1503
11518877, 1503
11521100, 1503
11523319, 1504
11525540, 1504
11527760, 1504
11529983, 1504
11532208, 1504
11534429, 1504
11536650, 1505
11538870, 1505
11541090, 1505
11543310, 1505
11545529, 1505
11547745, 1505
11549971, 1505
11552195, 1505
11554415, 1506
11556634, 1506
11558853, 1506
11561073, 1506
11563293, 1507
11565513, 1507
11567737, 1507
11569957, 1507
11572177, 1507
11574402, 1507
11576622, 1507
11578843, 1507
11581067, 1507
11583287, 1507
11585508, 1508
11587729, 1508
11589950, 1508
11592169, 1508
11594393, 1508
11596612, 1508
11598835, 1508
11601059, 1508
11603279, 1508
11605500, 1507
11607720, 1507
11609940, 1507
11612160, 1507
11614381, 1507
11616600, 1507
11618819, 1507
11621045, 1507
11623268, 1507
11625492, 1507
11627714, 1506
11629933, 1506
11632154, 1506
11634376, 1505
11636592, 1505
11638813, 1505
11641032, 1505
11643255, 1505
11645475, 1505
11647696, 1505
11649920, 1505
11652142, 1504
11654361, 1504
11656581, 1504
11658805, 1504
11661025, 1504
11663245, 1504
11665470, 1504
11667690, 1503
11669914, 1503
11672139, 1503
11674361, 1503
11676581, 1503
11678799, 1503
11681018, 1503
11683239, 1502
11685460, 1502
11687683, 1502
11689909, 1502
11692126, 1502
11694345, 1502
11696571, 1502
11698791, 1502
11701012, 1502
11703236, 1502
11705460, 1502
11707682, 1502
11709901, 1502
11712124, 1502
11714344, 1502
11716567, 1502
11718791, 1502
11721011, 1502
11723232, 1502
11725456, 1502
11727674, 1502
11729893, 1502
11732113, 1502
11734333, 1502
11736553, 1502
11738775, 1502
11740996, 1502
11743215, 1502
11745435, 1502
11747652, 1502
11749872, 1502
11752092, 1502
11754312, 1502
11756531, 1502
11758752, 1502
11760975, 1502
11763195, 1502
11765415, 1502
11767635, 1502
11769854, 1502
11772075, 1502
11774295, 1502
11776515, 1502
11778735, 1502
11780955, 1501
11783175, 1502
11785394, 1502
11787618, 1502
11789838, 1502
11792058, 1502
11794281, 1502
11796502, 1502
11798722, 1502
11800947, 1503
11803167, 1503
11805386, 1503
11807605, 1503
11809827, 1503
11812045, 1503
11814267, 1503
11816490, 1503
11818711, 1503
11820934, 1504
11823154, 1504
11825374, 1504
11827597, 1504
11829817, 1504
11832036, 1504
11834256, 1504
11836476, 1504
11838697, 1504
11840917, 1504
11843142, 1504
11845362, 1504
11847582, 1504
11849807, 1504
11852031, 1504
11854252, 1504
11856472, 1504
11858690, 1504
11860910, 1504
11863130, 1504
11865351, 1504
11867569, 1504
11869788, 1504
11872008, 1504
11874228, 1504
11876448, 1505
11878673, 1505
11880893, 1505
11883113, 1505
11885333, 1504
11887554, 1505
11889773, 1505
11891992, 1505
11894211, 1505
11896432, 1505
11898652, 1504
11900874, 1504
11903099, 1504
11905319, 1504
11907543, 1504
11909767, 1504
11911987, 1504
11914207, 1504
11916427, 1504
11918651, 1504
11920870, 1504
11923091, 1504
11925312, 1504
11927533, 1504
11929752, 1504
11931977, 1504
11934202, 1504
11936424, 1504
11938648, 1504
11940873, 1504
11943096, 1504
11945314, 1504
11947534, 1504
11949759, 1504
11951982, 1504
11954203, 1504
11956422, 1504
11958643, 1504
11960867, 1504
11963090, 1504
11965306, 1504
11967523, 1504
11969741, 1504
11971962, 1504
11974182, 1504
11976406, 1505
11978631, 1505
11980852, 1505
11983069, 1505
11985290, 1505
11987506, 1505
11989725, 1505
11991946, 1505
11994165, 1505
11996386, 1505
11998605, 1505
12000831, 1504
12003050, 1504
12005271, 1504
12007491, 1504
12009713, 1504
12011936, 1504
12014157, 1504
12016378, 1504
12018597, 1504
12020816, 1504
12023036, 1504
12025256, 1504
12027476, 1504
12029695, 1504
12031915, 1504
12034137, 1504
12036358, 1503
12038579, 1503
12040799, 1503
12043020, 1503
12045244, 1503
12047466, 1503
12049687, 1503
12051907, 1503
12054127, 1503
12056346, 1503
12058566, 1503
12060786, 1503
12063007, 1503
12065227, 1503
12067446, 1503
12069665, 1503
12071890, 1503
12074112, 1503
12076332, 1503
12078552, 1503
12080774, 1503
12082993, 1503
12085212, 1503
12087433, 1503
12089653, 1503
12091878, 1503
12094097, 1503
12096317, 1503
12098539, 1503
12100760, 1503
12102980, 1503
12105199, 1503
12107418, 1503
12109643, 1503
12111868, 1503
12114092, 1503
12116314, 1503
12118534, 1503
12120755, 1503
12122976, 1503
12125197, 1503
12127418, 1503
12129638, 1503
12131857, 1503
12134077, 1503
12136296, 1503
12138517, 1503
12140737, 1503
12142956, 1503
12145175, 1503
12147400, 1503
12149621, 1503
12151841, 1503
12154062, 1503
12156280, 1503
12158501, 1503
12160720, 1504
12162941, 1504
12165161, 1504
12167380, 1504
12169604, 1504
12171829, 1504
12174049, 1504
12176273, 1504
12178499, 1504
12180721, 1504
12182941, 1504
12185161, 1504
12187385, 1504
12189606, 1504
12191826, 1504
12194050, 1503
12196274, 1503
12198495, 1503
12200718, 1503
12202942, 1504
12205162, 1504
12207381, 1504
12209601, 1504
12211821, 1504
12214043, 1504
12216263, 1504
12218483, 1504
12220702, 1504
12222922, 1504
12225143, 1504
12227363, 1504
12229587, 1504
12231808, 1503
12234035, 1503
12236257, 1503
12238477, 1504
12240699, 1504
12242918, 1504
12245138, 1504
12247357, 1504
12249580, 1504
12251805, 1504
12254026, 1504
12256243, 1504
12258462, 1504
12260682, 1504
12262902, 1504
12265123, 1504
12267343, 1504
12269563, 1504
12271783, 1504
12274003, 1504
12276227, 1504
12278449, 1504
12280672, 1504
12282896, 1504
12285118, 1503
12287338, 1503
12289555, 1503
12291777, 1503
12294001, 1503
12296225, 1503
12298449, 1503
12300670, 1503
12302892, 1503
12305110, 1503
12307329, 1503
12309549, 1503
12311776, 1503
12313999, 1503
12316219, 1503
12318438, 1503
12320658, 1503
12322878, 1503
12325098, 1503
12327318, 1503
12329539, 1503
12331758, 1503
12333977, 1503
12336197, 1503
12338418, 1503
12340641, 1503
12342861, 1503
12345080, 1503
12347300, 1503
12349521, 1503
12351741, 1503
12353962, 1503
12356184, 1503
12358404, 1503
12360626, 1503
12362846, 1503
12365069, 1503
12367289, 1503
12369510, 1504
12371730, 1504
12373950, 1504
12376171, 1504
12378388, 1504
12380603, 1504
12382825, 1504
12385050, 1504
12387273, 1504
12389498, 1504
12391718, 1504
12393937, 1504
12396156, 1504
12398376, 1504
12400597, 1504
12402817, 1503
12405037, 1503
12407256, 1503
12409477, 1503
12411692, 1503
12413916, 1503
12416140, 1503
12418360, 1502
12420579, 1502
12422799, 1502
12425018, 1502
12427239, 1502
12429463, 1502
12431682, 1502
12433901, 1502
12436126, 1502
12438350, 1502
12440574, 1502
12442796, 1502
12445015, 1502
12447236, 1502
12449454, 1502
12451674, 1502
12453896, 1502
12456116, 1502
12458334, 1502
12460555, 1502
12462774, 1502
12464994, 1502
12467219, 1502
12469439, 1502
12471658, 1502
12473881, 1502
12476106, 1502
12478332, 1502
12480552, 1502
12482771, 1502
12484991, 1502
12487212, 1503
12489434, 1503
12491654, 1502
12493874, 1503
12496093, 1503
12498314, 1503
12500538, 1503
12502757, 1503
12504978, 1503
12507197, 1503
12509419, 1503
12511640, 1503
12513860, 1503
12516080, 1503
12518300, 1503
12520519, 1503
12522741, 1503
12524965, 1503
12527186, 1503
12529406, 1503
12531626, 1503
12533845, 1503
12536070, 1503
12538291, 1503
12540511, 1503
12542730, 1503
12544951, 1503
12547170, 1503
12549393, 1503
12551613, 1503
12553834, 1503
12556058, 1503
12558278, 1504
12560499, 1504
12562719, 1504
12564939, 1504
12567159, 1504
12569379, 1504
12571600, 1503
12573820, 1503
12576040, 1503
12578259, 1503
12580479, 1503
12582699, 1503
12584923, 1503
12587147, 1503
12589369, 1503
12591594, 1503
12593817, 1503
12596039, 1503
12598262, 1503
12600488, 1503
12602708, 1503
12604927, 1503
12607146, 1503
12609366, 1503
12611583, 1503
12613804, 1503
12616023, 1504
12618242, 1504
12620464, 1504
12622683, 1504
12624902, 1504
12627121, 1504
12629341, 1504
12631560, 1504
12633780, 1504
12636000, 1503
12638218, 1503
12640444, 1503
12642667, 1503
12644886, 1503
12647105, 1503
12649324, 1504
12651544, 1504
12653769, 1504
12655989, 1504
12658212, 1504
12660437, 1504
12662657, 1504
12664877, 1504
12667097, 1504
12669317, 1504
12671539, 1504
12673759, 1504
12675977, 1504
12678197, 1504
12680417, 1504
12682636, 1503
12684856, 1503
12687080, 1503
12689301, 1503
12691522, 1503
12693741, 1503
12695961, 1503
12698181, 1503
12700406, 1503
12702630, 1503
12704851, 1503
12707070, 1503
12709290, 1503
12711510, 1503
12713731, 1503
12715951, 1503
12718169, 1503
12720387, 1502
12722608, 1502
12724828, 1502
12727048, 1502
12729268, 1502
12731487, 1502
12733707, 1502
12735927, 1502
12738146, 1502
12740370, 1502
12742596, 1502
12744819, 1502
12747042, 1501
12749263, 1501
12751483, 1501
12753703, 1501
12755923, 1501
12758142, 1501
12760361, 1501
12762582, 1501
12764806, 1501
12767028, 1501
12769247, 1501
12771466, 1501
12773690, 1501
12775916, 1501
12778136, 1501
12780357, 1501
12782576, 1501
12784795, 1501
12787015, 1501
12789237, 1501
12791461, 1501
12793685, 1501
12795904, 1501
12798123, 1501
12800347, 1501
12802568, 1501
12804788, 1501
12807008, 1501
12809230, 1501
12811449, 1501
12813673, 1501
12815899, 1501
12818122, 1501
12820343, 1502
12822564, 1502
12824788, 1502
12827009, 1502
12829229, 1502
12831454, 1502
12833675, 1502
12835897, 1502
12838122, 1502
12840343, 1502
12842562, 1502
12844782, 1502
12847001, 1503
12849221, 1503
12851441, 1503
12853662, 1503
12855881, 1503
12858101, 1503
12860324, 1503
12862546, 1504
12864766, 1504
12866984, 1504
12869203, 1504
12871422, 1504
12873642, 1504
12875862, 1504
12878082, 1504
12880302, 1504
12882521, 1504
12884745, 1504
12886966, 1504
12889189, 1504
12891407, 1504
12893625, 1504
12895845, 1504
12898067, 1504
12900288, 1504
12902508, 1504
12904728, 1503
12906945, 1503
12909167, 1503
12911387, 1503
12913612, 1503
12915833, 1503
12918052, 1503
12920273, 1503
12922494, 1503
12924719, 1503
12926943, 1503
12929163, 1503
12931382, 1503
12933602, 1503
12935822, 1503
12938047, 1503
12940269, 1503
12942488, 1503
12944706, 1503
12946922, 1503
12949141, 1503
12951361, 1503
12953581, 1503
12955802, 1503
12958024, 1503
12960248, 1503
12962469, 1503
12964689, 1503
12966907, 1503
12969126, 1503
12971346, 1503
12973566, 1503
12975786, 1503
12978006, 1503
12980230, 1503
12982450, 1503
12984672, 1503
12986892, 1503
12989112, 1503
12991333, 1503
12993554, 1503
12995774, 1503
12997996, 1503
13000217, 1503
13002441, 1503
13004659, 1503
13006876, 1502
13009095, 1502
13011316, 1502
13013536, 1502
13015756, 1502
13017977, 1502
13020193, 1502
13022414, 1502
13024637, 1502
13026859, 1502
13029082, 1502
13031301, 1502
13033519, 1502
13035742, 1502
13037966, 1502
13040188, 1502
13042409, 1502
13044628, 1502
13046847, 1502
13049067, 1502
13051287, 1502
13053507, 1502
13055727, 1501
13057945, 1501
13060164, 1501
13062385, 1501
13064605, 1501
13066825, 1501
13069045, 1501
13071264, 1501
13073482, 1501
13075703, 1501
13077924, 1501
13080149, 1501
13082373, 1501
13084592, 1501
13086813, 1501
13089032, 1501
13091255, 1501
13093475, 1501
13095697, 1501
13097917, 1501
13100137, 1502
13102358, 1502
13104579, 1502
13106798, 1502
13109017, 1502
13111237, 1502
13113458, 1502
13115682, 1502
13117903, 1503
13120121, 1503
13122341, 1503
13124561, 1503
13126781, 1503
13129001, 1503
13131220, 1503
13133439, 1504
13135659, 1504
13137879, 1504
13140104, 1504
13142325, 1504
13144543, 1504
13146763, 1504
13148985, 1504
13151205, 1504
13153426, 1504
13155651, 1504
13157874, 1504
13160096, 1504
13162314, 1504
13164540, 1504
13166760, 1504
13168981, 1504
13171199, 1504
13173422, 1504
13175645, 1504
13177866, 1504
13180085, 1504
13182304, 1504
13184527, 1504
13186748, 1504
13188971, 1504
13191191, 1504
13193412, 1504
13195632, 1504
13197850, 1504
13200074, 1504
13202295, 1504
13204515, 1504
13206738, 1504
13208958, 1504
13211177, 1503
13213397, 1503
13215621, 1503
13217846, 1503
13220070, 1503
13222289, 1503
13224509, 1503
13226729, 1503
13228953, 1502
13231179, 1502
13233401, 1502
13235622, 1502
13237842, 1502
13240062, 1502
13242286, 1502
13244504, 1502
13246723, 1502
13248946, 1502
13251166, 1502
13253385, 1502
13255606, 1502
13257826, 1502
13260045, 1502
13262266, 1502
13264486, 1502
13266707, 1502
13268927, 1502
13271146, 1502
13273367, 1502
13275587, 1502
13277809, 1502
13280031, 1502
13282253, 1502
13284478, 1502
13286703, 1502
13288924, 1502
13291145, 1502
13293365, 1502
13295586, 1502
13297805, 1502
13300026, 1502
13302252, 1502
13304476, 1502
13306696, 1502
13308915, 1502
13311135, 1502
13313355, 1502
13315575, 1501
13317796, 1501
13320019, 1501
13322242, 1501
13324463, 1501
13326684, 1501
13328904, 1501
13331124, 1501
13333347, 1501
13335568, 1501
13337790, 1501
13340010, 1501
13342231, 1501
13344454, 1501
13346673, 1501
13348894, 1501
13351117, 1501
13353338, 1502
13355557, 1502
13357778, 1502
13359997, 1502
13362217, 1502
13364437, 1502
13366657, 1502
13368875, 1502
13371094, 1502
13373318, 1502
13375541, 1502
13377764, 1502
13379983, 1502
13382203, 1502
13384419, 1502
13386639, 1502
13388859, 1502
13391078, 1502
13393298, 1502
13395518, 1502
13397737, 1502
13399957, 1502
13402177, 1502
13404397, 1502
13406622, 1502
13408840, 1502
13411060, 1502
13413281, 1502
13415501, 1502
13417723, 1502
13419944, 1502
13422168, 1502
13424386, 1502
13426606, 1502
13428826, 1502
13431045, 1503
13433264, 1503
13435486, 1503
13437707, 1503
13439928, 1503
13442148, 1503
13444367, 1503
13446583, 1503
13448803, 1503
13451023, 1503
13453240, 1503
13455457, 1503
13457677, 1503
13459896, 1503
13462116, 1503
13464336, 1503
13466556, 1502
13468777, 1502
13470996, 1502
13473219, 1502
13475440, 1502
13477660, 1502
13479881, 1502
13482100, 1502
13484319, 1502
13486543, 1502
13488767, 1502
13490987, 1502
13493207, 1502
13495426, 1502
13497650, 1502
13499870, 1502
13502090, 1502
13504315, 1502
13506538, 1503
13508759, 1503
13510979, 1503
13513199, 1503
13515416, 1503
13517636, 1503
13519855, 1503
13522079, 1503
13524300, 1502
13526521, 1502
13528741, 1502
13530961, 1502
13533184, 1502
13535404, 1502
13537626, 1502
13539846, 1503
13542066, 1503
13544286, 1503
13546505, 1503
13548724, 1503
13550945, 1503
13553165, 1503
13555385, 1503
13557605, 1503
13559824, 1503
13562045, 1503
13564265, 1503
13566485, 1503
13568705, 1503
13570928, 1503
13573147, 1503
13575368, 1503
13577588, 1503
13579808, 1503
13582033, 1503
13584251, 1503
13586469, 1503
13588689, 1503
13590909, 1503
13593130, 1503
13595344, 1503
13597563, 1503
13599783, 1503
13602004, 1503
13604223, 1503
13606442, 1503
13608661, 1503
13610881, 1503
13613103, 1502
13615327, 1502
13617548, 1502
13619764, 1502
13621983, 1502
13624203, 1502
13626425, 1502
13628645, 1502
13630865, 1502
13633086, 1502
13635304, 1502
13637525, 1502
13639743, 1502
13641964, 1502
13644184, 1502
13646403, 1502
13648628, 1502
13650848, 1502
13653069, 1502
13655288, 1502
13657507, 1501
13659729, 1501
13661952, 1501
13664173, 1501
13666393, 1501
13668616, 1501
13670836, 1500
13673056, 1500
13675278, 1500
13677499, 1500
13679719, 1500
13681940, 1500
13684158, 1500
13686381, 1500
13688601, 1499
13690824, 1500
13693048, 1500
13695273, 1500
13697495, 1500
13699715, 1500
13701935, 1500
13704160, 1500
13706382, 1500
13708600, 1500
13710823, 1500
13713047, 1500
13715266, 1500
13717487, 1500
13719708, 1500
13721927, 1501
13724147, 1501
13726372, 1501
13728591, 1501
13730811, 1501
13733030, 1501
13735249, 1501
13737469, 1501
13739689, 1501
13741915, 1501
13744134, 1501
13746356, 1501
13748577, 1501
13750794, 1501
13753015, 1501
13755235, 1501
13757454, 1501
13759673, 1501
13761893, 1502
13764113, 1502
13766337, 1502
13768557, 1502
13770774, 1502
13772993, 1502
13775213, 1502
13777437, 1502
13779661, 1502
13781882, 1502
13784103, 1502
13786321, 1502
13788545, 1502
13790769, 1502
13792988, 1502
13795207, 1502
13797426, 1502
13799647, 1502
13801867, 1502
13804088, 1503
13806307, 1503
13808529, 1503
13810748, 1503
13812968, 1503
13815193, 1503
13817418, 1503
13819634, 1504
13821854, 1504
13824080, 1504
13826301, 1504
13828522, 1504
13830742, 1504
13832961, 1504
13835184, 1504
13837404, 1504
13839624, 1504
13841844, 1504
13844062, 1504
13846281, 1504
13848497, 1504
13850722, 1504
13852943, 1504
13855163, 1504
13857386, 1504
13859607, 1504
13861827, 1504
13864048, 1504
13866268, 1504
13868490, 1504
13870711, 1504
13872930, 1504
13875151, 1504
13877370, 1504
13879590, 1504
13881814, 1503
13884034, 1503
13886254, 1503
13888474, 1503
13890694, 1503
13892915, 1503
13895134, 1503
13897352, 1503
13899572, 1503
13901793, 1503
13904016, 1503
13906240, 1503
13908461, 1503
13910679, 1503
13912899, 1503
13915118, 1503
13917338, 1503
13919558, 1503
13921777, 1502
13923997, 1502
13926217, 1502
13928437, 1502
13930657, 1502
13932879, 1502
13935104, 1502
13937328, 1501
13939550, 1501
13941770, 1501
13943992, 1501
13946211, 1501
13948428, 1501
13950651, 1501
13952876, 1500
13955101, 1500
13957323, 1500
13959543, 1500
13961764, 1500
13963984, 1500
13966204, 1500
13968424, 1500
13970643, 1500
13972862, 1500
13975081, 1500
13977301, 1500
13979521, 1500
13981739, 1500
13983958, 1500
13986178, 1500
13988399, 1500
13990619, 1500
13992840, 1500
13995060, 1500
13997278, 1500
13999497, 1501
14001718, 1501
14003936, 1501
14006161, 1501
14008380, 1501
14010599, 1501
14012819, 1501
14015039, 1500
14017257, 1500
14019477, 1500
14021697, 1500
14023917, 1501
14026137, 1501
14028358, 1501
14030578, 1501
14032794, 1501
14035015, 1501
14037235, 1501
14039456, 1501
14041679, 1501
14043904, 1501
14046130, 1501
14048354, 1501
14050574, 1501
14052793, 1502
14055014, 1502
14057234, 1502
14059456, 1502
14061675, 1502
14063896, 1502
14066116, 1502
14068333, 1502
14070552, 1503
14072772, 1503
14074995, 1503
14077215, 1503
14079435, 1503
14081659, 1503
14083879, 1503
14086100, 1503
14088320, 1503
14090540, 1503
14092760, 1504
14094981, 1504
14097199, 1504
14099418, 1504
14101639, 1504
14103858, 1504
14106084, 1504
14108304, 1504
14110524, 1504
14112744, 1504
14114966, 1504
14117186, 1504
14119407, 1504
14121627, 1504
14123846, 1505
14126064, 1505
14128283, 1505
14130503, 1505
14132723, 1505
14134943, 1504
14137163, 1504
14139382, 1504
14141599, 1504
14143819, 1504
14146038, 1504
14148259, 1504
14150478, 1504
14152698, 1504
14154918, 1504
14157139, 1504
14159359, 1504
14161577, 1504
14163798, 1504
14166018, 1504
14168236, 1503
14170456, 1503
14172679, 1503
14174899, 1503
14177123, 1503
14179348, 1503
14181568, 1502
14183787, 1502
14186006, 1502
14188226, 1502
14190449, 1502
14192673, 1502
14194893, 1501
14197113, 1501
14199334, 1501
14201559, 1501
14203785, 1501
14206007, 1501
14208228, 1501
14210450, 1501
14212671, 1501
14214891, 1501
14217112, 1501
14219332, 1501
14221552, 1500
14223772, 1500
14225992, 1500
14228212, 1500
14230437, 1500
14232658, 1500
14234880, 1500
14237100, 1500
14239320, 1500
14241540, 1500
14243760, 1500
14245979, 1500
14248199, 1500
14250421, 1500
14252642, 1500
14254866, 1500
14257085, 1500
14259306, 1500
14261526, 1500
14263746, 1500
14265967, 1500
14268191, 1500
14270414, 1500
14272638, 1500
14274857, 1500
14277077, 1500
14279298, 1500
14281518, 1501
14283742, 1501
14285961, 1501
14288179, 1501
14290399, 1501
14292619, 1501
14294839, 1501
14297058, 1501
14299277, 1501
14301498, 1501
14303721, 1501
14305946, 1501
14308166, 1501
14310386, 1501
14312605, 1501
14314829, 1501
14317051, 1501
14319271, 1501
14321491, 1501
14323710, 1501
14325929, 1501
14328150, 1501
14330370, 1501
14332590, 1501
14334811, 1501
14337033, 1501
14339258, 1501
14341479, 1501
14343699, 1501
14345922, 1502
14348146, 1502
14350372, 1502
14352593, 1502
14354813, 1502
14357033, 1502
14359252, 1502
14361472, 1502
14363692, 1502
14365912, 1502
14368136, 1502
14370357, 1502
14372576, 1502
14374793, 1502
14377016, 1502
14379242, 1502
14381463, 1502
14383682, 1502
14385901, 1502
14388121, 1502
14390341, 1502
14392563, 1502
14394784, 1502
14397006, 1502
14399226, 1502
14401446, 1502
14403667, 1502
14405887, 1502
14408104, 1502
14410324, 1502
14412548, 1502
14414769, 1502
14416989, 1502
14419210, 1502
14421429, 1503
14423653, 1503
14425874, 1503
14428095, 1503
14430315, 1503
14432535, 1503
14434754, 1503
14436973, 1503
14439196, 1503
14441418, 1503
14443636, 1503
14445854, 1503
14448074, 1503
14450294, 1503
14452514, 1503
14454734, 1503
14456954, 1503
14459176, 1503
14461396, 1503
14463621, 1503
14465845, 1503
14468070, 1503
14470288, 1503
14472507, 1503
14474725, 1504
14476946, 1504
14479164, 1504
14481386, 1503
14483608, 1503
14485826, 1503
14488051, 1503
14490273, 1503
14492491, 1503
14494716, 1503
14496939, 1503
14499158, 1503
14501377, 1503
14503596, 1503
14505816, 1503
14508036, 1503
14510253, 1503
14512476, 1503
14514695, 1503
14516916, 1503
14519136, 1503
14521355, 1503
14523574, 1503
14525794, 1503
14528014, 1503
14530234, 1502
14532454, 1502
14534674, 1502
14536893, 1502
14539114, 1502
14541334, 1502
14543554, 1502
14545774, 1502
14547993, 1502
14550213, 1502
14552433, 1502
14554653, 1502
14556874, 1502
14559092, 1502
14561316, 1501
14563536, 1501
14565755, 1501
14567977, 1501
14570202, 1501
14572425, 1501
14574643, 1501
14576863, 1500
14579085, 1500
14581305, 1500
14583524, 1500
14585743, 1500
14587963, 1500
14590183, 1500
14592406, 1500
14594626, 1500
14596845, 1500
14599064, 1499
14601284, 1499
14603505, 1499
14605725, 1499
14607945, 1499
14610164, 1500
14612384, 1500
14614607, 1500
14616831, 1500
14619052, 1500
14621271, 1500
14623491, 1500
14625711, 1500
14627931, 1500
14630151, 1500
14632370, 1500
14634589, 1500
14636809, 1500
14639030, 1500
14641248, 1500
14643470, 1500
14645689, 1500
14647909, 1500
14650133, 1500
14652353, 1501
14654575, 1501
14656795, 1501
14659014, 1501
14661233, 1501
14663452, 1501
14665673, 1501
14667893, 1502
14670113, 1502
14672332, 1502
14674551, 1502
14676772, 1502
14678992, 1502
14681213, 1502
14683432, 1502
14685654, 1502
14687875, 1502
14690095, 1502
14692317, 1502
14694539, 1503
14696762, 1503
14698982, 1503
14701200, 1503
14703421, 1503
14705641, 1503
14707861, 1502
14710079, 1502
14712299, 1502
14714519, 1502
14716739, 1502
14718960, 1502
14721183, 1502
14723402, 1502
14725621, 1502
14727841, 1502
14730061, 1503
14732282, 1503
14734501, 1503
14736720, 1503
14738945, 1503
14741165, 1503
14743385, 1503
14745605, 1503
14747824, 1503
14750044, 1503
14752265, 1503
14754485, 1503
14756705, 1503
14758929, 1503
14761148, 1503
14763369, 1503
14765589, 1503
14767809, 1503
14770030, 1503
14772249, 1503
14774468, 1503
14776688, 1503
14778908, 1503
14781128, 1503
14783348, 1503
14785569, 1503
14787788, 1503
14790008, 1503
14792229, 1503
14794451, 1503
14796670, 1503
14798893, 1503
14801115, 1503
14803333, 1502
14805554, 1502
14807774, 1502
14809993, 1502
14812212, 1502
14814432, 1502
14816650, 1502
14818870, 1502
14821094, 1502
14823314, 1502
14825533, 1502
14827753, 1502
14829973, 1501
14832193, 1501
14834412, 1501
14836631, 1501
14838851, 1501
14841071, 1501
14843291, 1501
14845511, 1501
14847732, 1501
14849952, 1501
14852173, 1501
14854397, 1501
14856617, 1501
14858838, 1501
14861057, 1501
14863277, 1500
14865497, 1500
14867721, 1500
14869941, 1500
14872164, 1500
14874387, 1500
14876609, 1500
14878831, 1500
14881051, 1500
14883272, 1500
14885488, 1500
14887707, 1500
14889928, 1500
14892153, 1500
14894372, 1500
14896593, 1500
14898812, 1500
14901035, 1500
14903257, 1500
14905477, 1500
14907697, 1500
14909915, 1500
14912135, 1500
14914354, 1500
14916580, 1500
14918800, 1500
14921023, 1500
14923244, 1500
14925463, 1500
14927682, 1500
14929902, 1500
14932125, 1500
14934345, 1500
14936565, 1500
14938782, 1500
14941004, 1500
14943224, 1500
14945442, 1501
14947660, 1501
14949879, 1501
14952104, 1501
14954322, 1501
14956548, 1501
14958772, 1501
14960995, 1501
14963217, 1501
14965435, 1501
14967656, 1501
14969876, 1501
14972097, 1502
14974315, 1502
14976535, 1502
14978760, 1502
14980985, 1502
14983210, 1502
14985433, 1502
14987654, 1503
14989875, 1503
14992095, 1503
14994318, 1503
14996538, 1503
14998757, 1503
15000977, 1503
15003202, 1503
15005426, 1503
15007646, 1503
15009866, 1503
15012085, 1503
15014306, 1503
15016525, 1503
15018745, 1503
15020965, 1503
15023187, 1503
15025406, 1503
15027627, 1503
15029847, 1503
15032073, 1503
15034293, 1503
15036511, 1503
15038735, 1503
15040956, 1503
15043176, 1503
15045397, 1503
15047616, 1504
15049836, 1504
15052060, 1504
15054286, 1504
15056510, 1504
15058731, 1504
15060950, 1504
15063169, 1504
15065389, 1504
15067609, 1504
15069829, 1504
15072054, 1503
15074278, 1503
15076501, 1503
15078723, 1503
15080948, 1503
15083168, 1502
15085388, 1502
15087607, 1502
15089830, 1502
15092053, 1502
15094277, 1502
15096502, 1501
15098725, 1501
15100945, 1501
15103165, 1501
15105385, 1501
15107605, 1501
15109824, 1501
15112044, 1501
15114264, 1501
15116483, 1501
15118704, 1501
15120924, 1501
15123143, 1500
15125362, 1500
15127586, 1500
15129808, 1500
15132028, 1500
15134247, 1500
15136465, 1500
15138686, 1500
15140906, 1500
15143128, 1500
15145349, 1500
15147568, 1500
15149787, 1500
15152007, 1500
15154228, 1500
15156449, 1501
15158671, 1501
15160890, 1501
15163109, 1501
15165334, 1501
15167559, 1501
15169782, 1501
15172003, 1501
15174225, 1501
15176446, 1501
15178672, 1501
15180893, 1501
15183118, 1501
15185338, 1501
15187562, 1501
15189786, 1501
15192010, 1501
15194235, 1501
15196455, 1501
15198677, 1501
15200898, 1501
15203118, 1501
15205338, 1501
15207558, 1501
15209780, 1501
15212000, 1501
15214220, 1501
15216441, 1501
15218662, 1501
15220886, 1501
15223105, 1501
15225329, 1500
15227553, 1500
15229778, 1500
15232002, 1500
15234223, 1500
15236442, 1500
15238662, 1500
15240882, 1500
15243102, 1500
15245326, 1500
15247550, 1500
15249770, 1501
15251990, 1501
15254210, 1501
15256431, 1501
15258651, 1501
15260870, 1501
15263093, 1501
15265316, 1501
15267539, 1501
15269762, 1501
15271983, 1501
15274202, 1501
15276422, 1501
15278642, 1501
15280862, 1502
15283082, 1502
15285302, 1502
15287524, 1502
15289746, 1502
15291966, 1502
15294191, 1502
15296414, 1502
15298635, 1502
15300854, 1502
15303075, 1502
15305295, 1502
15307517, 1502
15309741, 1502
15311962, 1502
15314182, 1502
15316402, 1502
15318622, 1502
15320843, 1502
15323062, 1502
15325281, 1502
15327501, 1502
15329721, 1502
15331941, 1502
15334161, 1502
15336385, 1502
15338607, 1502
15340828, 1502
15343049, 1502
15345269, 1503
15347488, 1503
15349707, 1503
15351926, 1503
15354147, 1503
15356372, 1503
15358594, 1503
15360813, 1503
15363033, 1503
15365252, 1503
15367473, 1503
15369693, 1503
15371913, 1503
15374133, 1503
15376354, 1503
15378574, 1503
15380794, 1503
15383016, 1503
15385236, 1503
15387456, 1503
15389676, 1503
15391895, 1503
15394116, 1503
15396334, 1503
15398553, 1503
15400772, 1503
15402993, 1503
15405216, 1503
15407439, 1503
15409659, 1502
15411878, 1502
15414100, 1502
15416325, 1502
15418546, 1502
15420767, 1502
15422986, 1502
15425206, 1502
15427424, 1502
15429646, 1502
15431871, 1502
15434090, 1502
15436312, 1501
15438532, 1501
15440752, 1501
15442973, 1501
15445192, 1501
15447412, 1501
15449631, 1501
15451851, 1501
15454072, 1501
15456294, 1501
15458518, 1501
15460739, 1501
15462958, 1501
15465177, 1501
15467398, 1501
15469618, 1501
15471838, 1501
15474057, 1501
15476279, 1501
15478502, 1501
15480726, 1501
15482947, 1501
15485171, 1501
15487395, 1501
15489617, 1501
15491837, 1501
15494057, 1501
15496276, 1501
15498495, 1501
15500714, 1501
15502937, 1501
15505157, 1501
15507377, 1501
15509597, 1501
15511817, 1501
15514036, 1501
15516256, 1501
15518477, 1501
15520698, 1501
15522917, 1501
15525138, 1500
15527358, 1500
15529577, 1500
15531798, 1500
15534018, 1500
15536243, 1500
15538463, 1500
15540683, 1500
15542903, 1500
15545123, 1500
15547342, 1500
15549561, 1500
15551780, 1500
15554001, 1500
15556220, 1500
15558445, 1499
15560666, 1499
15562885, 1499
15565105, 1499
15567325, 1499
15569548, 1499
15571769, 1499
15573992, 1499
15576212, 1499
15578433, 1499
15580650, 1499
15582875, 1499
15585098, 1499
15587319, 1499
15589539, 1500
15591759, 1500
15593979, 1500
15596202, 1500
15598421, 1500
15600644, 1500
15602868, 1500
15605092, 1501
15607313, 1501
15609537, 1501
15611759, 1501
15613983, 1501
15616208, 1501
15618432, 1501
15620656, 1502
15622877, 1502
15625101, 1502
15627322, 1502
15629542, 1502
15631762, 1502
15633982, 1502
15636201, 1502
15638420, 1502
15640640, 1502
15642863, 1502
15645084, 1502
15647304, 1503
15649525, 1503
15651746, 1503
15653966, 1503
15656186, 1503
15658406, 1503
15660626, 1503
15662844, 1503
15665064, 1503
15667284, 1503
15669503, 1503
15671723, 1503
15673942, 1503
15676165, 1503
15678390, 1503
15680610, 1503
15682834, 1503
15685053, 1503
15687272, 1503
15689494, 1503
15691718, 1503
15693944, 1503
15696168, 1503
15698387, 1503
15700607, 1503
15702827, 1503
15705050, 1503
15707274, 1503
15709495, 1503
15711717, 1503
15713936, 1503
15716157, 1503
15718377, 1503
15720597, 1502
15722816, 1502
15725041, 1502
15727264, 1502
15729489, 1502
15731713, 1502
15733932, 1502
15736152, 1502
15738369, 1502
15740589, 1502
15742809, 1502
15745026, 1502
15747249, 1502
15749467, 1502
15751686, 1501
15753906, 1501
15756126, 1501
15758347, 1501
15760566, 1501
15762785, 1501
15765006, 1501
15767231, 1501
15769451, 1502
15771675, 1502
15773894, 1502
15776112, 1501
15778335, 1501
15780558, 1501
15782779, 1501
15784999, 1501
15787217, 1501
15789436, 1501
15791656, 1501
15793876, 1501
15796097, 1501
15798316, 1501
15800535, 1501
15802755, 1501
15804976, 1501
15807198, 1501
15809420, 1501
15811644, 1500
15813868, 1500
15816089, 1500
15818309, 1500
15820529, 1500
15822750, 1500
15824969, 1500
15827189, 1500
15829409, 1500
15831630, 1500
15833851, 1500
15836075, 1500
15838292, 1500
15840512, 1500
15842732, 1500
15844951, 1501
15847173, 1501
15849392, 1501
15851614, 1501
15853835, 1501
15856055, 1501
15858276, 1501
15860494, 1501
15862715, 1501
15864935, 1501
15867159, 1501
15869379, 1501
15871599, 1501
15873818, 1500
15876038, 1500
15878258, 1500
15880478, 1500
15882699, 1500
15884920, 1500
15887139, 1500
15889359, 1500
15891581, 1500
15893806, 1501
15896023, 1501
15898241, 1501
15900458, 1501
15902682, 1501
15904903, 1501
15907123, 1501
15909343, 1501
15911562, 1501
15913782, 1501
15916002, 1501
15918222, 1501
15920443, 1501
15922665, 1501
15924888, 1501
15927113, 1501
15929338, 1501
15931560, 1501
15933777, 1501
15935996, 1501
15938215, 1501
15940435, 1501
15942655, 1501
15944877, 1501
15947098, 1501
15949317, 1501
15951539, 1501
15953759, 1501
15955978, 1501
15958198, 1501
15960416, 1501
15962635, 1501
15964854, 1501
15967078, 1501
15969299, 1501
15971520, 1501
15973740, 1501
15975960, 1501
15978180, 1501
15980400, 1501
15982626, 1501
15984847, 1501
15987069, 1501
15989291, 1501
15991515, 1502
15993735, 1502
15995955, 1502
15998174, 1502
16000394, 1502
16002615, 1502
16004835, 1502
16007059, 1502
16009279, 1502
16011504, 1502
16013725, 1502
16015948, 1502
16018168, 1502
16020392, 1502
16022612, 1502
16024831, 1502
16027051, 1502
16029268, 1502
16031489, 1502
16033709, 1502
16035929, 1502
16038149, 1502
16040370, 1502
16042590, 1502
16044814, 1502
16047038, 1502
16049258, 1502
16051477, 1502
16053697, 1502
16055917, 1502
16058137, 1501
16060357, 1501
16062580, 1501
16064799, 1501
16067019, 1501
16069239, 1501
16071459, 1501
16073679, 1501
16075898, 1501
16078118, 1501
16080339, 1501
16082559, 1501
16084783, 1501
16087003, 1501
16089221, 1501
16091442, 1501
16093662, 1501
16095883, 1501
16098106, 1501
16100324, 1501
16102545, 1501
16104765, 1501
16106985, 1501
16109206, 1501
16111425, 1501
16113642, 1501
16115865, 1501
16118086, 1501
16120306, 1501
16122525, 1501
16124744, 1501
16126963, 1501
16129185, 1501
16131405, 1501
16133625, 1501
16135844, 1501
16138063, 1500
16140283, 1500
16142503, 1500
16144723, 1500
16146942, 1500
16149160, 1500
16151380, 1500
16153603, 1500
16155824, 1500
16158048, 1500
16160270, 1501
16162488, 1501
16164707, 1501
16166931, 1501
16169151, 1501
16171371, 1501
16173590, 1501
16175813, 1501
16178037, 1501
16180258, 1501
16182480, 1500
16184700, 1500
16186919, 1500
16189140, 1500
16191358, 1500
16193578, 1500
16195798, 1500
16198018, 1500
16200239, 1500
16202461, 1500
16204681, 1500
16206901, 1500
16209121, 1500
16211340, 1500
16213559, 1500
16215784, 1500
16218004, 1500
16220225, 1500
16222445, 1500
16224664, 1500
16226883, 1500
16229102, 1500
16231324, 1501
16233545, 1501
16235765, 1501
16237985, 1501
16240205, 1501
16242425, 1501
16244645, 1501
16246865, 1501
16249084, 1501
16251305, 1501
16253525, 1501
16255745, 1501
16257966, 1501
16260186, 1501
16262405, 1501
16264624, 1502
16266845, 1502
16269066, 1502
16271286, 1502
16273506, 1502
16275724, 1502
16277947, 1502
16280167, 1502
16282386, 1502
16284609, 1502
16286828, 1503
16289047, 1503
16291269, 1503
16293492, 1503
16295712, 1503
16297933, 1503
16300152, 1503
16302371, 1503
16304592, 1503
16306812, 1503
16309032, 1503
16311251, 1503
16313470, 1503
16315690, 1503
16317910, 1504
16320133, 1504
16322350, 1504
16324574, 1504
16326793, 1504
16329014, 1504
16331235, 1504
16333458, 1504
16335678, 1504
16337897, 1503
16340113, 1503
16342337, 1503
16344559, 1503
16346779, 1503
16349000, 1503
16351219, 1503
16353439, 1503
16355658, 1503
16357882, 1503
16360103, 1503
16362320, 1503
16364538, 1503
16366759, 1503
16368979, 1503
16371202, 1503
16373421, 1503
16375640, 1503
16377862, 1503
16380081, 1502
16382304, 1502
16384527, 1502
16386751, 1502
16388970, 1502
16391190, 1502
16393410, 1502
16395631, 1502
16397851, 1502
16400070, 1502
16402294, 1502
16404514, 1502
16406737, 1501
16408957, 1501
16411176, 1501
16413395, 1501
16415616, 1501
16417835, 1501
16420056, 1500
16422276, 1500
16424495, 1500
16426714, 1500
16428934, 1500
16431157, 1500
16433378, 1500
16435598, 1500
16437817, 1500
16440041, 1500
16442265, 1500
16444485, 1500
16446705, 1500
16448925, 1500
16451145, 1500
16453365, 1499
16455586, 1499
16457806, 1499
16460027, 1499
16462246, 1499
16464465, 1499
16466686, 1499
16468905, 1499
16471126, 1499
16473350, 1499
16475572, 1499
16477791, 1499
16480011, 1498
16482231, 1498
16484451, 1499
16486670, 1499
16488887, 1499
16491112, 1499
16493330, 1499
16495555, 1499
16497780, 1498
16499999, 1498
16502221, 1498
16504441, 1498
16506662, 1498
16508885, 1499
16511105, 1499
16513324, 1499
16515543, 1499
16517763, 1499
16519983, 1499
16522205, 1499
16524424, 1499
16526641, 1499
16528861, 1499
16531086, 1499
16533306, 1499
16535528, 1500
16537745, 1500
16539968, 1500
16542190, 1500
16544410, 1500
16546630, 1500
16548849, 1500
16551072, 1500
16553297, 1500
16555518, 1501
16557738, 1501
16559960, 1501
16562179, 1501
16564403, 1501
16566628, 1501
16568848, 1502
16571068, 1502
16573288, 1502
16575508, 1502
16577726, 1502
16579945, 1503
16582170, 1503
16584390, 1503
16586608, 1503
16588828, 1503
16591048, 1503
16593272, 1503
16595492, 1503
16597715, 1503
16599934, 1503
16602154, 1503
16604378, 1503
16606598, 1504
16608818, 1504
16611039, 1504
16613258, 1504
16615479, 1504
16617704, 1504
16619925, 1504
16622145, 1504
16624369, 1504
16626592, 1504
16628814, 1504
16631034, 1504
16633254, 1504
16635474, 1504
16637693, 1504
16639912, 1504
16642132, 1504
16644352, 1504
16646573, 1504
16648793, 1504
16651013, 1504
16653232, 1504
16655451, 1504
16657672, 1504
16659894, 1503
16662113, 1503
16664332, 1503
16666550, 1503
16668771, 1503
16670991, 1503
16673211, 1502
16675429, 1502
16677653, 1502
16679873, 1502
16682098, 1502
16684318, 1502
16686538, 1502
16688757, 1502
16690977, 1502
16693197, 1501
16695418, 1501
16697642, 1501
16699863, 1501
16702084, 1501
16704308, 1500
16706532, 1500
16708756, 1500
16710976, 1500
16713195, 1499
16715414, 1499
16717634, 1499
16719854, 1499
16722074, 1499
16724294, 1498
16726512, 1498
16728734, 1498
16730958, 1498
16733178, 1498
16735399, 1498
16737621, 1498
16739842, 1498
16742062, 1498
16744287, 1498
16746508, 1498
16748728, 1498
16750946, 1498
16753167, 1498
16755392, 1498
16757614, 1498
16759834, 1498
16762053, 1498
16764272, 1498
16766492, 1498
16768712, 1498
16770932, 1498
16773154, 1498
16775373, 1499
16777593, 1499
16779813, 1499
16782033, 1499
16784253, 1499
16786473, 1499
16788692, 1499
16790913, 1499
16793133, 1500
16795353, 1500
16797572, 1500
16799792, 1500
16802011, 1500
16804230, 1500
16806454, 1500
16808679, 1500
16810900, 1500
16813121, 1500
16815341, 1500
16817561, 1501
16819781, 1501
16822002, 1501
16824222, 1501
16826443, 1501
16828663, 1501
16830886, 1501
16833109, 1501
16835328, 1501
16837544, 1501
16839765, 1501
16841991, 1501
16844211, 1502
16846432, 1502
16848652, 1502
16850871, 1502
16853090, 1502
16855310, 1502
16857534, 1502
16859755, 1502
16861980, 1502
16864204, 1502
16866427, 1502
16868647, 1502
16870867, 1502
16873088, 1502
16875309, 1502
16877528, 1502
16879748, 1502
16881968, 1502
16884192, 1502
16886410, 1502
16888630, 1503
16890849, 1503
16893070, 1503
16895291, 1503
16897511, 1503
16899726, 1503
16901945, 1503
16904165, 1503
16906388, 1503
16908614, 1503
16910834, 1503
16913053, 1503
16915272, 1503
16917492, 1503
16919712, 1503
16921933, 1503
16924154, 1503
16926377, 1502
16928597, 1502
16930817, 1502
16933038, 1502
16935258, 1502
16937478, 1502
16939697, 1502
16941917, 1503
16944137, 1503
16946356, 1503
16948577, 1503
16950796, 1503
16953016, 1503
16955236, 1503
16957455, 1503
16959675, 1503
16961899, 1503
16964124, 1503
16966344, 1503
16968564, 1503
16970785, 1503
16973005, 1503
16975226, 1503
16977443, 1503
16979663, 1503
16981886, 1503
16984107, 1503
16986330, 1503
16988549, 1503
16990767, 1503
16992993, 1503
16995218, 1503
16997438, 1503
16999658, 1502
17001879, 1502
17004105, 1502
17006326, 1502
17008550, 1502
17010770, 1502
17012990, 1502
17015211, 1502
17017431, 1502
17019652, 1501
17021878, 1501
17024100, 1501
17026319, 1501
17028538, 1500
17030759, 1500
17032979, 1500
17035199, 1500
17037419, 1500
17039635, 1500
17041854, 1500
17044073, 1500
17046293, 1499
17048517, 1499
17050737, 1499
17052957, 1499
17055178, 1499
17057399, 1499
17059619, 1499
17061839, 1499
17064058, 1499
17066277, 1499
17068502, 1499
17070722, 1499
17072943, 1499
17075162, 1499
17077381, 1499
17079601, 1499
17081826, 1498
17084043, 1498
17086263, 1498
17088483, 1498
17090703, 1498
17092922, 1498
17095142, 1498
17097366, 1498
17099585, 1498
17101804, 1498
17104023, 1498
17106243, 1498
17108464, 1498
17110684, 1498
17112900, 1499
17115120, 1499
17117340, 1499
17119560, 1499
17121779, 1499
17124005, 1499
17126227, 1499
17128446, 1499
17130670, 1499
17132890, 1499
17135110, 1500
17137329, 1500
17139554, 1500
17141774, 1500
17143997, 1500
17146222, 1500
17148446, 1500
17150664, 1500
17152883, 1500
17155104, 1501
17157324, 1501
17159544, 1501
17161764, 1501
17163984, 1501
17166203, 1501
17168427, 1501
17170651, 1501
17172871, 1502
17175090, 1502
17177310, 1502
17179531, 1502
17181751, 1502
17183971, 1502
17186192, 1502
17188417, 1502
17190641, 1502
17192861, 1502
17195085, 1502
17197305, 1502
17199525, 1502
17201744, 1502
17203963, 1502
17206182, 1502
17208406, 1502
17210632, 1502
17212851, 1503
17215070, 1503
17217294, 1502
17219515, 1502
17221735, 1502
17223953, 1502
17226171, 1502
17228393, 1502
17230613, 1502
17232834, 1502
17235054, 1502
17237277, 1502
17239502, 1502
17241722, 1502
17243942, 1502
17246167, 1502
17248393, 1502
17250613, 1502
17252832, 1502
17255057, 1502
17257282, 1502
17259505, 1502
17261724, 1502
17263943, 1503
17266161, 1503
17268385, 1503
17270608, 1503
17272828, 1502
17275048, 1502
17277267, 1502
17279486, 1502
17281706, 1502
17283926, 1502
17286146, 1502
17288368, 1502
17290592, 1502
17292812, 1502
17295032, 1501
17297253, 1501
17299473, 1501
17301692, 1501
17303912, 1501
17306136, 1501
17308357, 1501
17310578, 1501
17312797, 1501
17315016, 1501
17317236, 1501
17319457, 1501
17321676, 1501
17323897, 1501
17326116, 1501
17328335, 1500
17330558, 1500
17332779, 1500
17334999, 1500
17337220, 1500
17339443, 1500
17341662, 1500
17343883, 1500
17346106, 1500
17348329, 1500
17350549, 1500
17352768, 1500
17354993, 1500
17357217, 1500
17359438, 1500
17361658, 1500
17363876, 1500
17366098, 1500
17368316, 1500
17370537, 1500
17372757, 1500
17374975, 1500
17377194, 1500
17379418, 1499
17381643, 1499
17383864, 1499
17386083, 1499
17388302, 1499
17390524, 1499
17392747, 1499
17394967, 1499
17397189, 1499
17399409, 1499
17401628, 1499
17403847, 1500
17406067, 1500
17408287, 1500
17410508, 1500
17412724, 1500
17414946, 1500
17417167, 1500
17419387, 1500
17421607, 1500
17423830, 1500
17426054, 1500
17428277, 1500
17430496, 1501
17432718, 1501
17434939, 1501
17437158, 1501
17439377, 1501
17441596, 1501
17443816, 1501
17446036, 1501
17448255, 1501
17450474, 1501
17452694, 1501
17454914, 1501
17457134, 1501
17459354, 1501
17461576, 1501
17463795, 1501
17466014, 1501
17468231, 1501
17470455, 1501
17472678, 1502
17474898, 1502
17477120, 1502
17479342, 1502
17481562, 1502
17483782, 1502
17486003, 1502
17488222, 1502
17490441, 1502
17492662, 1502
17494882, 1502
17497102, 1502
17499322, 1502
17501545, 1502
17503766, 1502
17505988, 1502
17508208, 1502
17510428, 1502
17512649, 1502
17514870, 1502
17517095, 1502
17519315, 1502
17521536, 1502
17523759, 1502
17525982, 1502
17528208, 1501
17530429, 1501
17532650, 1501
17534872, 1501
17537095, 1501
17539317, 1501
17541536, 1501
17543756, 1501
17545977, 1500
17548195, 1500
17550415, 1500
17552634, 1500
17554859, 1501
17557081, 1501
17559302, 1501
17561526, 1501
17563745, 1501
17565964, 1500
17568185, 1500
17570405, 1500
17572624, 1500
17574844, 1500
17577064, 1500
17579285, 1500
17581509, 1500
17583733, 1500
17585958, 1500
17588182, 1500
17590402, 1500
17592622, 1500
17594845, 1500
17597065, 1500
17599285, 1500
17601505, 1500
17603724, 1500
17605945, 1500
17608165, 1500
17610385, 1500
17612604, 1500
17614822, 1500
17617041, 1500
17619261, 1500
17621481, 1500
17623701, 1500
17625921, 1500
17628140, 1500
17630364, 1500
17632588, 1500
17634809, 1500
17637026, 1500
17639244, 1500
17641463, 1500
17643683, 1500
17645903, 1500
17648122, 1501
17650342, 1501
17652560, 1501
17654775, 1501
17656998, 1501
17659216, 1501
17661439, 1501
17663658, 1501
17665877, 1501
17668095, 1501
17670316, 1501
17672535, 1502
17674755, 1502
17676974, 1502
17679193, 1502
17681414, 1502
17683634, 1502
17685854, 1502
17688074, 1502
17690296, 1503
17692513, 1503
17694733, 1503
17696953, 1503
17699174, 1503
17701393, 1503
17703611, 1503
17705832, 1503
17708053, 1503
17710273, 1503
17712493, 1503
17714717, 1503
17716937, 1503
17719161, 1503
17721382, 1503
17723602, 1502
17725822, 1502
17728044, 1502
17730264, 1502
17732485, 1502
17734710, 1502
17736930, 1502
17739149, 1501
17741364, 1501
17743585, 1501
17745806, 1501
17748028, 1501
17750248, 1501
17752467, 1501
17754682, 1501
17756907, 1501
17759127, 1501
17761347, 1501
17763566, 1501
17765785, 1500
17768005, 1500
17770225, 1500
17772444, 1500
17774670, 1500
17776892, 1500
17779117, 1500
17781338, 1500
17783559, 1500
1